<?xml version="1.0" encoding="UTF-8"?>
<testsuites>
  <testsuite name="" tests="119" assertions="375" errors="0" warnings="0" failures="0" skipped="0" time="1.901867">
    <testsuite name="Project Test Suite" tests="119" assertions="375" errors="0" warnings="0" failures="0" skipped="0" time="1.901867">
      <testsuite name="App\Tests\Cards\CardGraphicTest" file="/home/ubuntu/dbwebbkurser/mvc/me/report/tests/Cards/CardGraphicTest.php" tests="3" assertions="9" errors="0" warnings="0" failures="0" skipped="0" time="0.010534">
        <testcase name="testCreateObject" class="App\Tests\Cards\CardGraphicTest" classname="App.Tests.Cards.CardGraphicTest" file="/home/ubuntu/dbwebbkurser/mvc/me/report/tests/Cards/CardGraphicTest.php" line="21" assertions="2" time="0.009301"/>
        <testcase name="testGetFunctions" class="App\Tests\Cards\CardGraphicTest" classname="App.Tests.Cards.CardGraphicTest" file="/home/ubuntu/dbwebbkurser/mvc/me/report/tests/Cards/CardGraphicTest.php" line="37" assertions="3" time="0.000829"/>
        <testcase name="testSetFunctions" class="App\Tests\Cards\CardGraphicTest" classname="App.Tests.Cards.CardGraphicTest" file="/home/ubuntu/dbwebbkurser/mvc/me/report/tests/Cards/CardGraphicTest.php" line="58" assertions="4" time="0.000403"/>
      </testsuite>
      <testsuite name="App\Tests\Cards\CardHandTest" file="/home/ubuntu/dbwebbkurser/mvc/me/report/tests/Cards/CardHandTest.php" tests="3" assertions="8" errors="0" warnings="0" failures="0" skipped="0" time="0.001765">
        <testcase name="testCreateObject" class="App\Tests\Cards\CardHandTest" classname="App.Tests.Cards.CardHandTest" file="/home/ubuntu/dbwebbkurser/mvc/me/report/tests/Cards/CardHandTest.php" line="22" assertions="2" time="0.000916"/>
        <testcase name="testAddCard" class="App\Tests\Cards\CardHandTest" classname="App.Tests.Cards.CardHandTest" file="/home/ubuntu/dbwebbkurser/mvc/me/report/tests/Cards/CardHandTest.php" line="38" assertions="1" time="0.000446"/>
        <testcase name="testGetFunctions" class="App\Tests\Cards\CardHandTest" classname="App.Tests.Cards.CardHandTest" file="/home/ubuntu/dbwebbkurser/mvc/me/report/tests/Cards/CardHandTest.php" line="56" assertions="5" time="0.000403"/>
      </testsuite>
      <testsuite name="App\Tests\Cards\CardTest" file="/home/ubuntu/dbwebbkurser/mvc/me/report/tests/Cards/CardTest.php" tests="3" assertions="9" errors="0" warnings="0" failures="0" skipped="0" time="0.001080">
        <testcase name="testCreateObject" class="App\Tests\Cards\CardTest" classname="App.Tests.Cards.CardTest" file="/home/ubuntu/dbwebbkurser/mvc/me/report/tests/Cards/CardTest.php" line="21" assertions="2" time="0.000387"/>
        <testcase name="testGetFunctions" class="App\Tests\Cards\CardTest" classname="App.Tests.Cards.CardTest" file="/home/ubuntu/dbwebbkurser/mvc/me/report/tests/Cards/CardTest.php" line="38" assertions="3" time="0.000336"/>
        <testcase name="testSetFunctions" class="App\Tests\Cards\CardTest" classname="App.Tests.Cards.CardTest" file="/home/ubuntu/dbwebbkurser/mvc/me/report/tests/Cards/CardTest.php" line="59" assertions="4" time="0.000356"/>
      </testsuite>
      <testsuite name="App\Tests\Cards\DeckOfCardsTest" file="/home/ubuntu/dbwebbkurser/mvc/me/report/tests/Cards/DeckOfCardsTest.php" tests="3" assertions="10" errors="0" warnings="0" failures="0" skipped="0" time="0.010429">
        <testcase name="testCreateObject" class="App\Tests\Cards\DeckOfCardsTest" classname="App.Tests.Cards.DeckOfCardsTest" file="/home/ubuntu/dbwebbkurser/mvc/me/report/tests/Cards/DeckOfCardsTest.php" line="22" assertions="2" time="0.001510"/>
        <testcase name="testDeckManipulation" class="App\Tests\Cards\DeckOfCardsTest" classname="App.Tests.Cards.DeckOfCardsTest" file="/home/ubuntu/dbwebbkurser/mvc/me/report/tests/Cards/DeckOfCardsTest.php" line="38" assertions="2" time="0.005030"/>
        <testcase name="testDrawCard" class="App\Tests\Cards\DeckOfCardsTest" classname="App.Tests.Cards.DeckOfCardsTest" file="/home/ubuntu/dbwebbkurser/mvc/me/report/tests/Cards/DeckOfCardsTest.php" line="57" assertions="6" time="0.003888"/>
      </testsuite>
      <testsuite name="App\Tests\Controller\BaseControllerTest" file="/home/ubuntu/dbwebbkurser/mvc/me/report/tests/Controller/BaseControllerTest.php" tests="5" assertions="10" errors="0" warnings="0" failures="0" skipped="0" time="0.312760">
        <testcase name="testHome" class="App\Tests\Controller\BaseControllerTest" classname="App.Tests.Controller.BaseControllerTest" file="/home/ubuntu/dbwebbkurser/mvc/me/report/tests/Controller/BaseControllerTest.php" line="35" assertions="2" time="0.245324"/>
        <testcase name="testAbout" class="App\Tests\Controller\BaseControllerTest" classname="App.Tests.Controller.BaseControllerTest" file="/home/ubuntu/dbwebbkurser/mvc/me/report/tests/Controller/BaseControllerTest.php" line="63" assertions="2" time="0.015343"/>
        <testcase name="testReport" class="App\Tests\Controller\BaseControllerTest" classname="App.Tests.Controller.BaseControllerTest" file="/home/ubuntu/dbwebbkurser/mvc/me/report/tests/Controller/BaseControllerTest.php" line="91" assertions="2" time="0.018456"/>
        <testcase name="testLucky" class="App\Tests\Controller\BaseControllerTest" classname="App.Tests.Controller.BaseControllerTest" file="/home/ubuntu/dbwebbkurser/mvc/me/report/tests/Controller/BaseControllerTest.php" line="119" assertions="2" time="0.014477"/>
        <testcase name="testMetrics" class="App\Tests\Controller\BaseControllerTest" classname="App.Tests.Controller.BaseControllerTest" file="/home/ubuntu/dbwebbkurser/mvc/me/report/tests/Controller/BaseControllerTest.php" line="147" assertions="2" time="0.019160"/>
      </testsuite>
      <testsuite name="App\Tests\Controller\BlackJackControllerTest" file="/home/ubuntu/dbwebbkurser/mvc/me/report/tests/Controller/BlackJackControllerTest.php" tests="6" assertions="14" errors="0" warnings="0" failures="0" skipped="0" time="0.144958">
        <testcase name="testGameStart" class="App\Tests\Controller\BlackJackControllerTest" classname="App.Tests.Controller.BlackJackControllerTest" file="/home/ubuntu/dbwebbkurser/mvc/me/report/tests/Controller/BlackJackControllerTest.php" line="18" assertions="2" time="0.015478"/>
        <testcase name="testBlackJackDoc" class="App\Tests\Controller\BlackJackControllerTest" classname="App.Tests.Controller.BlackJackControllerTest" file="/home/ubuntu/dbwebbkurser/mvc/me/report/tests/Controller/BlackJackControllerTest.php" line="47" assertions="2" time="0.015304"/>
        <testcase name="testBlackJackStart" class="App\Tests\Controller\BlackJackControllerTest" classname="App.Tests.Controller.BlackJackControllerTest" file="/home/ubuntu/dbwebbkurser/mvc/me/report/tests/Controller/BlackJackControllerTest.php" line="76" assertions="2" time="0.024291"/>
        <testcase name="testBlackJackHit" class="App\Tests\Controller\BlackJackControllerTest" classname="App.Tests.Controller.BlackJackControllerTest" file="/home/ubuntu/dbwebbkurser/mvc/me/report/tests/Controller/BlackJackControllerTest.php" line="105" assertions="6" time="0.065698"/>
        <testcase name="testBlackJackStay" class="App\Tests\Controller\BlackJackControllerTest" classname="App.Tests.Controller.BlackJackControllerTest" file="/home/ubuntu/dbwebbkurser/mvc/me/report/tests/Controller/BlackJackControllerTest.php" line="141" assertions="1" time="0.011747"/>
        <testcase name="testBlackJackReset" class="App\Tests\Controller\BlackJackControllerTest" classname="App.Tests.Controller.BlackJackControllerTest" file="/home/ubuntu/dbwebbkurser/mvc/me/report/tests/Controller/BlackJackControllerTest.php" line="168" assertions="1" time="0.012440"/>
      </testsuite>
      <testsuite name="App\Tests\Controller\BookControllerTest" file="/home/ubuntu/dbwebbkurser/mvc/me/report/tests/Controller/BookControllerTest.php" tests="8" assertions="27" errors="0" warnings="0" failures="0" skipped="0" time="0.346416">
        <testcase name="testCRUD" class="App\Tests\Controller\BookControllerTest" classname="App.Tests.Controller.BookControllerTest" file="/home/ubuntu/dbwebbkurser/mvc/me/report/tests/Controller/BookControllerTest.php" line="277" assertions="13" time="0.201287"/>
        <testcase name="testLibrary" class="App\Tests\Controller\BookControllerTest" classname="App.Tests.Controller.BookControllerTest" file="/home/ubuntu/dbwebbkurser/mvc/me/report/tests/Controller/BookControllerTest.php" line="296" assertions="2" time="0.019638"/>
        <testcase name="testBookCreateGET" class="App\Tests\Controller\BookControllerTest" classname="App.Tests.Controller.BookControllerTest" file="/home/ubuntu/dbwebbkurser/mvc/me/report/tests/Controller/BookControllerTest.php" line="320" assertions="2" time="0.018829"/>
        <testcase name="testShowAll" class="App\Tests\Controller\BookControllerTest" classname="App.Tests.Controller.BookControllerTest" file="/home/ubuntu/dbwebbkurser/mvc/me/report/tests/Controller/BookControllerTest.php" line="344" assertions="2" time="0.024916"/>
        <testcase name="testShowOne" class="App\Tests\Controller\BookControllerTest" classname="App.Tests.Controller.BookControllerTest" file="/home/ubuntu/dbwebbkurser/mvc/me/report/tests/Controller/BookControllerTest.php" line="368" assertions="2" time="0.020704"/>
        <testcase name="testShowAllUpdate" class="App\Tests\Controller\BookControllerTest" classname="App.Tests.Controller.BookControllerTest" file="/home/ubuntu/dbwebbkurser/mvc/me/report/tests/Controller/BookControllerTest.php" line="414" assertions="2" time="0.020207"/>
        <testcase name="testBookUpdateGET" class="App\Tests\Controller\BookControllerTest" classname="App.Tests.Controller.BookControllerTest" file="/home/ubuntu/dbwebbkurser/mvc/me/report/tests/Controller/BookControllerTest.php" line="438" assertions="2" time="0.020367"/>
        <testcase name="testBookShowAllDeleteGET" class="App\Tests\Controller\BookControllerTest" classname="App.Tests.Controller.BookControllerTest" file="/home/ubuntu/dbwebbkurser/mvc/me/report/tests/Controller/BookControllerTest.php" line="477" assertions="2" time="0.020468"/>
      </testsuite>
      <testsuite name="App\Tests\Controller\CardGameControllerExceptionTest" file="/home/ubuntu/dbwebbkurser/mvc/me/report/tests/Controller/CardGameControllerExceptionTest.php" tests="5" assertions="9" errors="0" warnings="0" failures="0" skipped="0" time="0.151429">
        <testcase name="testCardDeckDrawEmptyException" class="App\Tests\Controller\CardGameControllerExceptionTest" classname="App.Tests.Controller.CardGameControllerExceptionTest" file="/home/ubuntu/dbwebbkurser/mvc/me/report/tests/Controller/CardGameControllerExceptionTest.php" line="62" assertions="2" time="0.044809"/>
        <testcase name="testCardDeckDrawManyHighException" class="App\Tests\Controller\CardGameControllerExceptionTest" classname="App.Tests.Controller.CardGameControllerExceptionTest" file="/home/ubuntu/dbwebbkurser/mvc/me/report/tests/Controller/CardGameControllerExceptionTest.php" line="96" assertions="2" time="0.006932"/>
        <testcase name="testCardDeckDrawManyLowException" class="App\Tests\Controller\CardGameControllerExceptionTest" classname="App.Tests.Controller.CardGameControllerExceptionTest" file="/home/ubuntu/dbwebbkurser/mvc/me/report/tests/Controller/CardGameControllerExceptionTest.php" line="124" assertions="2" time="0.006509"/>
        <testcase name="testCardDeckDrawManyToManyException" class="App\Tests\Controller\CardGameControllerExceptionTest" classname="App.Tests.Controller.CardGameControllerExceptionTest" file="/home/ubuntu/dbwebbkurser/mvc/me/report/tests/Controller/CardGameControllerExceptionTest.php" line="149" assertions="1" time="0.042172"/>
        <testcase name="testCardDeckDrawManyEmptyException" class="App\Tests\Controller\CardGameControllerExceptionTest" classname="App.Tests.Controller.CardGameControllerExceptionTest" file="/home/ubuntu/dbwebbkurser/mvc/me/report/tests/Controller/CardGameControllerExceptionTest.php" line="182" assertions="2" time="0.051007"/>
      </testsuite>
      <testsuite name="App\Tests\Controller\CardGameControllerTest" file="/home/ubuntu/dbwebbkurser/mvc/me/report/tests/Controller/CardGameControllerTest.php" tests="7" assertions="14" errors="0" warnings="0" failures="0" skipped="0" time="0.134699">
        <testcase name="testCardStart" class="App\Tests\Controller\CardGameControllerTest" classname="App.Tests.Controller.CardGameControllerTest" file="/home/ubuntu/dbwebbkurser/mvc/me/report/tests/Controller/CardGameControllerTest.php" line="18" assertions="2" time="0.017849"/>
        <testcase name="testCardSession" class="App\Tests\Controller\CardGameControllerTest" classname="App.Tests.Controller.CardGameControllerTest" file="/home/ubuntu/dbwebbkurser/mvc/me/report/tests/Controller/CardGameControllerTest.php" line="49" assertions="2" time="0.020979"/>
        <testcase name="testCardSessionDelete" class="App\Tests\Controller\CardGameControllerTest" classname="App.Tests.Controller.CardGameControllerTest" file="/home/ubuntu/dbwebbkurser/mvc/me/report/tests/Controller/CardGameControllerTest.php" line="80" assertions="2" time="0.015328"/>
        <testcase name="testCardDeck" class="App\Tests\Controller\CardGameControllerTest" classname="App.Tests.Controller.CardGameControllerTest" file="/home/ubuntu/dbwebbkurser/mvc/me/report/tests/Controller/CardGameControllerTest.php" line="111" assertions="2" time="0.020370"/>
        <testcase name="testCardDeckShuffle" class="App\Tests\Controller\CardGameControllerTest" classname="App.Tests.Controller.CardGameControllerTest" file="/home/ubuntu/dbwebbkurser/mvc/me/report/tests/Controller/CardGameControllerTest.php" line="142" assertions="2" time="0.021820"/>
        <testcase name="testCardDeckDraw" class="App\Tests\Controller\CardGameControllerTest" classname="App.Tests.Controller.CardGameControllerTest" file="/home/ubuntu/dbwebbkurser/mvc/me/report/tests/Controller/CardGameControllerTest.php" line="173" assertions="2" time="0.018932"/>
        <testcase name="testCardDeckDrawMany" class="App\Tests\Controller\CardGameControllerTest" classname="App.Tests.Controller.CardGameControllerTest" file="/home/ubuntu/dbwebbkurser/mvc/me/report/tests/Controller/CardGameControllerTest.php" line="204" assertions="2" time="0.019421"/>
      </testsuite>
      <testsuite name="App\Tests\Controller\DiceGameControllerExceptionTest" file="/home/ubuntu/dbwebbkurser/mvc/me/report/tests/Controller/DiceControllerExceptionTest.php" tests="4" assertions="8" errors="0" warnings="0" failures="0" skipped="0" time="0.029883">
        <testcase name="testDiceHighException" class="App\Tests\Controller\DiceGameControllerExceptionTest" classname="App.Tests.Controller.DiceGameControllerExceptionTest" file="/home/ubuntu/dbwebbkurser/mvc/me/report/tests/Controller/DiceControllerExceptionTest.php" line="46" assertions="2" time="0.009708"/>
        <testcase name="testDiceLowException" class="App\Tests\Controller\DiceGameControllerExceptionTest" classname="App.Tests.Controller.DiceGameControllerExceptionTest" file="/home/ubuntu/dbwebbkurser/mvc/me/report/tests/Controller/DiceControllerExceptionTest.php" line="71" assertions="2" time="0.006949"/>
        <testcase name="testDicehandHighException" class="App\Tests\Controller\DiceGameControllerExceptionTest" classname="App.Tests.Controller.DiceGameControllerExceptionTest" file="/home/ubuntu/dbwebbkurser/mvc/me/report/tests/Controller/DiceControllerExceptionTest.php" line="99" assertions="2" time="0.006719"/>
        <testcase name="testDicehandLowException" class="App\Tests\Controller\DiceGameControllerExceptionTest" classname="App.Tests.Controller.DiceGameControllerExceptionTest" file="/home/ubuntu/dbwebbkurser/mvc/me/report/tests/Controller/DiceControllerExceptionTest.php" line="124" assertions="2" time="0.006507"/>
      </testsuite>
      <testsuite name="App\Tests\Controller\DiceControllerTest" file="/home/ubuntu/dbwebbkurser/mvc/me/report/tests/Controller/DiceControllerTest.php" tests="8" assertions="20" errors="0" warnings="0" failures="0" skipped="0" time="0.188967">
        <testcase name="testPigStart" class="App\Tests\Controller\DiceControllerTest" classname="App.Tests.Controller.DiceControllerTest" file="/home/ubuntu/dbwebbkurser/mvc/me/report/tests/Controller/DiceControllerTest.php" line="49" assertions="2" time="0.014559"/>
        <testcase name="testPigInitGET" class="App\Tests\Controller\DiceControllerTest" classname="App.Tests.Controller.DiceControllerTest" file="/home/ubuntu/dbwebbkurser/mvc/me/report/tests/Controller/DiceControllerTest.php" line="78" assertions="2" time="0.014778"/>
        <testcase name="testPigPlay" class="App\Tests\Controller\DiceControllerTest" classname="App.Tests.Controller.DiceControllerTest" file="/home/ubuntu/dbwebbkurser/mvc/me/report/tests/Controller/DiceControllerTest.php" line="107" assertions="3" time="0.035459"/>
        <testcase name="testPigSave" class="App\Tests\Controller\DiceControllerTest" classname="App.Tests.Controller.DiceControllerTest" file="/home/ubuntu/dbwebbkurser/mvc/me/report/tests/Controller/DiceControllerTest.php" line="139" assertions="1" time="0.011527"/>
        <testcase name="testPigRoll" class="App\Tests\Controller\DiceControllerTest" classname="App.Tests.Controller.DiceControllerTest" file="/home/ubuntu/dbwebbkurser/mvc/me/report/tests/Controller/DiceControllerTest.php" line="166" assertions="6" time="0.060916"/>
        <testcase name="testRollDice" class="App\Tests\Controller\DiceControllerTest" classname="App.Tests.Controller.DiceControllerTest" file="/home/ubuntu/dbwebbkurser/mvc/me/report/tests/Controller/DiceControllerTest.php" line="198" assertions="2" time="0.018396"/>
        <testcase name="testRollNumDice" class="App\Tests\Controller\DiceControllerTest" classname="App.Tests.Controller.DiceControllerTest" file="/home/ubuntu/dbwebbkurser/mvc/me/report/tests/Controller/DiceControllerTest.php" line="227" assertions="2" time="0.015407"/>
        <testcase name="testDicehand" class="App\Tests\Controller\DiceControllerTest" classname="App.Tests.Controller.DiceControllerTest" file="/home/ubuntu/dbwebbkurser/mvc/me/report/tests/Controller/DiceControllerTest.php" line="256" assertions="2" time="0.017926"/>
      </testsuite>
      <testsuite name="App\Tests\Controller\JasonControllerExceptionTest" file="/home/ubuntu/dbwebbkurser/mvc/me/report/tests/Controller/JasonControllerExceptionTest.php" tests="5" assertions="9" errors="0" warnings="0" failures="0" skipped="0" time="0.120530">
        <testcase name="testApiDeckDrawEmptyException" class="App\Tests\Controller\JasonControllerExceptionTest" classname="App.Tests.Controller.JasonControllerExceptionTest" file="/home/ubuntu/dbwebbkurser/mvc/me/report/tests/Controller/JasonControllerExceptionTest.php" line="62" assertions="2" time="0.041422"/>
        <testcase name="testApiDeckDrawManyHighException" class="App\Tests\Controller\JasonControllerExceptionTest" classname="App.Tests.Controller.JasonControllerExceptionTest" file="/home/ubuntu/dbwebbkurser/mvc/me/report/tests/Controller/JasonControllerExceptionTest.php" line="96" assertions="2" time="0.007327"/>
        <testcase name="testApiDeckDrawManyLowException" class="App\Tests\Controller\JasonControllerExceptionTest" classname="App.Tests.Controller.JasonControllerExceptionTest" file="/home/ubuntu/dbwebbkurser/mvc/me/report/tests/Controller/JasonControllerExceptionTest.php" line="124" assertions="2" time="0.006875"/>
        <testcase name="testApiDeckDrawManyToManyException" class="App\Tests\Controller\JasonControllerExceptionTest" classname="App.Tests.Controller.JasonControllerExceptionTest" file="/home/ubuntu/dbwebbkurser/mvc/me/report/tests/Controller/JasonControllerExceptionTest.php" line="149" assertions="1" time="0.032796"/>
        <testcase name="testApiDeckDrawManyEmptyException" class="App\Tests\Controller\JasonControllerExceptionTest" classname="App.Tests.Controller.JasonControllerExceptionTest" file="/home/ubuntu/dbwebbkurser/mvc/me/report/tests/Controller/JasonControllerExceptionTest.php" line="182" assertions="2" time="0.032110"/>
      </testsuite>
      <testsuite name="App\Tests\Controller\JasonControllerTest" file="/home/ubuntu/dbwebbkurser/mvc/me/report/tests/Controller/JasonControllerTest.php" tests="9" assertions="64" errors="0" warnings="0" failures="0" skipped="0" time="0.110809">
        <testcase name="testApi" class="App\Tests\Controller\JasonControllerTest" classname="App.Tests.Controller.JasonControllerTest" file="/home/ubuntu/dbwebbkurser/mvc/me/report/tests/Controller/JasonControllerTest.php" line="20" assertions="2" time="0.020637"/>
        <testcase name="testApiQuote" class="App\Tests\Controller\JasonControllerTest" classname="App.Tests.Controller.JasonControllerTest" file="/home/ubuntu/dbwebbkurser/mvc/me/report/tests/Controller/JasonControllerTest.php" line="52" assertions="8" time="0.008759"/>
        <testcase name="testApiDeck" class="App\Tests\Controller\JasonControllerTest" classname="App.Tests.Controller.JasonControllerTest" file="/home/ubuntu/dbwebbkurser/mvc/me/report/tests/Controller/JasonControllerTest.php" line="101" assertions="5" time="0.008215"/>
        <testcase name="testApiDeckShuffle" class="App\Tests\Controller\JasonControllerTest" classname="App.Tests.Controller.JasonControllerTest" file="/home/ubuntu/dbwebbkurser/mvc/me/report/tests/Controller/JasonControllerTest.php" line="147" assertions="4" time="0.009209"/>
        <testcase name="testApiDeckDraw" class="App\Tests\Controller\JasonControllerTest" classname="App.Tests.Controller.JasonControllerTest" file="/home/ubuntu/dbwebbkurser/mvc/me/report/tests/Controller/JasonControllerTest.php" line="190" assertions="6" time="0.011407"/>
        <testcase name="testApiDeckDrawMany" class="App\Tests\Controller\JasonControllerTest" classname="App.Tests.Controller.JasonControllerTest" file="/home/ubuntu/dbwebbkurser/mvc/me/report/tests/Controller/JasonControllerTest.php" line="237" assertions="6" time="0.011479"/>
        <testcase name="testApiBlackJack" class="App\Tests\Controller\JasonControllerTest" classname="App.Tests.Controller.JasonControllerTest" file="/home/ubuntu/dbwebbkurser/mvc/me/report/tests/Controller/JasonControllerTest.php" line="284" assertions="20" time="0.017444"/>
        <testcase name="testApiLibraryBooks" class="App\Tests\Controller\JasonControllerTest" classname="App.Tests.Controller.JasonControllerTest" file="/home/ubuntu/dbwebbkurser/mvc/me/report/tests/Controller/JasonControllerTest.php" line="345" assertions="4" time="0.009783"/>
        <testcase name="testApiLibraryBookISBN" class="App\Tests\Controller\JasonControllerTest" classname="App.Tests.Controller.JasonControllerTest" file="/home/ubuntu/dbwebbkurser/mvc/me/report/tests/Controller/JasonControllerTest.php" line="388" assertions="9" time="0.013876"/>
      </testsuite>
      <testsuite name="App\Tests\Controller\ProductControllerTest" file="/home/ubuntu/dbwebbkurser/mvc/me/report/tests/Controller/ProductControllerTest.php" tests="10" assertions="18" errors="0" warnings="0" failures="0" skipped="0" time="0.213672">
        <testcase name="testAppProduct" class="App\Tests\Controller\ProductControllerTest" classname="App.Tests.Controller.ProductControllerTest" file="/home/ubuntu/dbwebbkurser/mvc/me/report/tests/Controller/ProductControllerTest.php" line="48" assertions="2" time="0.016415"/>
        <testcase name="testAppProductCreate" class="App\Tests\Controller\ProductControllerTest" classname="App.Tests.Controller.ProductControllerTest" file="/home/ubuntu/dbwebbkurser/mvc/me/report/tests/Controller/ProductControllerTest.php" line="77" assertions="1" time="0.029813"/>
        <testcase name="testAppProductShow" class="App\Tests\Controller\ProductControllerTest" classname="App.Tests.Controller.ProductControllerTest" file="/home/ubuntu/dbwebbkurser/mvc/me/report/tests/Controller/ProductControllerTest.php" line="106" assertions="1" time="0.019720"/>
        <testcase name="testAppProductShowId" class="App\Tests\Controller\ProductControllerTest" classname="App.Tests.Controller.ProductControllerTest" file="/home/ubuntu/dbwebbkurser/mvc/me/report/tests/Controller/ProductControllerTest.php" line="134" assertions="1" time="0.010359"/>
        <testcase name="testAppProductUpdateAndDelete" class="App\Tests\Controller\ProductControllerTest" classname="App.Tests.Controller.ProductControllerTest" file="/home/ubuntu/dbwebbkurser/mvc/me/report/tests/Controller/ProductControllerTest.php" line="162" assertions="4" time="0.045250"/>
        <testcase name="testAppProductUpdateException" class="App\Tests\Controller\ProductControllerTest" classname="App.Tests.Controller.ProductControllerTest" file="/home/ubuntu/dbwebbkurser/mvc/me/report/tests/Controller/ProductControllerTest.php" line="211" assertions="2" time="0.008164"/>
        <testcase name="testAppProductDeleteException" class="App\Tests\Controller\ProductControllerTest" classname="App.Tests.Controller.ProductControllerTest" file="/home/ubuntu/dbwebbkurser/mvc/me/report/tests/Controller/ProductControllerTest.php" line="238" assertions="2" time="0.007866"/>
        <testcase name="testAppProductView" class="App\Tests\Controller\ProductControllerTest" classname="App.Tests.Controller.ProductControllerTest" file="/home/ubuntu/dbwebbkurser/mvc/me/report/tests/Controller/ProductControllerTest.php" line="263" assertions="2" time="0.016495"/>
        <testcase name="testAppProductViewWithMinimum" class="App\Tests\Controller\ProductControllerTest" classname="App.Tests.Controller.ProductControllerTest" file="/home/ubuntu/dbwebbkurser/mvc/me/report/tests/Controller/ProductControllerTest.php" line="292" assertions="2" time="0.048618"/>
        <testcase name="testAppProductViewByMinimum" class="App\Tests\Controller\ProductControllerTest" classname="App.Tests.Controller.ProductControllerTest" file="/home/ubuntu/dbwebbkurser/mvc/me/report/tests/Controller/ProductControllerTest.php" line="321" assertions="1" time="0.010972"/>
      </testsuite>
      <testsuite name="App\Tests\Dice\DiceGraphicTest" file="/home/ubuntu/dbwebbkurser/mvc/me/report/tests/Dice/DiceGraphicTest.php" tests="2" assertions="3" errors="0" warnings="0" failures="0" skipped="0" time="0.001176">
        <testcase name="testCreateObject" class="App\Tests\Dice\DiceGraphicTest" classname="App.Tests.Dice.DiceGraphicTest" file="/home/ubuntu/dbwebbkurser/mvc/me/report/tests/Dice/DiceGraphicTest.php" line="21" assertions="2" time="0.000361"/>
        <testcase name="testGetString" class="App\Tests\Dice\DiceGraphicTest" classname="App.Tests.Dice.DiceGraphicTest" file="/home/ubuntu/dbwebbkurser/mvc/me/report/tests/Dice/DiceGraphicTest.php" line="37" assertions="1" time="0.000815"/>
      </testsuite>
      <testsuite name="App\Tests\Dice\DiceHandTest" file="/home/ubuntu/dbwebbkurser/mvc/me/report/tests/Dice/DiceHandTest.php" tests="5" assertions="6" errors="0" warnings="0" failures="0" skipped="0" time="0.002580">
        <testcase name="testCreateObject" class="App\Tests\Dice\DiceHandTest" classname="App.Tests.Dice.DiceHandTest" file="/home/ubuntu/dbwebbkurser/mvc/me/report/tests/Dice/DiceHandTest.php" line="22" assertions="1" time="0.000317"/>
        <testcase name="testAddDice" class="App\Tests\Dice\DiceHandTest" classname="App.Tests.Dice.DiceHandTest" file="/home/ubuntu/dbwebbkurser/mvc/me/report/tests/Dice/DiceHandTest.php" line="35" assertions="1" time="0.000895"/>
        <testcase name="testRemoveDice" class="App\Tests\Dice\DiceHandTest" classname="App.Tests.Dice.DiceHandTest" file="/home/ubuntu/dbwebbkurser/mvc/me/report/tests/Dice/DiceHandTest.php" line="61" assertions="2" time="0.000348"/>
        <testcase name="testGetValues" class="App\Tests\Dice\DiceHandTest" classname="App.Tests.Dice.DiceHandTest" file="/home/ubuntu/dbwebbkurser/mvc/me/report/tests/Dice/DiceHandTest.php" line="82" assertions="1" time="0.000523"/>
        <testcase name="testGetString" class="App\Tests\Dice\DiceHandTest" classname="App.Tests.Dice.DiceHandTest" file="/home/ubuntu/dbwebbkurser/mvc/me/report/tests/Dice/DiceHandTest.php" line="105" assertions="1" time="0.000496"/>
      </testsuite>
      <testsuite name="App\Tests\Dice\DiceTest" file="/home/ubuntu/dbwebbkurser/mvc/me/report/tests/Dice/DiceTest.php" tests="5" assertions="12" errors="0" warnings="0" failures="0" skipped="0" time="0.003827">
        <testcase name="testCreateObject" class="App\Tests\Dice\DiceTest" classname="App.Tests.Dice.DiceTest" file="/home/ubuntu/dbwebbkurser/mvc/me/report/tests/Dice/DiceTest.php" line="21" assertions="2" time="0.000341"/>
        <testcase name="testStubRollValue" class="App\Tests\Dice\DiceTest" classname="App.Tests.Dice.DiceTest" file="/home/ubuntu/dbwebbkurser/mvc/me/report/tests/Dice/DiceTest.php" line="38" assertions="1" time="0.000511"/>
        <testcase name="testRollDiceValueInRange" class="App\Tests\Dice\DiceTest" classname="App.Tests.Dice.DiceTest" file="/home/ubuntu/dbwebbkurser/mvc/me/report/tests/Dice/DiceTest.php" line="59" assertions="4" time="0.001753"/>
        <testcase name="testRollDiceValue" class="App\Tests\Dice\DiceTest" classname="App.Tests.Dice.DiceTest" file="/home/ubuntu/dbwebbkurser/mvc/me/report/tests/Dice/DiceTest.php" line="74" assertions="1" time="0.000319"/>
        <testcase name="testCreateObjectWithMock" class="App\Tests\Dice\DiceTest" classname="App.Tests.Dice.DiceTest" file="/home/ubuntu/dbwebbkurser/mvc/me/report/tests/Dice/DiceTest.php" line="90" assertions="4" time="0.000903"/>
      </testsuite>
      <testsuite name="App\Tests\Entity\BookTest" file="/home/ubuntu/dbwebbkurser/mvc/me/report/tests/Entity/BookTest.php" tests="2" assertions="9" errors="0" warnings="0" failures="0" skipped="0" time="0.000687">
        <testcase name="testCreateObject" class="App\Tests\Entity\BookTest" classname="App.Tests.Entity.BookTest" file="/home/ubuntu/dbwebbkurser/mvc/me/report/tests/Entity/BookTest.php" line="21" assertions="1" time="0.000307"/>
        <testcase name="testSetAndGetMethods" class="App\Tests\Entity\BookTest" classname="App.Tests.Entity.BookTest" file="/home/ubuntu/dbwebbkurser/mvc/me/report/tests/Entity/BookTest.php" line="34" assertions="8" time="0.000380"/>
      </testsuite>
      <testsuite name="App\Tests\Entity\ProductTest" file="/home/ubuntu/dbwebbkurser/mvc/me/report/tests/Entity/ProductTest.php" tests="2" assertions="4" errors="0" warnings="0" failures="0" skipped="0" time="0.000844">
        <testcase name="testCreateObject" class="App\Tests\Entity\ProductTest" classname="App.Tests.Entity.ProductTest" file="/home/ubuntu/dbwebbkurser/mvc/me/report/tests/Entity/ProductTest.php" line="21" assertions="1" time="0.000331"/>
        <testcase name="testSetAndGetMethods" class="App\Tests\Entity\ProductTest" classname="App.Tests.Entity.ProductTest" file="/home/ubuntu/dbwebbkurser/mvc/me/report/tests/Entity/ProductTest.php" line="34" assertions="3" time="0.000513"/>
      </testsuite>
      <testsuite name="App\Tests\Game\BlackJack\DealerTest" file="/home/ubuntu/dbwebbkurser/mvc/me/report/tests/Game/BlackJack/BlackJack/DealerTest.php" tests="2" assertions="9" errors="0" warnings="0" failures="0" skipped="0" time="0.000917">
        <testcase name="testCreateObject" class="App\Tests\Game\BlackJack\DealerTest" classname="App.Tests.Game.BlackJack.DealerTest" file="/home/ubuntu/dbwebbkurser/mvc/me/report/tests/Game/BlackJack/BlackJack/DealerTest.php" line="22" assertions="1" time="0.000309"/>
        <testcase name="testPlay" class="App\Tests\Game\BlackJack\DealerTest" classname="App.Tests.Game.BlackJack.DealerTest" file="/home/ubuntu/dbwebbkurser/mvc/me/report/tests/Game/BlackJack/BlackJack/DealerTest.php" line="35" assertions="8" time="0.000608"/>
      </testsuite>
      <testsuite name="App\Tests\Game\BlackJack\PlayerTest" file="/home/ubuntu/dbwebbkurser/mvc/me/report/tests/Game/BlackJack/BlackJack/PlayerTest.php" tests="3" assertions="4" errors="0" warnings="0" failures="0" skipped="0" time="0.001668">
        <testcase name="testCreateObject" class="App\Tests\Game\BlackJack\PlayerTest" classname="App.Tests.Game.BlackJack.PlayerTest" file="/home/ubuntu/dbwebbkurser/mvc/me/report/tests/Game/BlackJack/BlackJack/PlayerTest.php" line="22" assertions="1" time="0.000307"/>
        <testcase name="testBooleans" class="App\Tests\Game\BlackJack\PlayerTest" classname="App.Tests.Game.BlackJack.PlayerTest" file="/home/ubuntu/dbwebbkurser/mvc/me/report/tests/Game/BlackJack/BlackJack/PlayerTest.php" line="35" assertions="2" time="0.000979"/>
        <testcase name="testGet" class="App\Tests\Game\BlackJack\PlayerTest" classname="App.Tests.Game.BlackJack.PlayerTest" file="/home/ubuntu/dbwebbkurser/mvc/me/report/tests/Game/BlackJack/BlackJack/PlayerTest.php" line="60" assertions="1" time="0.000383"/>
      </testsuite>
      <testsuite name="App\Tests\Game\BlackJackTest" file="/home/ubuntu/dbwebbkurser/mvc/me/report/tests/Game/BlackJack/BlackJackTest.php" tests="10" assertions="17" errors="0" warnings="0" failures="0" skipped="0" time="0.012796">
        <testcase name="testCreateObject" class="App\Tests\Game\BlackJackTest" classname="App.Tests.Game.BlackJackTest" file="/home/ubuntu/dbwebbkurser/mvc/me/report/tests/Game/BlackJack/BlackJackTest.php" line="24" assertions="2" time="0.000959"/>
        <testcase name="testToFewPlayers" class="App\Tests\Game\BlackJackTest" classname="App.Tests.Game.BlackJackTest" file="/home/ubuntu/dbwebbkurser/mvc/me/report/tests/Game/BlackJack/BlackJackTest.php" line="38" assertions="2" time="0.000348"/>
        <testcase name="testToManyPlayers" class="App\Tests\Game\BlackJackTest" classname="App.Tests.Game.BlackJackTest" file="/home/ubuntu/dbwebbkurser/mvc/me/report/tests/Game/BlackJack/BlackJackTest.php" line="50" assertions="2" time="0.000364"/>
        <testcase name="testBooleans" class="App\Tests\Game\BlackJackTest" classname="App.Tests.Game.BlackJackTest" file="/home/ubuntu/dbwebbkurser/mvc/me/report/tests/Game/BlackJack/BlackJackTest.php" line="64" assertions="2" time="0.000900"/>
        <testcase name="testHit" class="App\Tests\Game\BlackJackTest" classname="App.Tests.Game.BlackJackTest" file="/home/ubuntu/dbwebbkurser/mvc/me/report/tests/Game/BlackJack/BlackJackTest.php" line="82" assertions="2" time="0.001033"/>
        <testcase name="testStay" class="App\Tests\Game\BlackJackTest" classname="App.Tests.Game.BlackJackTest" file="/home/ubuntu/dbwebbkurser/mvc/me/report/tests/Game/BlackJack/BlackJackTest.php" line="108" assertions="1" time="0.001129"/>
        <testcase name="testResetGame" class="App\Tests\Game\BlackJackTest" classname="App.Tests.Game.BlackJackTest" file="/home/ubuntu/dbwebbkurser/mvc/me/report/tests/Game/BlackJack/BlackJackTest.php" line="126" assertions="2" time="0.001602"/>
        <testcase name="testDealerBust" class="App\Tests\Game\BlackJackTest" classname="App.Tests.Game.BlackJackTest" file="/home/ubuntu/dbwebbkurser/mvc/me/report/tests/Game/BlackJack/BlackJackTest.php" line="150" assertions="2" time="0.003337"/>
        <testcase name="testPlayerWin" class="App\Tests\Game\BlackJackTest" classname="App.Tests.Game.BlackJackTest" file="/home/ubuntu/dbwebbkurser/mvc/me/report/tests/Game/BlackJack/BlackJackTest.php" line="205" assertions="1" time="0.001556"/>
        <testcase name="testTie" class="App\Tests\Game\BlackJackTest" classname="App.Tests.Game.BlackJackTest" file="/home/ubuntu/dbwebbkurser/mvc/me/report/tests/Game/BlackJack/BlackJackTest.php" line="252" assertions="1" time="0.001570"/>
      </testsuite>
      <testsuite name="App\Tests\Repository\BookRepositoryTest" file="/home/ubuntu/dbwebbkurser/mvc/me/report/tests/Repository/BookRepositoryTest.php" tests="1" assertions="62" errors="0" warnings="0" failures="0" skipped="0" time="0.029562">
        <testcase name="testCRUD" class="App\Tests\Repository\BookRepositoryTest" classname="App.Tests.Repository.BookRepositoryTest" file="/home/ubuntu/dbwebbkurser/mvc/me/report/tests/Repository/BookRepositoryTest.php" line="328" assertions="62" time="0.029562"/>
      </testsuite>
      <testsuite name="App\Tests\Repository\ProductRepositoryTest" file="/home/ubuntu/dbwebbkurser/mvc/me/report/tests/Repository/ProductRepositoryTest.php" tests="2" assertions="6" errors="0" warnings="0" failures="0" skipped="0" time="0.037193">
        <testcase name="testFindByMinimumValue" class="App\Tests\Repository\ProductRepositoryTest" classname="App.Tests.Repository.ProductRepositoryTest" file="/home/ubuntu/dbwebbkurser/mvc/me/report/tests/Repository/ProductRepositoryTest.php" line="76" assertions="3" time="0.017214"/>
        <testcase name="testFindByMinimumValue2" class="App\Tests\Repository\ProductRepositoryTest" classname="App.Tests.Repository.ProductRepositoryTest" file="/home/ubuntu/dbwebbkurser/mvc/me/report/tests/Repository/ProductRepositoryTest.php" line="92" assertions="3" time="0.019978"/>
      </testsuite>
      <testsuite name="App\Tests\UploadManagerTest" file="/home/ubuntu/dbwebbkurser/mvc/me/report/tests/UploadManagerTest.php" tests="6" assertions="14" errors="0" warnings="0" failures="0" skipped="0" time="0.032687">
        <testcase name="testCreateObject" class="App\Tests\UploadManagerTest" classname="App.Tests.UploadManagerTest" file="/home/ubuntu/dbwebbkurser/mvc/me/report/tests/UploadManagerTest.php" line="82" assertions="1" time="0.001811"/>
        <testcase name="testConstructorException" class="App\Tests\UploadManagerTest" classname="App.Tests.UploadManagerTest" file="/home/ubuntu/dbwebbkurser/mvc/me/report/tests/UploadManagerTest.php" line="93" assertions="2" time="0.001748"/>
        <testcase name="testSaveUploadedFile" class="App\Tests\UploadManagerTest" classname="App.Tests.UploadManagerTest" file="/home/ubuntu/dbwebbkurser/mvc/me/report/tests/UploadManagerTest.php" line="119" assertions="3" time="0.021712"/>
        <testcase name="testSaveUploadedFileInvalidFileType" class="App\Tests\UploadManagerTest" classname="App.Tests.UploadManagerTest" file="/home/ubuntu/dbwebbkurser/mvc/me/report/tests/UploadManagerTest.php" line="157" assertions="2" time="0.002490"/>
        <testcase name="testSaveUploadedFileMoveException" class="App\Tests\UploadManagerTest" classname="App.Tests.UploadManagerTest" file="/home/ubuntu/dbwebbkurser/mvc/me/report/tests/UploadManagerTest.php" line="181" assertions="3" time="0.003324"/>
        <testcase name="testDeleteUploadedFile" class="App\Tests\UploadManagerTest" classname="App.Tests.UploadManagerTest" file="/home/ubuntu/dbwebbkurser/mvc/me/report/tests/UploadManagerTest.php" line="209" assertions="3" time="0.001602"/>
      </testsuite>
    </testsuite>
  </testsuite>
</testsuites>
