<?xml version="1.0" encoding="UTF-8"?>
<testsuites>
  <testsuite name="" tests="89" assertions="229" errors="0" warnings="0" failures="0" skipped="0" time="13.220143">
    <testsuite name="Project Test Suite" tests="89" assertions="229" errors="0" warnings="0" failures="0" skipped="0" time="13.220143">
      <testsuite name="App\Tests\Controller\BaseControllerTest" file="/home/ubuntu/dbwebbkurser/mvc/me/report/tests/Controller/BaseControllerTest.php" tests="4" assertions="8" errors="0" warnings="0" failures="0" skipped="0" time="9.365659">
        <testcase name="testHome" class="App\Tests\Controller\BaseControllerTest" classname="App.Tests.Controller.BaseControllerTest" file="/home/ubuntu/dbwebbkurser/mvc/me/report/tests/Controller/BaseControllerTest.php" line="35" assertions="2" time="9.285833"/>
        <testcase name="testAbout" class="App\Tests\Controller\BaseControllerTest" classname="App.Tests.Controller.BaseControllerTest" file="/home/ubuntu/dbwebbkurser/mvc/me/report/tests/Controller/BaseControllerTest.php" line="63" assertions="2" time="0.027087"/>
        <testcase name="testReport" class="App\Tests\Controller\BaseControllerTest" classname="App.Tests.Controller.BaseControllerTest" file="/home/ubuntu/dbwebbkurser/mvc/me/report/tests/Controller/BaseControllerTest.php" line="91" assertions="2" time="0.026861"/>
        <testcase name="testLucky" class="App\Tests\Controller\BaseControllerTest" classname="App.Tests.Controller.BaseControllerTest" file="/home/ubuntu/dbwebbkurser/mvc/me/report/tests/Controller/BaseControllerTest.php" line="119" assertions="2" time="0.025878"/>
      </testsuite>
      <testsuite name="App\Tests\Controller\BlackJackControllerTest" file="/home/ubuntu/dbwebbkurser/mvc/me/report/tests/Controller/BlackJackControllerTest.php" tests="6" assertions="14" errors="0" warnings="0" failures="0" skipped="0" time="0.401916">
        <testcase name="testGameStart" class="App\Tests\Controller\BlackJackControllerTest" classname="App.Tests.Controller.BlackJackControllerTest" file="/home/ubuntu/dbwebbkurser/mvc/me/report/tests/Controller/BlackJackControllerTest.php" line="18" assertions="2" time="0.033540"/>
        <testcase name="testBlackJackDoc" class="App\Tests\Controller\BlackJackControllerTest" classname="App.Tests.Controller.BlackJackControllerTest" file="/home/ubuntu/dbwebbkurser/mvc/me/report/tests/Controller/BlackJackControllerTest.php" line="47" assertions="2" time="0.041246"/>
        <testcase name="testBlackJackStart" class="App\Tests\Controller\BlackJackControllerTest" classname="App.Tests.Controller.BlackJackControllerTest" file="/home/ubuntu/dbwebbkurser/mvc/me/report/tests/Controller/BlackJackControllerTest.php" line="76" assertions="2" time="0.063989"/>
        <testcase name="testBlackJackHit" class="App\Tests\Controller\BlackJackControllerTest" classname="App.Tests.Controller.BlackJackControllerTest" file="/home/ubuntu/dbwebbkurser/mvc/me/report/tests/Controller/BlackJackControllerTest.php" line="105" assertions="6" time="0.190349"/>
        <testcase name="testBlackJackStay" class="App\Tests\Controller\BlackJackControllerTest" classname="App.Tests.Controller.BlackJackControllerTest" file="/home/ubuntu/dbwebbkurser/mvc/me/report/tests/Controller/BlackJackControllerTest.php" line="141" assertions="1" time="0.031961"/>
        <testcase name="testBlackJackReset" class="App\Tests\Controller\BlackJackControllerTest" classname="App.Tests.Controller.BlackJackControllerTest" file="/home/ubuntu/dbwebbkurser/mvc/me/report/tests/Controller/BlackJackControllerTest.php" line="168" assertions="1" time="0.040831"/>
      </testsuite>
      <testsuite name="App\Tests\Controller\CardGameControllerExceptionTest" file="/home/ubuntu/dbwebbkurser/mvc/me/report/tests/Controller/CardGameControllerExceptionTest.php" tests="5" assertions="9" errors="0" warnings="0" failures="0" skipped="0" time="0.248974">
        <testcase name="testCardDeckDrawEmptyException" class="App\Tests\Controller\CardGameControllerExceptionTest" classname="App.Tests.Controller.CardGameControllerExceptionTest" file="/home/ubuntu/dbwebbkurser/mvc/me/report/tests/Controller/CardGameControllerExceptionTest.php" line="62" assertions="2" time="0.090723"/>
        <testcase name="testCardDeckDrawManyHighException" class="App\Tests\Controller\CardGameControllerExceptionTest" classname="App.Tests.Controller.CardGameControllerExceptionTest" file="/home/ubuntu/dbwebbkurser/mvc/me/report/tests/Controller/CardGameControllerExceptionTest.php" line="96" assertions="2" time="0.011598"/>
        <testcase name="testCardDeckDrawManyLowException" class="App\Tests\Controller\CardGameControllerExceptionTest" classname="App.Tests.Controller.CardGameControllerExceptionTest" file="/home/ubuntu/dbwebbkurser/mvc/me/report/tests/Controller/CardGameControllerExceptionTest.php" line="124" assertions="2" time="0.012961"/>
        <testcase name="testCardDeckDrawManyToManyException" class="App\Tests\Controller\CardGameControllerExceptionTest" classname="App.Tests.Controller.CardGameControllerExceptionTest" file="/home/ubuntu/dbwebbkurser/mvc/me/report/tests/Controller/CardGameControllerExceptionTest.php" line="149" assertions="1" time="0.064841"/>
        <testcase name="testCardDeckDrawManyEmptyException" class="App\Tests\Controller\CardGameControllerExceptionTest" classname="App.Tests.Controller.CardGameControllerExceptionTest" file="/home/ubuntu/dbwebbkurser/mvc/me/report/tests/Controller/CardGameControllerExceptionTest.php" line="182" assertions="2" time="0.068851"/>
      </testsuite>
      <testsuite name="App\Tests\Controller\CardGameControllerTest" file="/home/ubuntu/dbwebbkurser/mvc/me/report/tests/Controller/CardGameControllerTest.php" tests="7" assertions="14" errors="0" warnings="0" failures="0" skipped="0" time="0.525106">
        <testcase name="testCardStart" class="App\Tests\Controller\CardGameControllerTest" classname="App.Tests.Controller.CardGameControllerTest" file="/home/ubuntu/dbwebbkurser/mvc/me/report/tests/Controller/CardGameControllerTest.php" line="18" assertions="2" time="0.149594"/>
        <testcase name="testCardSession" class="App\Tests\Controller\CardGameControllerTest" classname="App.Tests.Controller.CardGameControllerTest" file="/home/ubuntu/dbwebbkurser/mvc/me/report/tests/Controller/CardGameControllerTest.php" line="49" assertions="2" time="0.050040"/>
        <testcase name="testCardSessionDelete" class="App\Tests\Controller\CardGameControllerTest" classname="App.Tests.Controller.CardGameControllerTest" file="/home/ubuntu/dbwebbkurser/mvc/me/report/tests/Controller/CardGameControllerTest.php" line="80" assertions="2" time="0.022995"/>
        <testcase name="testCardDeck" class="App\Tests\Controller\CardGameControllerTest" classname="App.Tests.Controller.CardGameControllerTest" file="/home/ubuntu/dbwebbkurser/mvc/me/report/tests/Controller/CardGameControllerTest.php" line="111" assertions="2" time="0.134822"/>
        <testcase name="testCardDeckShuffle" class="App\Tests\Controller\CardGameControllerTest" classname="App.Tests.Controller.CardGameControllerTest" file="/home/ubuntu/dbwebbkurser/mvc/me/report/tests/Controller/CardGameControllerTest.php" line="142" assertions="2" time="0.068962"/>
        <testcase name="testCardDeckDraw" class="App\Tests\Controller\CardGameControllerTest" classname="App.Tests.Controller.CardGameControllerTest" file="/home/ubuntu/dbwebbkurser/mvc/me/report/tests/Controller/CardGameControllerTest.php" line="173" assertions="2" time="0.056118"/>
        <testcase name="testCardDeckDrawMany" class="App\Tests\Controller\CardGameControllerTest" classname="App.Tests.Controller.CardGameControllerTest" file="/home/ubuntu/dbwebbkurser/mvc/me/report/tests/Controller/CardGameControllerTest.php" line="204" assertions="2" time="0.042575"/>
      </testsuite>
      <testsuite name="App\Tests\Controller\DiceGameControllerExceptionTest" file="/home/ubuntu/dbwebbkurser/mvc/me/report/tests/Controller/DiceControllerExceptionTest.php" tests="4" assertions="8" errors="0" warnings="0" failures="0" skipped="0" time="0.065926">
        <testcase name="testDiceHighException" class="App\Tests\Controller\DiceGameControllerExceptionTest" classname="App.Tests.Controller.DiceGameControllerExceptionTest" file="/home/ubuntu/dbwebbkurser/mvc/me/report/tests/Controller/DiceControllerExceptionTest.php" line="46" assertions="2" time="0.022319"/>
        <testcase name="testDiceLowException" class="App\Tests\Controller\DiceGameControllerExceptionTest" classname="App.Tests.Controller.DiceGameControllerExceptionTest" file="/home/ubuntu/dbwebbkurser/mvc/me/report/tests/Controller/DiceControllerExceptionTest.php" line="71" assertions="2" time="0.016267"/>
        <testcase name="testDicehandHighException" class="App\Tests\Controller\DiceGameControllerExceptionTest" classname="App.Tests.Controller.DiceGameControllerExceptionTest" file="/home/ubuntu/dbwebbkurser/mvc/me/report/tests/Controller/DiceControllerExceptionTest.php" line="99" assertions="2" time="0.014759"/>
        <testcase name="testDicehandLowException" class="App\Tests\Controller\DiceGameControllerExceptionTest" classname="App.Tests.Controller.DiceGameControllerExceptionTest" file="/home/ubuntu/dbwebbkurser/mvc/me/report/tests/Controller/DiceControllerExceptionTest.php" line="124" assertions="2" time="0.012581"/>
      </testsuite>
      <testsuite name="App\Tests\Controller\DiceControllerTest" file="/home/ubuntu/dbwebbkurser/mvc/me/report/tests/Controller/DiceControllerTest.php" tests="8" assertions="20" errors="0" warnings="0" failures="0" skipped="0" time="0.465881">
        <testcase name="testPigStart" class="App\Tests\Controller\DiceControllerTest" classname="App.Tests.Controller.DiceControllerTest" file="/home/ubuntu/dbwebbkurser/mvc/me/report/tests/Controller/DiceControllerTest.php" line="49" assertions="2" time="0.037732"/>
        <testcase name="testPigInitGET" class="App\Tests\Controller\DiceControllerTest" classname="App.Tests.Controller.DiceControllerTest" file="/home/ubuntu/dbwebbkurser/mvc/me/report/tests/Controller/DiceControllerTest.php" line="78" assertions="2" time="0.048378"/>
        <testcase name="testPigPlay" class="App\Tests\Controller\DiceControllerTest" classname="App.Tests.Controller.DiceControllerTest" file="/home/ubuntu/dbwebbkurser/mvc/me/report/tests/Controller/DiceControllerTest.php" line="107" assertions="3" time="0.059748"/>
        <testcase name="testPigSave" class="App\Tests\Controller\DiceControllerTest" classname="App.Tests.Controller.DiceControllerTest" file="/home/ubuntu/dbwebbkurser/mvc/me/report/tests/Controller/DiceControllerTest.php" line="139" assertions="1" time="0.020836"/>
        <testcase name="testPigRoll" class="App\Tests\Controller\DiceControllerTest" classname="App.Tests.Controller.DiceControllerTest" file="/home/ubuntu/dbwebbkurser/mvc/me/report/tests/Controller/DiceControllerTest.php" line="166" assertions="6" time="0.180040"/>
        <testcase name="testRollDice" class="App\Tests\Controller\DiceControllerTest" classname="App.Tests.Controller.DiceControllerTest" file="/home/ubuntu/dbwebbkurser/mvc/me/report/tests/Controller/DiceControllerTest.php" line="198" assertions="2" time="0.050604"/>
        <testcase name="testRollNumDice" class="App\Tests\Controller\DiceControllerTest" classname="App.Tests.Controller.DiceControllerTest" file="/home/ubuntu/dbwebbkurser/mvc/me/report/tests/Controller/DiceControllerTest.php" line="227" assertions="2" time="0.042422"/>
        <testcase name="testDicehand" class="App\Tests\Controller\DiceControllerTest" classname="App.Tests.Controller.DiceControllerTest" file="/home/ubuntu/dbwebbkurser/mvc/me/report/tests/Controller/DiceControllerTest.php" line="256" assertions="2" time="0.026120"/>
      </testsuite>
      <testsuite name="App\Tests\Controller\JasonControllerExceptionTest" file="/home/ubuntu/dbwebbkurser/mvc/me/report/tests/Controller/JasonControllerExceptionTest.php" tests="5" assertions="9" errors="0" warnings="0" failures="0" skipped="0" time="0.220011">
        <testcase name="testApiDeckDrawEmptyException" class="App\Tests\Controller\JasonControllerExceptionTest" classname="App.Tests.Controller.JasonControllerExceptionTest" file="/home/ubuntu/dbwebbkurser/mvc/me/report/tests/Controller/JasonControllerExceptionTest.php" line="62" assertions="2" time="0.073041"/>
        <testcase name="testApiDeckDrawManyHighException" class="App\Tests\Controller\JasonControllerExceptionTest" classname="App.Tests.Controller.JasonControllerExceptionTest" file="/home/ubuntu/dbwebbkurser/mvc/me/report/tests/Controller/JasonControllerExceptionTest.php" line="96" assertions="2" time="0.017498"/>
        <testcase name="testApiDeckDrawManyLowException" class="App\Tests\Controller\JasonControllerExceptionTest" classname="App.Tests.Controller.JasonControllerExceptionTest" file="/home/ubuntu/dbwebbkurser/mvc/me/report/tests/Controller/JasonControllerExceptionTest.php" line="124" assertions="2" time="0.017116"/>
        <testcase name="testApiDeckDrawManyToManyException" class="App\Tests\Controller\JasonControllerExceptionTest" classname="App.Tests.Controller.JasonControllerExceptionTest" file="/home/ubuntu/dbwebbkurser/mvc/me/report/tests/Controller/JasonControllerExceptionTest.php" line="149" assertions="1" time="0.054288"/>
        <testcase name="testApiDeckDrawManyEmptyException" class="App\Tests\Controller\JasonControllerExceptionTest" classname="App.Tests.Controller.JasonControllerExceptionTest" file="/home/ubuntu/dbwebbkurser/mvc/me/report/tests/Controller/JasonControllerExceptionTest.php" line="182" assertions="2" time="0.058067"/>
      </testsuite>
      <testsuite name="App\Tests\Controller\JasonControllerTest" file="/home/ubuntu/dbwebbkurser/mvc/me/report/tests/Controller/JasonControllerTest.php" tests="7" assertions="42" errors="0" warnings="0" failures="0" skipped="0" time="0.361002">
        <testcase name="testApi" class="App\Tests\Controller\JasonControllerTest" classname="App.Tests.Controller.JasonControllerTest" file="/home/ubuntu/dbwebbkurser/mvc/me/report/tests/Controller/JasonControllerTest.php" line="18" assertions="2" time="0.127464"/>
        <testcase name="testApiQuote" class="App\Tests\Controller\JasonControllerTest" classname="App.Tests.Controller.JasonControllerTest" file="/home/ubuntu/dbwebbkurser/mvc/me/report/tests/Controller/JasonControllerTest.php" line="47" assertions="7" time="0.047934"/>
        <testcase name="testApiDeck" class="App\Tests\Controller\JasonControllerTest" classname="App.Tests.Controller.JasonControllerTest" file="/home/ubuntu/dbwebbkurser/mvc/me/report/tests/Controller/JasonControllerTest.php" line="95" assertions="5" time="0.042078"/>
        <testcase name="testApiDeckShuffle" class="App\Tests\Controller\JasonControllerTest" classname="App.Tests.Controller.JasonControllerTest" file="/home/ubuntu/dbwebbkurser/mvc/me/report/tests/Controller/JasonControllerTest.php" line="141" assertions="4" time="0.046592"/>
        <testcase name="testApiDeckDraw" class="App\Tests\Controller\JasonControllerTest" classname="App.Tests.Controller.JasonControllerTest" file="/home/ubuntu/dbwebbkurser/mvc/me/report/tests/Controller/JasonControllerTest.php" line="184" assertions="6" time="0.054902"/>
        <testcase name="testApiDeckDrawMany" class="App\Tests\Controller\JasonControllerTest" classname="App.Tests.Controller.JasonControllerTest" file="/home/ubuntu/dbwebbkurser/mvc/me/report/tests/Controller/JasonControllerTest.php" line="231" assertions="6" time="0.025220"/>
        <testcase name="testApiBlackJack" class="App\Tests\Controller\JasonControllerTest" classname="App.Tests.Controller.JasonControllerTest" file="/home/ubuntu/dbwebbkurser/mvc/me/report/tests/Controller/JasonControllerTest.php" line="278" assertions="12" time="0.016812"/>
      </testsuite>
      <testsuite name="App\Tests\Controller\ProductControllerTest" file="/home/ubuntu/dbwebbkurser/mvc/me/report/tests/Controller/ProductControllerTest.php" tests="10" assertions="18" errors="0" warnings="0" failures="0" skipped="0" time="1.085656">
        <testcase name="testAppProduct" class="App\Tests\Controller\ProductControllerTest" classname="App.Tests.Controller.ProductControllerTest" file="/home/ubuntu/dbwebbkurser/mvc/me/report/tests/Controller/ProductControllerTest.php" line="48" assertions="2" time="0.091882"/>
        <testcase name="testAppProductCreate" class="App\Tests\Controller\ProductControllerTest" classname="App.Tests.Controller.ProductControllerTest" file="/home/ubuntu/dbwebbkurser/mvc/me/report/tests/Controller/ProductControllerTest.php" line="77" assertions="1" time="0.348449"/>
        <testcase name="testAppProductShow" class="App\Tests\Controller\ProductControllerTest" classname="App.Tests.Controller.ProductControllerTest" file="/home/ubuntu/dbwebbkurser/mvc/me/report/tests/Controller/ProductControllerTest.php" line="106" assertions="1" time="0.187789"/>
        <testcase name="testAppProductShowId" class="App\Tests\Controller\ProductControllerTest" classname="App.Tests.Controller.ProductControllerTest" file="/home/ubuntu/dbwebbkurser/mvc/me/report/tests/Controller/ProductControllerTest.php" line="134" assertions="1" time="0.044347"/>
        <testcase name="testAppProductUpdateAndDelete" class="App\Tests\Controller\ProductControllerTest" classname="App.Tests.Controller.ProductControllerTest" file="/home/ubuntu/dbwebbkurser/mvc/me/report/tests/Controller/ProductControllerTest.php" line="162" assertions="4" time="0.104089"/>
        <testcase name="testAppProductUpdateException" class="App\Tests\Controller\ProductControllerTest" classname="App.Tests.Controller.ProductControllerTest" file="/home/ubuntu/dbwebbkurser/mvc/me/report/tests/Controller/ProductControllerTest.php" line="211" assertions="2" time="0.024263"/>
        <testcase name="testAppProductDeleteException" class="App\Tests\Controller\ProductControllerTest" classname="App.Tests.Controller.ProductControllerTest" file="/home/ubuntu/dbwebbkurser/mvc/me/report/tests/Controller/ProductControllerTest.php" line="238" assertions="2" time="0.023829"/>
        <testcase name="testAppProductView" class="App\Tests\Controller\ProductControllerTest" classname="App.Tests.Controller.ProductControllerTest" file="/home/ubuntu/dbwebbkurser/mvc/me/report/tests/Controller/ProductControllerTest.php" line="263" assertions="2" time="0.070176"/>
        <testcase name="testAppProductViewWithMinimum" class="App\Tests\Controller\ProductControllerTest" classname="App.Tests.Controller.ProductControllerTest" file="/home/ubuntu/dbwebbkurser/mvc/me/report/tests/Controller/ProductControllerTest.php" line="292" assertions="2" time="0.157750"/>
        <testcase name="testAppProductViewByMinimum" class="App\Tests\Controller\ProductControllerTest" classname="App.Tests.Controller.ProductControllerTest" file="/home/ubuntu/dbwebbkurser/mvc/me/report/tests/Controller/ProductControllerTest.php" line="321" assertions="1" time="0.033083"/>
      </testsuite>
      <testsuite name="App\Test\Entity\ProductTest" file="/home/ubuntu/dbwebbkurser/mvc/me/report/tests/Entity/ProductTest.php" tests="2" assertions="4" errors="0" warnings="0" failures="0" skipped="0" time="0.003231">
        <testcase name="testCreateObject" class="App\Test\Entity\ProductTest" classname="App.Test.Entity.ProductTest" file="/home/ubuntu/dbwebbkurser/mvc/me/report/tests/Entity/ProductTest.php" line="21" assertions="1" time="0.002233"/>
        <testcase name="testSetAndGetMethods" class="App\Test\Entity\ProductTest" classname="App.Test.Entity.ProductTest" file="/home/ubuntu/dbwebbkurser/mvc/me/report/tests/Entity/ProductTest.php" line="34" assertions="3" time="0.000998"/>
      </testsuite>
      <testsuite name="App\Cards\BlackJackTest" file="/home/ubuntu/dbwebbkurser/mvc/me/report/tests/Game/Cards/BlackJackTest.php" tests="5" assertions="20" errors="0" warnings="0" failures="0" skipped="0" time="0.071237">
        <testcase name="testCreateObject" class="App\Cards\BlackJackTest" classname="App.Cards.BlackJackTest" file="/home/ubuntu/dbwebbkurser/mvc/me/report/tests/Game/Cards/BlackJackTest.php" line="22" assertions="2" time="0.002608"/>
        <testcase name="testBooleans" class="App\Cards\BlackJackTest" classname="App.Cards.BlackJackTest" file="/home/ubuntu/dbwebbkurser/mvc/me/report/tests/Game/Cards/BlackJackTest.php" line="38" assertions="2" time="0.002537"/>
        <testcase name="testHit" class="App\Cards\BlackJackTest" classname="App.Cards.BlackJackTest" file="/home/ubuntu/dbwebbkurser/mvc/me/report/tests/Game/Cards/BlackJackTest.php" line="56" assertions="2" time="0.002662"/>
        <testcase name="testStay" class="App\Cards\BlackJackTest" classname="App.Cards.BlackJackTest" file="/home/ubuntu/dbwebbkurser/mvc/me/report/tests/Game/Cards/BlackJackTest.php" line="79" assertions="1" time="0.005872"/>
        <testcase name="testEndState" class="App\Cards\BlackJackTest" classname="App.Cards.BlackJackTest" file="/home/ubuntu/dbwebbkurser/mvc/me/report/tests/Game/Cards/BlackJackTest.php" line="88" assertions="13" time="0.057558"/>
      </testsuite>
      <testsuite name="App\Cards\CardGraphicTest" file="/home/ubuntu/dbwebbkurser/mvc/me/report/tests/Game/Cards/CardGraphicTest.php" tests="3" assertions="9" errors="0" warnings="0" failures="0" skipped="0" time="0.003371">
        <testcase name="testCreateObject" class="App\Cards\CardGraphicTest" classname="App.Cards.CardGraphicTest" file="/home/ubuntu/dbwebbkurser/mvc/me/report/tests/Game/Cards/CardGraphicTest.php" line="21" assertions="2" time="0.001157"/>
        <testcase name="testGetFunctions" class="App\Cards\CardGraphicTest" classname="App.Cards.CardGraphicTest" file="/home/ubuntu/dbwebbkurser/mvc/me/report/tests/Game/Cards/CardGraphicTest.php" line="37" assertions="3" time="0.001052"/>
        <testcase name="testSetFunctions" class="App\Cards\CardGraphicTest" classname="App.Cards.CardGraphicTest" file="/home/ubuntu/dbwebbkurser/mvc/me/report/tests/Game/Cards/CardGraphicTest.php" line="58" assertions="4" time="0.001162"/>
      </testsuite>
      <testsuite name="App\Cards\CardHandTest" file="/home/ubuntu/dbwebbkurser/mvc/me/report/tests/Game/Cards/CardHandTest.php" tests="3" assertions="8" errors="0" warnings="0" failures="0" skipped="0" time="0.003776">
        <testcase name="testCreateObject" class="App\Cards\CardHandTest" classname="App.Cards.CardHandTest" file="/home/ubuntu/dbwebbkurser/mvc/me/report/tests/Game/Cards/CardHandTest.php" line="22" assertions="2" time="0.001042"/>
        <testcase name="testAddCard" class="App\Cards\CardHandTest" classname="App.Cards.CardHandTest" file="/home/ubuntu/dbwebbkurser/mvc/me/report/tests/Game/Cards/CardHandTest.php" line="38" assertions="1" time="0.001039"/>
        <testcase name="testGetFunctions" class="App\Cards\CardHandTest" classname="App.Cards.CardHandTest" file="/home/ubuntu/dbwebbkurser/mvc/me/report/tests/Game/Cards/CardHandTest.php" line="56" assertions="5" time="0.001695"/>
      </testsuite>
      <testsuite name="App\Cards\CardTest" file="/home/ubuntu/dbwebbkurser/mvc/me/report/tests/Game/Cards/CardTest.php" tests="3" assertions="9" errors="0" warnings="0" failures="0" skipped="0" time="0.003248">
        <testcase name="testCreateObject" class="App\Cards\CardTest" classname="App.Cards.CardTest" file="/home/ubuntu/dbwebbkurser/mvc/me/report/tests/Game/Cards/CardTest.php" line="21" assertions="2" time="0.001200"/>
        <testcase name="testGetFunctions" class="App\Cards\CardTest" classname="App.Cards.CardTest" file="/home/ubuntu/dbwebbkurser/mvc/me/report/tests/Game/Cards/CardTest.php" line="38" assertions="3" time="0.001031"/>
        <testcase name="testSetFunctions" class="App\Cards\CardTest" classname="App.Cards.CardTest" file="/home/ubuntu/dbwebbkurser/mvc/me/report/tests/Game/Cards/CardTest.php" line="59" assertions="4" time="0.001017"/>
      </testsuite>
      <testsuite name="App\Cards\DeckOfCardsTest" file="/home/ubuntu/dbwebbkurser/mvc/me/report/tests/Game/Cards/DeckOfCardsTest.php" tests="3" assertions="10" errors="0" warnings="0" failures="0" skipped="0" time="0.028296">
        <testcase name="testCreateObject" class="App\Cards\DeckOfCardsTest" classname="App.Cards.DeckOfCardsTest" file="/home/ubuntu/dbwebbkurser/mvc/me/report/tests/Game/Cards/DeckOfCardsTest.php" line="22" assertions="2" time="0.003118"/>
        <testcase name="testDeckManipulation" class="App\Cards\DeckOfCardsTest" classname="App.Cards.DeckOfCardsTest" file="/home/ubuntu/dbwebbkurser/mvc/me/report/tests/Game/Cards/DeckOfCardsTest.php" line="38" assertions="2" time="0.011021"/>
        <testcase name="testDrawCard" class="App\Cards\DeckOfCardsTest" classname="App.Cards.DeckOfCardsTest" file="/home/ubuntu/dbwebbkurser/mvc/me/report/tests/Game/Cards/DeckOfCardsTest.php" line="57" assertions="6" time="0.014157"/>
      </testsuite>
      <testsuite name="App\Dice\DiceGraphicTest" file="/home/ubuntu/dbwebbkurser/mvc/me/report/tests/Game/Dice/DiceGraphicTest.php" tests="2" assertions="3" errors="0" warnings="0" failures="0" skipped="0" time="0.116518">
        <testcase name="testCreateObject" class="App\Dice\DiceGraphicTest" classname="App.Dice.DiceGraphicTest" file="/home/ubuntu/dbwebbkurser/mvc/me/report/tests/Game/Dice/DiceGraphicTest.php" line="21" assertions="2" time="0.001367"/>
        <testcase name="testGetString" class="App\Dice\DiceGraphicTest" classname="App.Dice.DiceGraphicTest" file="/home/ubuntu/dbwebbkurser/mvc/me/report/tests/Game/Dice/DiceGraphicTest.php" line="37" assertions="1" time="0.115151"/>
      </testsuite>
      <testsuite name="App\Dice\DiceHandTest" file="/home/ubuntu/dbwebbkurser/mvc/me/report/tests/Game/Dice/DiceHandTest.php" tests="5" assertions="6" errors="0" warnings="0" failures="0" skipped="0" time="0.014448">
        <testcase name="testCreateObject" class="App\Dice\DiceHandTest" classname="App.Dice.DiceHandTest" file="/home/ubuntu/dbwebbkurser/mvc/me/report/tests/Game/Dice/DiceHandTest.php" line="21" assertions="1" time="0.001526"/>
        <testcase name="testAddDice" class="App\Dice\DiceHandTest" classname="App.Dice.DiceHandTest" file="/home/ubuntu/dbwebbkurser/mvc/me/report/tests/Game/Dice/DiceHandTest.php" line="34" assertions="1" time="0.005305"/>
        <testcase name="testRemoveDice" class="App\Dice\DiceHandTest" classname="App.Dice.DiceHandTest" file="/home/ubuntu/dbwebbkurser/mvc/me/report/tests/Game/Dice/DiceHandTest.php" line="60" assertions="2" time="0.001743"/>
        <testcase name="testGetValues" class="App\Dice\DiceHandTest" classname="App.Dice.DiceHandTest" file="/home/ubuntu/dbwebbkurser/mvc/me/report/tests/Game/Dice/DiceHandTest.php" line="81" assertions="1" time="0.002904"/>
        <testcase name="testGetString" class="App\Dice\DiceHandTest" classname="App.Dice.DiceHandTest" file="/home/ubuntu/dbwebbkurser/mvc/me/report/tests/Game/Dice/DiceHandTest.php" line="104" assertions="1" time="0.002970"/>
      </testsuite>
      <testsuite name="App\Dice\DiceTest" file="/home/ubuntu/dbwebbkurser/mvc/me/report/tests/Game/Dice/DiceTest.php" tests="5" assertions="12" errors="0" warnings="0" failures="0" skipped="0" time="0.020164">
        <testcase name="testCreateObject" class="App\Dice\DiceTest" classname="App.Dice.DiceTest" file="/home/ubuntu/dbwebbkurser/mvc/me/report/tests/Game/Dice/DiceTest.php" line="21" assertions="2" time="0.001762"/>
        <testcase name="testStubRollValue" class="App\Dice\DiceTest" classname="App.Dice.DiceTest" file="/home/ubuntu/dbwebbkurser/mvc/me/report/tests/Game/Dice/DiceTest.php" line="38" assertions="1" time="0.002400"/>
        <testcase name="testRollDiceValueInRange" class="App\Dice\DiceTest" classname="App.Dice.DiceTest" file="/home/ubuntu/dbwebbkurser/mvc/me/report/tests/Game/Dice/DiceTest.php" line="59" assertions="4" time="0.009111"/>
        <testcase name="testRollDiceValue" class="App\Dice\DiceTest" classname="App.Dice.DiceTest" file="/home/ubuntu/dbwebbkurser/mvc/me/report/tests/Game/Dice/DiceTest.php" line="74" assertions="1" time="0.001578"/>
        <testcase name="testCreateObjectWithMock" class="App\Dice\DiceTest" classname="App.Dice.DiceTest" file="/home/ubuntu/dbwebbkurser/mvc/me/report/tests/Game/Dice/DiceTest.php" line="90" assertions="4" time="0.005312"/>
      </testsuite>
      <testsuite name="App\Test\Repository\ProductRepositoryTest" file="/home/ubuntu/dbwebbkurser/mvc/me/report/tests/Repository/ProductRepositoryTest.php" tests="2" assertions="6" errors="0" warnings="0" failures="0" skipped="0" time="0.215724">
        <testcase name="testFindByMinimumValue" class="App\Test\Repository\ProductRepositoryTest" classname="App.Test.Repository.ProductRepositoryTest" file="/home/ubuntu/dbwebbkurser/mvc/me/report/tests/Repository/ProductRepositoryTest.php" line="77" assertions="3" time="0.138090"/>
        <testcase name="testFindByMinimumValue2" class="App\Test\Repository\ProductRepositoryTest" classname="App.Test.Repository.ProductRepositoryTest" file="/home/ubuntu/dbwebbkurser/mvc/me/report/tests/Repository/ProductRepositoryTest.php" line="93" assertions="3" time="0.077635"/>
      </testsuite>
    </testsuite>
  </testsuite>
</testsuites>
