<?xml version="1.0" encoding="UTF-8"?>
<testsuites>
  <testsuite name="" tests="121" assertions="383" errors="0" warnings="0" failures="0" skipped="0" time="3.729619">
    <testsuite name="Project Test Suite" tests="121" assertions="383" errors="0" warnings="0" failures="0" skipped="0" time="3.729619">
      <testsuite name="App\Tests\Cards\CardGraphicTest" file="/home/ubuntu/dbwebbkurser/mvc/me/report/tests/Cards/CardGraphicTest.php" tests="3" assertions="9" errors="0" warnings="0" failures="0" skipped="0" time="0.009703">
        <testcase name="testCreateObject" class="App\Tests\Cards\CardGraphicTest" classname="App.Tests.Cards.CardGraphicTest" file="/home/ubuntu/dbwebbkurser/mvc/me/report/tests/Cards/CardGraphicTest.php" line="21" assertions="2" time="0.008501"/>
        <testcase name="testGetFunctions" class="App\Tests\Cards\CardGraphicTest" classname="App.Tests.Cards.CardGraphicTest" file="/home/ubuntu/dbwebbkurser/mvc/me/report/tests/Cards/CardGraphicTest.php" line="37" assertions="3" time="0.000839"/>
        <testcase name="testSetFunctions" class="App\Tests\Cards\CardGraphicTest" classname="App.Tests.Cards.CardGraphicTest" file="/home/ubuntu/dbwebbkurser/mvc/me/report/tests/Cards/CardGraphicTest.php" line="58" assertions="4" time="0.000363"/>
      </testsuite>
      <testsuite name="App\Tests\Cards\CardHandTest" file="/home/ubuntu/dbwebbkurser/mvc/me/report/tests/Cards/CardHandTest.php" tests="3" assertions="8" errors="0" warnings="0" failures="0" skipped="0" time="0.001647">
        <testcase name="testCreateObject" class="App\Tests\Cards\CardHandTest" classname="App.Tests.Cards.CardHandTest" file="/home/ubuntu/dbwebbkurser/mvc/me/report/tests/Cards/CardHandTest.php" line="22" assertions="2" time="0.000905"/>
        <testcase name="testAddCard" class="App\Tests\Cards\CardHandTest" classname="App.Tests.Cards.CardHandTest" file="/home/ubuntu/dbwebbkurser/mvc/me/report/tests/Cards/CardHandTest.php" line="38" assertions="1" time="0.000358"/>
        <testcase name="testGetFunctions" class="App\Tests\Cards\CardHandTest" classname="App.Tests.Cards.CardHandTest" file="/home/ubuntu/dbwebbkurser/mvc/me/report/tests/Cards/CardHandTest.php" line="56" assertions="5" time="0.000383"/>
      </testsuite>
      <testsuite name="App\Tests\Cards\CardTest" file="/home/ubuntu/dbwebbkurser/mvc/me/report/tests/Cards/CardTest.php" tests="3" assertions="9" errors="0" warnings="0" failures="0" skipped="0" time="0.001019">
        <testcase name="testCreateObject" class="App\Tests\Cards\CardTest" classname="App.Tests.Cards.CardTest" file="/home/ubuntu/dbwebbkurser/mvc/me/report/tests/Cards/CardTest.php" line="21" assertions="2" time="0.000354"/>
        <testcase name="testGetFunctions" class="App\Tests\Cards\CardTest" classname="App.Tests.Cards.CardTest" file="/home/ubuntu/dbwebbkurser/mvc/me/report/tests/Cards/CardTest.php" line="38" assertions="3" time="0.000323"/>
        <testcase name="testSetFunctions" class="App\Tests\Cards\CardTest" classname="App.Tests.Cards.CardTest" file="/home/ubuntu/dbwebbkurser/mvc/me/report/tests/Cards/CardTest.php" line="59" assertions="4" time="0.000343"/>
      </testsuite>
      <testsuite name="App\Tests\Cards\DeckOfCardsTest" file="/home/ubuntu/dbwebbkurser/mvc/me/report/tests/Cards/DeckOfCardsTest.php" tests="3" assertions="10" errors="0" warnings="0" failures="0" skipped="0" time="0.010149">
        <testcase name="testCreateObject" class="App\Tests\Cards\DeckOfCardsTest" classname="App.Tests.Cards.DeckOfCardsTest" file="/home/ubuntu/dbwebbkurser/mvc/me/report/tests/Cards/DeckOfCardsTest.php" line="22" assertions="2" time="0.001462"/>
        <testcase name="testDeckManipulation" class="App\Tests\Cards\DeckOfCardsTest" classname="App.Tests.Cards.DeckOfCardsTest" file="/home/ubuntu/dbwebbkurser/mvc/me/report/tests/Cards/DeckOfCardsTest.php" line="38" assertions="2" time="0.004858"/>
        <testcase name="testDrawCard" class="App\Tests\Cards\DeckOfCardsTest" classname="App.Tests.Cards.DeckOfCardsTest" file="/home/ubuntu/dbwebbkurser/mvc/me/report/tests/Cards/DeckOfCardsTest.php" line="57" assertions="6" time="0.003829"/>
      </testsuite>
      <testsuite name="App\Tests\Controller\BaseControllerTest" file="/home/ubuntu/dbwebbkurser/mvc/me/report/tests/Controller/BaseControllerTest.php" tests="7" assertions="14" errors="0" warnings="0" failures="0" skipped="0" time="2.200131">
        <testcase name="testHome" class="App\Tests\Controller\BaseControllerTest" classname="App.Tests.Controller.BaseControllerTest" file="/home/ubuntu/dbwebbkurser/mvc/me/report/tests/Controller/BaseControllerTest.php" line="35" assertions="2" time="2.015107"/>
        <testcase name="testAbout" class="App\Tests\Controller\BaseControllerTest" classname="App.Tests.Controller.BaseControllerTest" file="/home/ubuntu/dbwebbkurser/mvc/me/report/tests/Controller/BaseControllerTest.php" line="63" assertions="2" time="0.018172"/>
        <testcase name="testReport" class="App\Tests\Controller\BaseControllerTest" classname="App.Tests.Controller.BaseControllerTest" file="/home/ubuntu/dbwebbkurser/mvc/me/report/tests/Controller/BaseControllerTest.php" line="91" assertions="2" time="0.018261"/>
        <testcase name="testLucky" class="App\Tests\Controller\BaseControllerTest" classname="App.Tests.Controller.BaseControllerTest" file="/home/ubuntu/dbwebbkurser/mvc/me/report/tests/Controller/BaseControllerTest.php" line="119" assertions="2" time="0.016929"/>
        <testcase name="testMetrics" class="App\Tests\Controller\BaseControllerTest" classname="App.Tests.Controller.BaseControllerTest" file="/home/ubuntu/dbwebbkurser/mvc/me/report/tests/Controller/BaseControllerTest.php" line="147" assertions="2" time="0.024468"/>
        <testcase name="testOldMetrics" class="App\Tests\Controller\BaseControllerTest" classname="App.Tests.Controller.BaseControllerTest" file="/home/ubuntu/dbwebbkurser/mvc/me/report/tests/Controller/BaseControllerTest.php" line="175" assertions="2" time="0.075600"/>
        <testcase name="testNewMetrics" class="App\Tests\Controller\BaseControllerTest" classname="App.Tests.Controller.BaseControllerTest" file="/home/ubuntu/dbwebbkurser/mvc/me/report/tests/Controller/BaseControllerTest.php" line="203" assertions="2" time="0.031595"/>
      </testsuite>
      <testsuite name="App\Tests\Controller\BlackJackControllerTest" file="/home/ubuntu/dbwebbkurser/mvc/me/report/tests/Controller/BlackJackControllerTest.php" tests="6" assertions="14" errors="0" warnings="0" failures="0" skipped="0" time="0.138320">
        <testcase name="testGameStart" class="App\Tests\Controller\BlackJackControllerTest" classname="App.Tests.Controller.BlackJackControllerTest" file="/home/ubuntu/dbwebbkurser/mvc/me/report/tests/Controller/BlackJackControllerTest.php" line="18" assertions="2" time="0.015621"/>
        <testcase name="testBlackJackDoc" class="App\Tests\Controller\BlackJackControllerTest" classname="App.Tests.Controller.BlackJackControllerTest" file="/home/ubuntu/dbwebbkurser/mvc/me/report/tests/Controller/BlackJackControllerTest.php" line="47" assertions="2" time="0.015117"/>
        <testcase name="testBlackJackStart" class="App\Tests\Controller\BlackJackControllerTest" classname="App.Tests.Controller.BlackJackControllerTest" file="/home/ubuntu/dbwebbkurser/mvc/me/report/tests/Controller/BlackJackControllerTest.php" line="76" assertions="2" time="0.020036"/>
        <testcase name="testBlackJackHit" class="App\Tests\Controller\BlackJackControllerTest" classname="App.Tests.Controller.BlackJackControllerTest" file="/home/ubuntu/dbwebbkurser/mvc/me/report/tests/Controller/BlackJackControllerTest.php" line="105" assertions="6" time="0.060834"/>
        <testcase name="testBlackJackStay" class="App\Tests\Controller\BlackJackControllerTest" classname="App.Tests.Controller.BlackJackControllerTest" file="/home/ubuntu/dbwebbkurser/mvc/me/report/tests/Controller/BlackJackControllerTest.php" line="141" assertions="1" time="0.012205"/>
        <testcase name="testBlackJackReset" class="App\Tests\Controller\BlackJackControllerTest" classname="App.Tests.Controller.BlackJackControllerTest" file="/home/ubuntu/dbwebbkurser/mvc/me/report/tests/Controller/BlackJackControllerTest.php" line="168" assertions="1" time="0.014507"/>
      </testsuite>
      <testsuite name="App\Tests\Controller\BookControllerTest" file="/home/ubuntu/dbwebbkurser/mvc/me/report/tests/Controller/BookControllerTest.php" tests="8" assertions="31" errors="0" warnings="0" failures="0" skipped="0" time="0.328602">
        <testcase name="testCRUD" class="App\Tests\Controller\BookControllerTest" classname="App.Tests.Controller.BookControllerTest" file="/home/ubuntu/dbwebbkurser/mvc/me/report/tests/Controller/BookControllerTest.php" line="281" assertions="17" time="0.197263"/>
        <testcase name="testLibrary" class="App\Tests\Controller\BookControllerTest" classname="App.Tests.Controller.BookControllerTest" file="/home/ubuntu/dbwebbkurser/mvc/me/report/tests/Controller/BookControllerTest.php" line="300" assertions="2" time="0.017419"/>
        <testcase name="testBookCreateGET" class="App\Tests\Controller\BookControllerTest" classname="App.Tests.Controller.BookControllerTest" file="/home/ubuntu/dbwebbkurser/mvc/me/report/tests/Controller/BookControllerTest.php" line="324" assertions="2" time="0.016076"/>
        <testcase name="testShowAll" class="App\Tests\Controller\BookControllerTest" classname="App.Tests.Controller.BookControllerTest" file="/home/ubuntu/dbwebbkurser/mvc/me/report/tests/Controller/BookControllerTest.php" line="348" assertions="2" time="0.019944"/>
        <testcase name="testShowOne" class="App\Tests\Controller\BookControllerTest" classname="App.Tests.Controller.BookControllerTest" file="/home/ubuntu/dbwebbkurser/mvc/me/report/tests/Controller/BookControllerTest.php" line="372" assertions="2" time="0.018443"/>
        <testcase name="testShowAllUpdate" class="App\Tests\Controller\BookControllerTest" classname="App.Tests.Controller.BookControllerTest" file="/home/ubuntu/dbwebbkurser/mvc/me/report/tests/Controller/BookControllerTest.php" line="418" assertions="2" time="0.019724"/>
        <testcase name="testBookUpdateGET" class="App\Tests\Controller\BookControllerTest" classname="App.Tests.Controller.BookControllerTest" file="/home/ubuntu/dbwebbkurser/mvc/me/report/tests/Controller/BookControllerTest.php" line="442" assertions="2" time="0.019210"/>
        <testcase name="testBookShowAllDeleteGET" class="App\Tests\Controller\BookControllerTest" classname="App.Tests.Controller.BookControllerTest" file="/home/ubuntu/dbwebbkurser/mvc/me/report/tests/Controller/BookControllerTest.php" line="481" assertions="2" time="0.020523"/>
      </testsuite>
      <testsuite name="App\Tests\Controller\CardGameControllerExceptionTest" file="/home/ubuntu/dbwebbkurser/mvc/me/report/tests/Controller/CardGameControllerExceptionTest.php" tests="5" assertions="9" errors="0" warnings="0" failures="0" skipped="0" time="0.146684">
        <testcase name="testCardDeckDrawEmptyException" class="App\Tests\Controller\CardGameControllerExceptionTest" classname="App.Tests.Controller.CardGameControllerExceptionTest" file="/home/ubuntu/dbwebbkurser/mvc/me/report/tests/Controller/CardGameControllerExceptionTest.php" line="62" assertions="2" time="0.050667"/>
        <testcase name="testCardDeckDrawManyHighException" class="App\Tests\Controller\CardGameControllerExceptionTest" classname="App.Tests.Controller.CardGameControllerExceptionTest" file="/home/ubuntu/dbwebbkurser/mvc/me/report/tests/Controller/CardGameControllerExceptionTest.php" line="96" assertions="2" time="0.006520"/>
        <testcase name="testCardDeckDrawManyLowException" class="App\Tests\Controller\CardGameControllerExceptionTest" classname="App.Tests.Controller.CardGameControllerExceptionTest" file="/home/ubuntu/dbwebbkurser/mvc/me/report/tests/Controller/CardGameControllerExceptionTest.php" line="124" assertions="2" time="0.006506"/>
        <testcase name="testCardDeckDrawManyToManyException" class="App\Tests\Controller\CardGameControllerExceptionTest" classname="App.Tests.Controller.CardGameControllerExceptionTest" file="/home/ubuntu/dbwebbkurser/mvc/me/report/tests/Controller/CardGameControllerExceptionTest.php" line="149" assertions="1" time="0.042058"/>
        <testcase name="testCardDeckDrawManyEmptyException" class="App\Tests\Controller\CardGameControllerExceptionTest" classname="App.Tests.Controller.CardGameControllerExceptionTest" file="/home/ubuntu/dbwebbkurser/mvc/me/report/tests/Controller/CardGameControllerExceptionTest.php" line="182" assertions="2" time="0.040933"/>
      </testsuite>
      <testsuite name="App\Tests\Controller\CardGameControllerTest" file="/home/ubuntu/dbwebbkurser/mvc/me/report/tests/Controller/CardGameControllerTest.php" tests="7" assertions="14" errors="0" warnings="0" failures="0" skipped="0" time="0.134498">
        <testcase name="testCardStart" class="App\Tests\Controller\CardGameControllerTest" classname="App.Tests.Controller.CardGameControllerTest" file="/home/ubuntu/dbwebbkurser/mvc/me/report/tests/Controller/CardGameControllerTest.php" line="18" assertions="2" time="0.018603"/>
        <testcase name="testCardSession" class="App\Tests\Controller\CardGameControllerTest" classname="App.Tests.Controller.CardGameControllerTest" file="/home/ubuntu/dbwebbkurser/mvc/me/report/tests/Controller/CardGameControllerTest.php" line="49" assertions="2" time="0.020825"/>
        <testcase name="testCardSessionDelete" class="App\Tests\Controller\CardGameControllerTest" classname="App.Tests.Controller.CardGameControllerTest" file="/home/ubuntu/dbwebbkurser/mvc/me/report/tests/Controller/CardGameControllerTest.php" line="80" assertions="2" time="0.015049"/>
        <testcase name="testCardDeck" class="App\Tests\Controller\CardGameControllerTest" classname="App.Tests.Controller.CardGameControllerTest" file="/home/ubuntu/dbwebbkurser/mvc/me/report/tests/Controller/CardGameControllerTest.php" line="111" assertions="2" time="0.019807"/>
        <testcase name="testCardDeckShuffle" class="App\Tests\Controller\CardGameControllerTest" classname="App.Tests.Controller.CardGameControllerTest" file="/home/ubuntu/dbwebbkurser/mvc/me/report/tests/Controller/CardGameControllerTest.php" line="142" assertions="2" time="0.021640"/>
        <testcase name="testCardDeckDraw" class="App\Tests\Controller\CardGameControllerTest" classname="App.Tests.Controller.CardGameControllerTest" file="/home/ubuntu/dbwebbkurser/mvc/me/report/tests/Controller/CardGameControllerTest.php" line="173" assertions="2" time="0.018885"/>
        <testcase name="testCardDeckDrawMany" class="App\Tests\Controller\CardGameControllerTest" classname="App.Tests.Controller.CardGameControllerTest" file="/home/ubuntu/dbwebbkurser/mvc/me/report/tests/Controller/CardGameControllerTest.php" line="204" assertions="2" time="0.019689"/>
      </testsuite>
      <testsuite name="App\Tests\Controller\DiceGameControllerExceptionTest" file="/home/ubuntu/dbwebbkurser/mvc/me/report/tests/Controller/DiceControllerExceptionTest.php" tests="4" assertions="8" errors="0" warnings="0" failures="0" skipped="0" time="0.029028">
        <testcase name="testDiceHighException" class="App\Tests\Controller\DiceGameControllerExceptionTest" classname="App.Tests.Controller.DiceGameControllerExceptionTest" file="/home/ubuntu/dbwebbkurser/mvc/me/report/tests/Controller/DiceControllerExceptionTest.php" line="46" assertions="2" time="0.009180"/>
        <testcase name="testDiceLowException" class="App\Tests\Controller\DiceGameControllerExceptionTest" classname="App.Tests.Controller.DiceGameControllerExceptionTest" file="/home/ubuntu/dbwebbkurser/mvc/me/report/tests/Controller/DiceControllerExceptionTest.php" line="71" assertions="2" time="0.006602"/>
        <testcase name="testDicehandHighException" class="App\Tests\Controller\DiceGameControllerExceptionTest" classname="App.Tests.Controller.DiceGameControllerExceptionTest" file="/home/ubuntu/dbwebbkurser/mvc/me/report/tests/Controller/DiceControllerExceptionTest.php" line="99" assertions="2" time="0.006907"/>
        <testcase name="testDicehandLowException" class="App\Tests\Controller\DiceGameControllerExceptionTest" classname="App.Tests.Controller.DiceGameControllerExceptionTest" file="/home/ubuntu/dbwebbkurser/mvc/me/report/tests/Controller/DiceControllerExceptionTest.php" line="124" assertions="2" time="0.006339"/>
      </testsuite>
      <testsuite name="App\Tests\Controller\DiceControllerTest" file="/home/ubuntu/dbwebbkurser/mvc/me/report/tests/Controller/DiceControllerTest.php" tests="8" assertions="20" errors="0" warnings="0" failures="0" skipped="0" time="0.172664">
        <testcase name="testPigStart" class="App\Tests\Controller\DiceControllerTest" classname="App.Tests.Controller.DiceControllerTest" file="/home/ubuntu/dbwebbkurser/mvc/me/report/tests/Controller/DiceControllerTest.php" line="49" assertions="2" time="0.014198"/>
        <testcase name="testPigInitGET" class="App\Tests\Controller\DiceControllerTest" classname="App.Tests.Controller.DiceControllerTest" file="/home/ubuntu/dbwebbkurser/mvc/me/report/tests/Controller/DiceControllerTest.php" line="78" assertions="2" time="0.014298"/>
        <testcase name="testPigPlay" class="App\Tests\Controller\DiceControllerTest" classname="App.Tests.Controller.DiceControllerTest" file="/home/ubuntu/dbwebbkurser/mvc/me/report/tests/Controller/DiceControllerTest.php" line="107" assertions="3" time="0.026737"/>
        <testcase name="testPigSave" class="App\Tests\Controller\DiceControllerTest" classname="App.Tests.Controller.DiceControllerTest" file="/home/ubuntu/dbwebbkurser/mvc/me/report/tests/Controller/DiceControllerTest.php" line="139" assertions="1" time="0.011091"/>
        <testcase name="testPigRoll" class="App\Tests\Controller\DiceControllerTest" classname="App.Tests.Controller.DiceControllerTest" file="/home/ubuntu/dbwebbkurser/mvc/me/report/tests/Controller/DiceControllerTest.php" line="166" assertions="6" time="0.058606"/>
        <testcase name="testRollDice" class="App\Tests\Controller\DiceControllerTest" classname="App.Tests.Controller.DiceControllerTest" file="/home/ubuntu/dbwebbkurser/mvc/me/report/tests/Controller/DiceControllerTest.php" line="198" assertions="2" time="0.016205"/>
        <testcase name="testRollNumDice" class="App\Tests\Controller\DiceControllerTest" classname="App.Tests.Controller.DiceControllerTest" file="/home/ubuntu/dbwebbkurser/mvc/me/report/tests/Controller/DiceControllerTest.php" line="227" assertions="2" time="0.014889"/>
        <testcase name="testDicehand" class="App\Tests\Controller\DiceControllerTest" classname="App.Tests.Controller.DiceControllerTest" file="/home/ubuntu/dbwebbkurser/mvc/me/report/tests/Controller/DiceControllerTest.php" line="256" assertions="2" time="0.016640"/>
      </testsuite>
      <testsuite name="App\Tests\Controller\JasonControllerExceptionTest" file="/home/ubuntu/dbwebbkurser/mvc/me/report/tests/Controller/JasonControllerExceptionTest.php" tests="5" assertions="9" errors="0" warnings="0" failures="0" skipped="0" time="0.117373">
        <testcase name="testApiDeckDrawEmptyException" class="App\Tests\Controller\JasonControllerExceptionTest" classname="App.Tests.Controller.JasonControllerExceptionTest" file="/home/ubuntu/dbwebbkurser/mvc/me/report/tests/Controller/JasonControllerExceptionTest.php" line="62" assertions="2" time="0.041467"/>
        <testcase name="testApiDeckDrawManyHighException" class="App\Tests\Controller\JasonControllerExceptionTest" classname="App.Tests.Controller.JasonControllerExceptionTest" file="/home/ubuntu/dbwebbkurser/mvc/me/report/tests/Controller/JasonControllerExceptionTest.php" line="96" assertions="2" time="0.007016"/>
        <testcase name="testApiDeckDrawManyLowException" class="App\Tests\Controller\JasonControllerExceptionTest" classname="App.Tests.Controller.JasonControllerExceptionTest" file="/home/ubuntu/dbwebbkurser/mvc/me/report/tests/Controller/JasonControllerExceptionTest.php" line="124" assertions="2" time="0.006825"/>
        <testcase name="testApiDeckDrawManyToManyException" class="App\Tests\Controller\JasonControllerExceptionTest" classname="App.Tests.Controller.JasonControllerExceptionTest" file="/home/ubuntu/dbwebbkurser/mvc/me/report/tests/Controller/JasonControllerExceptionTest.php" line="149" assertions="1" time="0.031030"/>
        <testcase name="testApiDeckDrawManyEmptyException" class="App\Tests\Controller\JasonControllerExceptionTest" classname="App.Tests.Controller.JasonControllerExceptionTest" file="/home/ubuntu/dbwebbkurser/mvc/me/report/tests/Controller/JasonControllerExceptionTest.php" line="182" assertions="2" time="0.031035"/>
      </testsuite>
      <testsuite name="App\Tests\Controller\JasonControllerTest" file="/home/ubuntu/dbwebbkurser/mvc/me/report/tests/Controller/JasonControllerTest.php" tests="9" assertions="64" errors="0" warnings="0" failures="0" skipped="0" time="0.108153">
        <testcase name="testApi" class="App\Tests\Controller\JasonControllerTest" classname="App.Tests.Controller.JasonControllerTest" file="/home/ubuntu/dbwebbkurser/mvc/me/report/tests/Controller/JasonControllerTest.php" line="20" assertions="2" time="0.019393"/>
        <testcase name="testApiQuote" class="App\Tests\Controller\JasonControllerTest" classname="App.Tests.Controller.JasonControllerTest" file="/home/ubuntu/dbwebbkurser/mvc/me/report/tests/Controller/JasonControllerTest.php" line="52" assertions="8" time="0.008601"/>
        <testcase name="testApiDeck" class="App\Tests\Controller\JasonControllerTest" classname="App.Tests.Controller.JasonControllerTest" file="/home/ubuntu/dbwebbkurser/mvc/me/report/tests/Controller/JasonControllerTest.php" line="101" assertions="5" time="0.008243"/>
        <testcase name="testApiDeckShuffle" class="App\Tests\Controller\JasonControllerTest" classname="App.Tests.Controller.JasonControllerTest" file="/home/ubuntu/dbwebbkurser/mvc/me/report/tests/Controller/JasonControllerTest.php" line="147" assertions="4" time="0.009329"/>
        <testcase name="testApiDeckDraw" class="App\Tests\Controller\JasonControllerTest" classname="App.Tests.Controller.JasonControllerTest" file="/home/ubuntu/dbwebbkurser/mvc/me/report/tests/Controller/JasonControllerTest.php" line="190" assertions="6" time="0.011222"/>
        <testcase name="testApiDeckDrawMany" class="App\Tests\Controller\JasonControllerTest" classname="App.Tests.Controller.JasonControllerTest" file="/home/ubuntu/dbwebbkurser/mvc/me/report/tests/Controller/JasonControllerTest.php" line="237" assertions="6" time="0.011148"/>
        <testcase name="testApiBlackJack" class="App\Tests\Controller\JasonControllerTest" classname="App.Tests.Controller.JasonControllerTest" file="/home/ubuntu/dbwebbkurser/mvc/me/report/tests/Controller/JasonControllerTest.php" line="284" assertions="20" time="0.010370"/>
        <testcase name="testApiLibraryBooks" class="App\Tests\Controller\JasonControllerTest" classname="App.Tests.Controller.JasonControllerTest" file="/home/ubuntu/dbwebbkurser/mvc/me/report/tests/Controller/JasonControllerTest.php" line="345" assertions="4" time="0.017134"/>
        <testcase name="testApiLibraryBookISBN" class="App\Tests\Controller\JasonControllerTest" classname="App.Tests.Controller.JasonControllerTest" file="/home/ubuntu/dbwebbkurser/mvc/me/report/tests/Controller/JasonControllerTest.php" line="388" assertions="9" time="0.012715"/>
      </testsuite>
      <testsuite name="App\Tests\Controller\ProductControllerTest" file="/home/ubuntu/dbwebbkurser/mvc/me/report/tests/Controller/ProductControllerTest.php" tests="10" assertions="18" errors="0" warnings="0" failures="0" skipped="0" time="0.197273">
        <testcase name="testAppProduct" class="App\Tests\Controller\ProductControllerTest" classname="App.Tests.Controller.ProductControllerTest" file="/home/ubuntu/dbwebbkurser/mvc/me/report/tests/Controller/ProductControllerTest.php" line="48" assertions="2" time="0.015344"/>
        <testcase name="testAppProductCreate" class="App\Tests\Controller\ProductControllerTest" classname="App.Tests.Controller.ProductControllerTest" file="/home/ubuntu/dbwebbkurser/mvc/me/report/tests/Controller/ProductControllerTest.php" line="77" assertions="1" time="0.026635"/>
        <testcase name="testAppProductShow" class="App\Tests\Controller\ProductControllerTest" classname="App.Tests.Controller.ProductControllerTest" file="/home/ubuntu/dbwebbkurser/mvc/me/report/tests/Controller/ProductControllerTest.php" line="106" assertions="1" time="0.014669"/>
        <testcase name="testAppProductShowId" class="App\Tests\Controller\ProductControllerTest" classname="App.Tests.Controller.ProductControllerTest" file="/home/ubuntu/dbwebbkurser/mvc/me/report/tests/Controller/ProductControllerTest.php" line="134" assertions="1" time="0.010422"/>
        <testcase name="testAppProductUpdateAndDelete" class="App\Tests\Controller\ProductControllerTest" classname="App.Tests.Controller.ProductControllerTest" file="/home/ubuntu/dbwebbkurser/mvc/me/report/tests/Controller/ProductControllerTest.php" line="162" assertions="4" time="0.043939"/>
        <testcase name="testAppProductUpdateException" class="App\Tests\Controller\ProductControllerTest" classname="App.Tests.Controller.ProductControllerTest" file="/home/ubuntu/dbwebbkurser/mvc/me/report/tests/Controller/ProductControllerTest.php" line="211" assertions="2" time="0.007963"/>
        <testcase name="testAppProductDeleteException" class="App\Tests\Controller\ProductControllerTest" classname="App.Tests.Controller.ProductControllerTest" file="/home/ubuntu/dbwebbkurser/mvc/me/report/tests/Controller/ProductControllerTest.php" line="238" assertions="2" time="0.007830"/>
        <testcase name="testAppProductView" class="App\Tests\Controller\ProductControllerTest" classname="App.Tests.Controller.ProductControllerTest" file="/home/ubuntu/dbwebbkurser/mvc/me/report/tests/Controller/ProductControllerTest.php" line="263" assertions="2" time="0.016328"/>
        <testcase name="testAppProductViewWithMinimum" class="App\Tests\Controller\ProductControllerTest" classname="App.Tests.Controller.ProductControllerTest" file="/home/ubuntu/dbwebbkurser/mvc/me/report/tests/Controller/ProductControllerTest.php" line="292" assertions="2" time="0.041494"/>
        <testcase name="testAppProductViewByMinimum" class="App\Tests\Controller\ProductControllerTest" classname="App.Tests.Controller.ProductControllerTest" file="/home/ubuntu/dbwebbkurser/mvc/me/report/tests/Controller/ProductControllerTest.php" line="321" assertions="1" time="0.012648"/>
      </testsuite>
      <testsuite name="App\Tests\Dice\DiceGraphicTest" file="/home/ubuntu/dbwebbkurser/mvc/me/report/tests/Dice/DiceGraphicTest.php" tests="2" assertions="3" errors="0" warnings="0" failures="0" skipped="0" time="0.001364">
        <testcase name="testCreateObject" class="App\Tests\Dice\DiceGraphicTest" classname="App.Tests.Dice.DiceGraphicTest" file="/home/ubuntu/dbwebbkurser/mvc/me/report/tests/Dice/DiceGraphicTest.php" line="21" assertions="2" time="0.000426"/>
        <testcase name="testGetString" class="App\Tests\Dice\DiceGraphicTest" classname="App.Tests.Dice.DiceGraphicTest" file="/home/ubuntu/dbwebbkurser/mvc/me/report/tests/Dice/DiceGraphicTest.php" line="37" assertions="1" time="0.000938"/>
      </testsuite>
      <testsuite name="App\Tests\Dice\DiceHandTest" file="/home/ubuntu/dbwebbkurser/mvc/me/report/tests/Dice/DiceHandTest.php" tests="5" assertions="6" errors="0" warnings="0" failures="0" skipped="0" time="0.002892">
        <testcase name="testCreateObject" class="App\Tests\Dice\DiceHandTest" classname="App.Tests.Dice.DiceHandTest" file="/home/ubuntu/dbwebbkurser/mvc/me/report/tests/Dice/DiceHandTest.php" line="22" assertions="1" time="0.000303"/>
        <testcase name="testAddDice" class="App\Tests\Dice\DiceHandTest" classname="App.Tests.Dice.DiceHandTest" file="/home/ubuntu/dbwebbkurser/mvc/me/report/tests/Dice/DiceHandTest.php" line="35" assertions="1" time="0.001202"/>
        <testcase name="testRemoveDice" class="App\Tests\Dice\DiceHandTest" classname="App.Tests.Dice.DiceHandTest" file="/home/ubuntu/dbwebbkurser/mvc/me/report/tests/Dice/DiceHandTest.php" line="61" assertions="2" time="0.000340"/>
        <testcase name="testGetValues" class="App\Tests\Dice\DiceHandTest" classname="App.Tests.Dice.DiceHandTest" file="/home/ubuntu/dbwebbkurser/mvc/me/report/tests/Dice/DiceHandTest.php" line="82" assertions="1" time="0.000528"/>
        <testcase name="testGetString" class="App\Tests\Dice\DiceHandTest" classname="App.Tests.Dice.DiceHandTest" file="/home/ubuntu/dbwebbkurser/mvc/me/report/tests/Dice/DiceHandTest.php" line="105" assertions="1" time="0.000519"/>
      </testsuite>
      <testsuite name="App\Tests\Dice\DiceTest" file="/home/ubuntu/dbwebbkurser/mvc/me/report/tests/Dice/DiceTest.php" tests="5" assertions="12" errors="0" warnings="0" failures="0" skipped="0" time="0.004590">
        <testcase name="testCreateObject" class="App\Tests\Dice\DiceTest" classname="App.Tests.Dice.DiceTest" file="/home/ubuntu/dbwebbkurser/mvc/me/report/tests/Dice/DiceTest.php" line="21" assertions="2" time="0.000336"/>
        <testcase name="testStubRollValue" class="App\Tests\Dice\DiceTest" classname="App.Tests.Dice.DiceTest" file="/home/ubuntu/dbwebbkurser/mvc/me/report/tests/Dice/DiceTest.php" line="38" assertions="1" time="0.000892"/>
        <testcase name="testRollDiceValueInRange" class="App\Tests\Dice\DiceTest" classname="App.Tests.Dice.DiceTest" file="/home/ubuntu/dbwebbkurser/mvc/me/report/tests/Dice/DiceTest.php" line="59" assertions="4" time="0.001847"/>
        <testcase name="testRollDiceValue" class="App\Tests\Dice\DiceTest" classname="App.Tests.Dice.DiceTest" file="/home/ubuntu/dbwebbkurser/mvc/me/report/tests/Dice/DiceTest.php" line="74" assertions="1" time="0.000455"/>
        <testcase name="testCreateObjectWithMock" class="App\Tests\Dice\DiceTest" classname="App.Tests.Dice.DiceTest" file="/home/ubuntu/dbwebbkurser/mvc/me/report/tests/Dice/DiceTest.php" line="90" assertions="4" time="0.001061"/>
      </testsuite>
      <testsuite name="App\Tests\Entity\BookTest" file="/home/ubuntu/dbwebbkurser/mvc/me/report/tests/Entity/BookTest.php" tests="2" assertions="9" errors="0" warnings="0" failures="0" skipped="0" time="0.000702">
        <testcase name="testCreateObject" class="App\Tests\Entity\BookTest" classname="App.Tests.Entity.BookTest" file="/home/ubuntu/dbwebbkurser/mvc/me/report/tests/Entity/BookTest.php" line="21" assertions="1" time="0.000328"/>
        <testcase name="testSetAndGetMethods" class="App\Tests\Entity\BookTest" classname="App.Tests.Entity.BookTest" file="/home/ubuntu/dbwebbkurser/mvc/me/report/tests/Entity/BookTest.php" line="34" assertions="8" time="0.000374"/>
      </testsuite>
      <testsuite name="App\Tests\Entity\ProductTest" file="/home/ubuntu/dbwebbkurser/mvc/me/report/tests/Entity/ProductTest.php" tests="2" assertions="4" errors="0" warnings="0" failures="0" skipped="0" time="0.000820">
        <testcase name="testCreateObject" class="App\Tests\Entity\ProductTest" classname="App.Tests.Entity.ProductTest" file="/home/ubuntu/dbwebbkurser/mvc/me/report/tests/Entity/ProductTest.php" line="21" assertions="1" time="0.000328"/>
        <testcase name="testSetAndGetMethods" class="App\Tests\Entity\ProductTest" classname="App.Tests.Entity.ProductTest" file="/home/ubuntu/dbwebbkurser/mvc/me/report/tests/Entity/ProductTest.php" line="34" assertions="3" time="0.000492"/>
      </testsuite>
      <testsuite name="App\Tests\Game\BlackJack\DealerTest" file="/home/ubuntu/dbwebbkurser/mvc/me/report/tests/Game/BlackJack/BlackJack/DealerTest.php" tests="2" assertions="9" errors="0" warnings="0" failures="0" skipped="0" time="0.001312">
        <testcase name="testCreateObject" class="App\Tests\Game\BlackJack\DealerTest" classname="App.Tests.Game.BlackJack.DealerTest" file="/home/ubuntu/dbwebbkurser/mvc/me/report/tests/Game/BlackJack/BlackJack/DealerTest.php" line="22" assertions="1" time="0.000394"/>
        <testcase name="testPlay" class="App\Tests\Game\BlackJack\DealerTest" classname="App.Tests.Game.BlackJack.DealerTest" file="/home/ubuntu/dbwebbkurser/mvc/me/report/tests/Game/BlackJack/BlackJack/DealerTest.php" line="35" assertions="8" time="0.000917"/>
      </testsuite>
      <testsuite name="App\Tests\Game\BlackJack\PlayerTest" file="/home/ubuntu/dbwebbkurser/mvc/me/report/tests/Game/BlackJack/BlackJack/PlayerTest.php" tests="3" assertions="4" errors="0" warnings="0" failures="0" skipped="0" time="0.001701">
        <testcase name="testCreateObject" class="App\Tests\Game\BlackJack\PlayerTest" classname="App.Tests.Game.BlackJack.PlayerTest" file="/home/ubuntu/dbwebbkurser/mvc/me/report/tests/Game/BlackJack/BlackJack/PlayerTest.php" line="22" assertions="1" time="0.000311"/>
        <testcase name="testBooleans" class="App\Tests\Game\BlackJack\PlayerTest" classname="App.Tests.Game.BlackJack.PlayerTest" file="/home/ubuntu/dbwebbkurser/mvc/me/report/tests/Game/BlackJack/BlackJack/PlayerTest.php" line="35" assertions="2" time="0.000968"/>
        <testcase name="testGet" class="App\Tests\Game\BlackJack\PlayerTest" classname="App.Tests.Game.BlackJack.PlayerTest" file="/home/ubuntu/dbwebbkurser/mvc/me/report/tests/Game/BlackJack/BlackJack/PlayerTest.php" line="60" assertions="1" time="0.000422"/>
      </testsuite>
      <testsuite name="App\Tests\Game\BlackJackTest" file="/home/ubuntu/dbwebbkurser/mvc/me/report/tests/Game/BlackJack/BlackJackTest.php" tests="10" assertions="17" errors="0" warnings="0" failures="0" skipped="0" time="0.012898">
        <testcase name="testCreateObject" class="App\Tests\Game\BlackJackTest" classname="App.Tests.Game.BlackJackTest" file="/home/ubuntu/dbwebbkurser/mvc/me/report/tests/Game/BlackJack/BlackJackTest.php" line="24" assertions="2" time="0.000944"/>
        <testcase name="testToFewPlayers" class="App\Tests\Game\BlackJackTest" classname="App.Tests.Game.BlackJackTest" file="/home/ubuntu/dbwebbkurser/mvc/me/report/tests/Game/BlackJack/BlackJackTest.php" line="38" assertions="2" time="0.000430"/>
        <testcase name="testToManyPlayers" class="App\Tests\Game\BlackJackTest" classname="App.Tests.Game.BlackJackTest" file="/home/ubuntu/dbwebbkurser/mvc/me/report/tests/Game/BlackJack/BlackJackTest.php" line="50" assertions="2" time="0.000373"/>
        <testcase name="testBooleans" class="App\Tests\Game\BlackJackTest" classname="App.Tests.Game.BlackJackTest" file="/home/ubuntu/dbwebbkurser/mvc/me/report/tests/Game/BlackJack/BlackJackTest.php" line="64" assertions="2" time="0.001131"/>
        <testcase name="testHit" class="App\Tests\Game\BlackJackTest" classname="App.Tests.Game.BlackJackTest" file="/home/ubuntu/dbwebbkurser/mvc/me/report/tests/Game/BlackJack/BlackJackTest.php" line="82" assertions="2" time="0.001194"/>
        <testcase name="testStay" class="App\Tests\Game\BlackJackTest" classname="App.Tests.Game.BlackJackTest" file="/home/ubuntu/dbwebbkurser/mvc/me/report/tests/Game/BlackJack/BlackJackTest.php" line="108" assertions="1" time="0.001092"/>
        <testcase name="testResetGame" class="App\Tests\Game\BlackJackTest" classname="App.Tests.Game.BlackJackTest" file="/home/ubuntu/dbwebbkurser/mvc/me/report/tests/Game/BlackJack/BlackJackTest.php" line="126" assertions="2" time="0.001675"/>
        <testcase name="testDealerBust" class="App\Tests\Game\BlackJackTest" classname="App.Tests.Game.BlackJackTest" file="/home/ubuntu/dbwebbkurser/mvc/me/report/tests/Game/BlackJack/BlackJackTest.php" line="150" assertions="2" time="0.002916"/>
        <testcase name="testPlayerWin" class="App\Tests\Game\BlackJackTest" classname="App.Tests.Game.BlackJackTest" file="/home/ubuntu/dbwebbkurser/mvc/me/report/tests/Game/BlackJack/BlackJackTest.php" line="204" assertions="1" time="0.001561"/>
        <testcase name="testTie" class="App\Tests\Game\BlackJackTest" classname="App.Tests.Game.BlackJackTest" file="/home/ubuntu/dbwebbkurser/mvc/me/report/tests/Game/BlackJack/BlackJackTest.php" line="251" assertions="1" time="0.001583"/>
      </testsuite>
      <testsuite name="App\Tests\Repository\BookRepositoryTest" file="/home/ubuntu/dbwebbkurser/mvc/me/report/tests/Repository/BookRepositoryTest.php" tests="1" assertions="62" errors="0" warnings="0" failures="0" skipped="0" time="0.037100">
        <testcase name="testCRUD" class="App\Tests\Repository\BookRepositoryTest" classname="App.Tests.Repository.BookRepositoryTest" file="/home/ubuntu/dbwebbkurser/mvc/me/report/tests/Repository/BookRepositoryTest.php" line="327" assertions="62" time="0.037100"/>
      </testsuite>
      <testsuite name="App\Tests\Repository\ProductRepositoryTest" file="/home/ubuntu/dbwebbkurser/mvc/me/report/tests/Repository/ProductRepositoryTest.php" tests="2" assertions="6" errors="0" warnings="0" failures="0" skipped="0" time="0.039024">
        <testcase name="testFindByMinimumValue" class="App\Tests\Repository\ProductRepositoryTest" classname="App.Tests.Repository.ProductRepositoryTest" file="/home/ubuntu/dbwebbkurser/mvc/me/report/tests/Repository/ProductRepositoryTest.php" line="76" assertions="3" time="0.018940"/>
        <testcase name="testFindByMinimumValue2" class="App\Tests\Repository\ProductRepositoryTest" classname="App.Tests.Repository.ProductRepositoryTest" file="/home/ubuntu/dbwebbkurser/mvc/me/report/tests/Repository/ProductRepositoryTest.php" line="92" assertions="3" time="0.020084"/>
      </testsuite>
      <testsuite name="App\Tests\UploadManagerTest" file="/home/ubuntu/dbwebbkurser/mvc/me/report/tests/UploadManagerTest.php" tests="6" assertions="14" errors="0" warnings="0" failures="0" skipped="0" time="0.031971">
        <testcase name="testCreateObject" class="App\Tests\UploadManagerTest" classname="App.Tests.UploadManagerTest" file="/home/ubuntu/dbwebbkurser/mvc/me/report/tests/UploadManagerTest.php" line="82" assertions="1" time="0.001692"/>
        <testcase name="testConstructorException" class="App\Tests\UploadManagerTest" classname="App.Tests.UploadManagerTest" file="/home/ubuntu/dbwebbkurser/mvc/me/report/tests/UploadManagerTest.php" line="93" assertions="2" time="0.001866"/>
        <testcase name="testSaveUploadedFile" class="App\Tests\UploadManagerTest" classname="App.Tests.UploadManagerTest" file="/home/ubuntu/dbwebbkurser/mvc/me/report/tests/UploadManagerTest.php" line="119" assertions="3" time="0.021140"/>
        <testcase name="testSaveUploadedFileInvalidFileType" class="App\Tests\UploadManagerTest" classname="App.Tests.UploadManagerTest" file="/home/ubuntu/dbwebbkurser/mvc/me/report/tests/UploadManagerTest.php" line="157" assertions="2" time="0.002378"/>
        <testcase name="testSaveUploadedFileMoveException" class="App\Tests\UploadManagerTest" classname="App.Tests.UploadManagerTest" file="/home/ubuntu/dbwebbkurser/mvc/me/report/tests/UploadManagerTest.php" line="181" assertions="3" time="0.003312"/>
        <testcase name="testDeleteUploadedFile" class="App\Tests\UploadManagerTest" classname="App.Tests.UploadManagerTest" file="/home/ubuntu/dbwebbkurser/mvc/me/report/tests/UploadManagerTest.php" line="209" assertions="3" time="0.001583"/>
      </testsuite>
    </testsuite>
  </testsuite>
</testsuites>
