<?xml version="1.0" encoding="UTF-8"?>
<testsuites>
  <testsuite name="" tests="144" assertions="481" errors="0" warnings="0" failures="0" skipped="0" time="2.565765">
    <testsuite name="Project Test Suite" tests="144" assertions="481" errors="0" warnings="0" failures="0" skipped="0" time="2.565765">
      <testsuite name="App\Tests\Cards\CardGraphicTest" file="/home/ubuntu/dbwebbkurser/mvc/me/report/tests/Cards/CardGraphicTest.php" tests="3" assertions="9" errors="0" warnings="0" failures="0" skipped="0" time="0.009408">
        <testcase name="testCreateObject" class="App\Tests\Cards\CardGraphicTest" classname="App.Tests.Cards.CardGraphicTest" file="/home/ubuntu/dbwebbkurser/mvc/me/report/tests/Cards/CardGraphicTest.php" line="21" assertions="2" time="0.008259"/>
        <testcase name="testGetFunctions" class="App\Tests\Cards\CardGraphicTest" classname="App.Tests.Cards.CardGraphicTest" file="/home/ubuntu/dbwebbkurser/mvc/me/report/tests/Cards/CardGraphicTest.php" line="37" assertions="3" time="0.000779"/>
        <testcase name="testSetFunctions" class="App\Tests\Cards\CardGraphicTest" classname="App.Tests.Cards.CardGraphicTest" file="/home/ubuntu/dbwebbkurser/mvc/me/report/tests/Cards/CardGraphicTest.php" line="58" assertions="4" time="0.000370"/>
      </testsuite>
      <testsuite name="App\Tests\Cards\CardHandTest" file="/home/ubuntu/dbwebbkurser/mvc/me/report/tests/Cards/CardHandTest.php" tests="3" assertions="8" errors="0" warnings="0" failures="0" skipped="0" time="0.001565">
        <testcase name="testCreateObject" class="App\Tests\Cards\CardHandTest" classname="App.Tests.Cards.CardHandTest" file="/home/ubuntu/dbwebbkurser/mvc/me/report/tests/Cards/CardHandTest.php" line="22" assertions="2" time="0.000817"/>
        <testcase name="testAddCard" class="App\Tests\Cards\CardHandTest" classname="App.Tests.Cards.CardHandTest" file="/home/ubuntu/dbwebbkurser/mvc/me/report/tests/Cards/CardHandTest.php" line="38" assertions="1" time="0.000375"/>
        <testcase name="testGetFunctions" class="App\Tests\Cards\CardHandTest" classname="App.Tests.Cards.CardHandTest" file="/home/ubuntu/dbwebbkurser/mvc/me/report/tests/Cards/CardHandTest.php" line="56" assertions="5" time="0.000373"/>
      </testsuite>
      <testsuite name="App\Tests\Cards\CardTest" file="/home/ubuntu/dbwebbkurser/mvc/me/report/tests/Cards/CardTest.php" tests="3" assertions="9" errors="0" warnings="0" failures="0" skipped="0" time="0.001070">
        <testcase name="testCreateObject" class="App\Tests\Cards\CardTest" classname="App.Tests.Cards.CardTest" file="/home/ubuntu/dbwebbkurser/mvc/me/report/tests/Cards/CardTest.php" line="21" assertions="2" time="0.000384"/>
        <testcase name="testGetFunctions" class="App\Tests\Cards\CardTest" classname="App.Tests.Cards.CardTest" file="/home/ubuntu/dbwebbkurser/mvc/me/report/tests/Cards/CardTest.php" line="38" assertions="3" time="0.000334"/>
        <testcase name="testSetFunctions" class="App\Tests\Cards\CardTest" classname="App.Tests.Cards.CardTest" file="/home/ubuntu/dbwebbkurser/mvc/me/report/tests/Cards/CardTest.php" line="59" assertions="4" time="0.000352"/>
      </testsuite>
      <testsuite name="App\Tests\Cards\DeckOfCardsTest" file="/home/ubuntu/dbwebbkurser/mvc/me/report/tests/Cards/DeckOfCardsTest.php" tests="3" assertions="10" errors="0" warnings="0" failures="0" skipped="0" time="0.009122">
        <testcase name="testCreateObject" class="App\Tests\Cards\DeckOfCardsTest" classname="App.Tests.Cards.DeckOfCardsTest" file="/home/ubuntu/dbwebbkurser/mvc/me/report/tests/Cards/DeckOfCardsTest.php" line="22" assertions="2" time="0.001425"/>
        <testcase name="testDeckManipulation" class="App\Tests\Cards\DeckOfCardsTest" classname="App.Tests.Cards.DeckOfCardsTest" file="/home/ubuntu/dbwebbkurser/mvc/me/report/tests/Cards/DeckOfCardsTest.php" line="38" assertions="2" time="0.004261"/>
        <testcase name="testDrawCard" class="App\Tests\Cards\DeckOfCardsTest" classname="App.Tests.Cards.DeckOfCardsTest" file="/home/ubuntu/dbwebbkurser/mvc/me/report/tests/Cards/DeckOfCardsTest.php" line="57" assertions="6" time="0.003436"/>
      </testsuite>
      <testsuite name="App\Tests\Controller\BaseControllerTest" file="/home/ubuntu/dbwebbkurser/mvc/me/report/tests/Controller/BaseControllerTest.php" tests="7" assertions="14" errors="0" warnings="0" failures="0" skipped="0" time="0.476438">
        <testcase name="testHome" class="App\Tests\Controller\BaseControllerTest" classname="App.Tests.Controller.BaseControllerTest" file="/home/ubuntu/dbwebbkurser/mvc/me/report/tests/Controller/BaseControllerTest.php" line="35" assertions="2" time="0.325835"/>
        <testcase name="testAbout" class="App\Tests\Controller\BaseControllerTest" classname="App.Tests.Controller.BaseControllerTest" file="/home/ubuntu/dbwebbkurser/mvc/me/report/tests/Controller/BaseControllerTest.php" line="63" assertions="2" time="0.015395"/>
        <testcase name="testReport" class="App\Tests\Controller\BaseControllerTest" classname="App.Tests.Controller.BaseControllerTest" file="/home/ubuntu/dbwebbkurser/mvc/me/report/tests/Controller/BaseControllerTest.php" line="91" assertions="2" time="0.018430"/>
        <testcase name="testLucky" class="App\Tests\Controller\BaseControllerTest" classname="App.Tests.Controller.BaseControllerTest" file="/home/ubuntu/dbwebbkurser/mvc/me/report/tests/Controller/BaseControllerTest.php" line="119" assertions="2" time="0.014271"/>
        <testcase name="testMetrics" class="App\Tests\Controller\BaseControllerTest" classname="App.Tests.Controller.BaseControllerTest" file="/home/ubuntu/dbwebbkurser/mvc/me/report/tests/Controller/BaseControllerTest.php" line="147" assertions="2" time="0.024621"/>
        <testcase name="testOldMetrics" class="App\Tests\Controller\BaseControllerTest" classname="App.Tests.Controller.BaseControllerTest" file="/home/ubuntu/dbwebbkurser/mvc/me/report/tests/Controller/BaseControllerTest.php" line="175" assertions="2" time="0.043885"/>
        <testcase name="testNewMetrics" class="App\Tests\Controller\BaseControllerTest" classname="App.Tests.Controller.BaseControllerTest" file="/home/ubuntu/dbwebbkurser/mvc/me/report/tests/Controller/BaseControllerTest.php" line="203" assertions="2" time="0.034001"/>
      </testsuite>
      <testsuite name="App\Tests\Controller\BlackJackControllerTest" file="/home/ubuntu/dbwebbkurser/mvc/me/report/tests/Controller/BlackJackControllerTest.php" tests="6" assertions="14" errors="0" warnings="0" failures="0" skipped="0" time="0.154386">
        <testcase name="testGameStart" class="App\Tests\Controller\BlackJackControllerTest" classname="App.Tests.Controller.BlackJackControllerTest" file="/home/ubuntu/dbwebbkurser/mvc/me/report/tests/Controller/BlackJackControllerTest.php" line="18" assertions="2" time="0.015644"/>
        <testcase name="testBlackJackDoc" class="App\Tests\Controller\BlackJackControllerTest" classname="App.Tests.Controller.BlackJackControllerTest" file="/home/ubuntu/dbwebbkurser/mvc/me/report/tests/Controller/BlackJackControllerTest.php" line="47" assertions="2" time="0.015953"/>
        <testcase name="testBlackJackStart" class="App\Tests\Controller\BlackJackControllerTest" classname="App.Tests.Controller.BlackJackControllerTest" file="/home/ubuntu/dbwebbkurser/mvc/me/report/tests/Controller/BlackJackControllerTest.php" line="76" assertions="2" time="0.036335"/>
        <testcase name="testBlackJackHit" class="App\Tests\Controller\BlackJackControllerTest" classname="App.Tests.Controller.BlackJackControllerTest" file="/home/ubuntu/dbwebbkurser/mvc/me/report/tests/Controller/BlackJackControllerTest.php" line="105" assertions="6" time="0.062938"/>
        <testcase name="testBlackJackStay" class="App\Tests\Controller\BlackJackControllerTest" classname="App.Tests.Controller.BlackJackControllerTest" file="/home/ubuntu/dbwebbkurser/mvc/me/report/tests/Controller/BlackJackControllerTest.php" line="141" assertions="1" time="0.011353"/>
        <testcase name="testBlackJackReset" class="App\Tests\Controller\BlackJackControllerTest" classname="App.Tests.Controller.BlackJackControllerTest" file="/home/ubuntu/dbwebbkurser/mvc/me/report/tests/Controller/BlackJackControllerTest.php" line="168" assertions="1" time="0.012164"/>
      </testsuite>
      <testsuite name="App\Tests\Controller\BookControllerTest" file="/home/ubuntu/dbwebbkurser/mvc/me/report/tests/Controller/BookControllerTest.php" tests="8" assertions="31" errors="0" warnings="0" failures="0" skipped="0" time="0.346305">
        <testcase name="testCRUD" class="App\Tests\Controller\BookControllerTest" classname="App.Tests.Controller.BookControllerTest" file="/home/ubuntu/dbwebbkurser/mvc/me/report/tests/Controller/BookControllerTest.php" line="281" assertions="17" time="0.205360"/>
        <testcase name="testLibrary" class="App\Tests\Controller\BookControllerTest" classname="App.Tests.Controller.BookControllerTest" file="/home/ubuntu/dbwebbkurser/mvc/me/report/tests/Controller/BookControllerTest.php" line="300" assertions="2" time="0.020472"/>
        <testcase name="testBookCreateGET" class="App\Tests\Controller\BookControllerTest" classname="App.Tests.Controller.BookControllerTest" file="/home/ubuntu/dbwebbkurser/mvc/me/report/tests/Controller/BookControllerTest.php" line="324" assertions="2" time="0.017818"/>
        <testcase name="testShowAll" class="App\Tests\Controller\BookControllerTest" classname="App.Tests.Controller.BookControllerTest" file="/home/ubuntu/dbwebbkurser/mvc/me/report/tests/Controller/BookControllerTest.php" line="348" assertions="2" time="0.021062"/>
        <testcase name="testShowOne" class="App\Tests\Controller\BookControllerTest" classname="App.Tests.Controller.BookControllerTest" file="/home/ubuntu/dbwebbkurser/mvc/me/report/tests/Controller/BookControllerTest.php" line="372" assertions="2" time="0.019637"/>
        <testcase name="testShowAllUpdate" class="App\Tests\Controller\BookControllerTest" classname="App.Tests.Controller.BookControllerTest" file="/home/ubuntu/dbwebbkurser/mvc/me/report/tests/Controller/BookControllerTest.php" line="418" assertions="2" time="0.020477"/>
        <testcase name="testBookUpdateGET" class="App\Tests\Controller\BookControllerTest" classname="App.Tests.Controller.BookControllerTest" file="/home/ubuntu/dbwebbkurser/mvc/me/report/tests/Controller/BookControllerTest.php" line="442" assertions="2" time="0.020447"/>
        <testcase name="testBookShowAllDeleteGET" class="App\Tests\Controller\BookControllerTest" classname="App.Tests.Controller.BookControllerTest" file="/home/ubuntu/dbwebbkurser/mvc/me/report/tests/Controller/BookControllerTest.php" line="481" assertions="2" time="0.021032"/>
      </testsuite>
      <testsuite name="App\Tests\Controller\CardGameControllerExceptionTest" file="/home/ubuntu/dbwebbkurser/mvc/me/report/tests/Controller/CardGameControllerExceptionTest.php" tests="5" assertions="9" errors="0" warnings="0" failures="0" skipped="0" time="0.151486">
        <testcase name="testCardDeckDrawEmptyException" class="App\Tests\Controller\CardGameControllerExceptionTest" classname="App.Tests.Controller.CardGameControllerExceptionTest" file="/home/ubuntu/dbwebbkurser/mvc/me/report/tests/Controller/CardGameControllerExceptionTest.php" line="62" assertions="2" time="0.051320"/>
        <testcase name="testCardDeckDrawManyHighException" class="App\Tests\Controller\CardGameControllerExceptionTest" classname="App.Tests.Controller.CardGameControllerExceptionTest" file="/home/ubuntu/dbwebbkurser/mvc/me/report/tests/Controller/CardGameControllerExceptionTest.php" line="96" assertions="2" time="0.006645"/>
        <testcase name="testCardDeckDrawManyLowException" class="App\Tests\Controller\CardGameControllerExceptionTest" classname="App.Tests.Controller.CardGameControllerExceptionTest" file="/home/ubuntu/dbwebbkurser/mvc/me/report/tests/Controller/CardGameControllerExceptionTest.php" line="124" assertions="2" time="0.007223"/>
        <testcase name="testCardDeckDrawManyToManyException" class="App\Tests\Controller\CardGameControllerExceptionTest" classname="App.Tests.Controller.CardGameControllerExceptionTest" file="/home/ubuntu/dbwebbkurser/mvc/me/report/tests/Controller/CardGameControllerExceptionTest.php" line="149" assertions="1" time="0.042938"/>
        <testcase name="testCardDeckDrawManyEmptyException" class="App\Tests\Controller\CardGameControllerExceptionTest" classname="App.Tests.Controller.CardGameControllerExceptionTest" file="/home/ubuntu/dbwebbkurser/mvc/me/report/tests/Controller/CardGameControllerExceptionTest.php" line="182" assertions="2" time="0.043358"/>
      </testsuite>
      <testsuite name="App\Tests\Controller\CardGameControllerTest" file="/home/ubuntu/dbwebbkurser/mvc/me/report/tests/Controller/CardGameControllerTest.php" tests="7" assertions="14" errors="0" warnings="0" failures="0" skipped="0" time="0.155212">
        <testcase name="testCardStart" class="App\Tests\Controller\CardGameControllerTest" classname="App.Tests.Controller.CardGameControllerTest" file="/home/ubuntu/dbwebbkurser/mvc/me/report/tests/Controller/CardGameControllerTest.php" line="18" assertions="2" time="0.018211"/>
        <testcase name="testCardSession" class="App\Tests\Controller\CardGameControllerTest" classname="App.Tests.Controller.CardGameControllerTest" file="/home/ubuntu/dbwebbkurser/mvc/me/report/tests/Controller/CardGameControllerTest.php" line="49" assertions="2" time="0.024965"/>
        <testcase name="testCardSessionDelete" class="App\Tests\Controller\CardGameControllerTest" classname="App.Tests.Controller.CardGameControllerTest" file="/home/ubuntu/dbwebbkurser/mvc/me/report/tests/Controller/CardGameControllerTest.php" line="80" assertions="2" time="0.019206"/>
        <testcase name="testCardDeck" class="App\Tests\Controller\CardGameControllerTest" classname="App.Tests.Controller.CardGameControllerTest" file="/home/ubuntu/dbwebbkurser/mvc/me/report/tests/Controller/CardGameControllerTest.php" line="111" assertions="2" time="0.021249"/>
        <testcase name="testCardDeckShuffle" class="App\Tests\Controller\CardGameControllerTest" classname="App.Tests.Controller.CardGameControllerTest" file="/home/ubuntu/dbwebbkurser/mvc/me/report/tests/Controller/CardGameControllerTest.php" line="142" assertions="2" time="0.023536"/>
        <testcase name="testCardDeckDraw" class="App\Tests\Controller\CardGameControllerTest" classname="App.Tests.Controller.CardGameControllerTest" file="/home/ubuntu/dbwebbkurser/mvc/me/report/tests/Controller/CardGameControllerTest.php" line="173" assertions="2" time="0.020018"/>
        <testcase name="testCardDeckDrawMany" class="App\Tests\Controller\CardGameControllerTest" classname="App.Tests.Controller.CardGameControllerTest" file="/home/ubuntu/dbwebbkurser/mvc/me/report/tests/Controller/CardGameControllerTest.php" line="204" assertions="2" time="0.028027"/>
      </testsuite>
      <testsuite name="App\Tests\Controller\DiceGameControllerExceptionTest" file="/home/ubuntu/dbwebbkurser/mvc/me/report/tests/Controller/DiceControllerExceptionTest.php" tests="4" assertions="8" errors="0" warnings="0" failures="0" skipped="0" time="0.030652">
        <testcase name="testDiceHighException" class="App\Tests\Controller\DiceGameControllerExceptionTest" classname="App.Tests.Controller.DiceGameControllerExceptionTest" file="/home/ubuntu/dbwebbkurser/mvc/me/report/tests/Controller/DiceControllerExceptionTest.php" line="46" assertions="2" time="0.009983"/>
        <testcase name="testDiceLowException" class="App\Tests\Controller\DiceGameControllerExceptionTest" classname="App.Tests.Controller.DiceGameControllerExceptionTest" file="/home/ubuntu/dbwebbkurser/mvc/me/report/tests/Controller/DiceControllerExceptionTest.php" line="71" assertions="2" time="0.007201"/>
        <testcase name="testDicehandHighException" class="App\Tests\Controller\DiceGameControllerExceptionTest" classname="App.Tests.Controller.DiceGameControllerExceptionTest" file="/home/ubuntu/dbwebbkurser/mvc/me/report/tests/Controller/DiceControllerExceptionTest.php" line="99" assertions="2" time="0.006939"/>
        <testcase name="testDicehandLowException" class="App\Tests\Controller\DiceGameControllerExceptionTest" classname="App.Tests.Controller.DiceGameControllerExceptionTest" file="/home/ubuntu/dbwebbkurser/mvc/me/report/tests/Controller/DiceControllerExceptionTest.php" line="124" assertions="2" time="0.006528"/>
      </testsuite>
      <testsuite name="App\Tests\Controller\DiceControllerTest" file="/home/ubuntu/dbwebbkurser/mvc/me/report/tests/Controller/DiceControllerTest.php" tests="8" assertions="20" errors="0" warnings="0" failures="0" skipped="0" time="0.193003">
        <testcase name="testPigStart" class="App\Tests\Controller\DiceControllerTest" classname="App.Tests.Controller.DiceControllerTest" file="/home/ubuntu/dbwebbkurser/mvc/me/report/tests/Controller/DiceControllerTest.php" line="49" assertions="2" time="0.016051"/>
        <testcase name="testPigInitGET" class="App\Tests\Controller\DiceControllerTest" classname="App.Tests.Controller.DiceControllerTest" file="/home/ubuntu/dbwebbkurser/mvc/me/report/tests/Controller/DiceControllerTest.php" line="78" assertions="2" time="0.016508"/>
        <testcase name="testPigPlay" class="App\Tests\Controller\DiceControllerTest" classname="App.Tests.Controller.DiceControllerTest" file="/home/ubuntu/dbwebbkurser/mvc/me/report/tests/Controller/DiceControllerTest.php" line="107" assertions="3" time="0.028930"/>
        <testcase name="testPigSave" class="App\Tests\Controller\DiceControllerTest" classname="App.Tests.Controller.DiceControllerTest" file="/home/ubuntu/dbwebbkurser/mvc/me/report/tests/Controller/DiceControllerTest.php" line="139" assertions="1" time="0.010869"/>
        <testcase name="testPigRoll" class="App\Tests\Controller\DiceControllerTest" classname="App.Tests.Controller.DiceControllerTest" file="/home/ubuntu/dbwebbkurser/mvc/me/report/tests/Controller/DiceControllerTest.php" line="166" assertions="6" time="0.066191"/>
        <testcase name="testRollDice" class="App\Tests\Controller\DiceControllerTest" classname="App.Tests.Controller.DiceControllerTest" file="/home/ubuntu/dbwebbkurser/mvc/me/report/tests/Controller/DiceControllerTest.php" line="198" assertions="2" time="0.018989"/>
        <testcase name="testRollNumDice" class="App\Tests\Controller\DiceControllerTest" classname="App.Tests.Controller.DiceControllerTest" file="/home/ubuntu/dbwebbkurser/mvc/me/report/tests/Controller/DiceControllerTest.php" line="227" assertions="2" time="0.018800"/>
        <testcase name="testDicehand" class="App\Tests\Controller\DiceControllerTest" classname="App.Tests.Controller.DiceControllerTest" file="/home/ubuntu/dbwebbkurser/mvc/me/report/tests/Controller/DiceControllerTest.php" line="256" assertions="2" time="0.016666"/>
      </testsuite>
      <testsuite name="App\Tests\Controller\JasonControllerExceptionTest" file="/home/ubuntu/dbwebbkurser/mvc/me/report/tests/Controller/JasonControllerExceptionTest.php" tests="5" assertions="9" errors="0" warnings="0" failures="0" skipped="0" time="0.124396">
        <testcase name="testApiDeckDrawEmptyException" class="App\Tests\Controller\JasonControllerExceptionTest" classname="App.Tests.Controller.JasonControllerExceptionTest" file="/home/ubuntu/dbwebbkurser/mvc/me/report/tests/Controller/JasonControllerExceptionTest.php" line="62" assertions="2" time="0.035280"/>
        <testcase name="testApiDeckDrawManyHighException" class="App\Tests\Controller\JasonControllerExceptionTest" classname="App.Tests.Controller.JasonControllerExceptionTest" file="/home/ubuntu/dbwebbkurser/mvc/me/report/tests/Controller/JasonControllerExceptionTest.php" line="96" assertions="2" time="0.009500"/>
        <testcase name="testApiDeckDrawManyLowException" class="App\Tests\Controller\JasonControllerExceptionTest" classname="App.Tests.Controller.JasonControllerExceptionTest" file="/home/ubuntu/dbwebbkurser/mvc/me/report/tests/Controller/JasonControllerExceptionTest.php" line="124" assertions="2" time="0.007405"/>
        <testcase name="testApiDeckDrawManyToManyException" class="App\Tests\Controller\JasonControllerExceptionTest" classname="App.Tests.Controller.JasonControllerExceptionTest" file="/home/ubuntu/dbwebbkurser/mvc/me/report/tests/Controller/JasonControllerExceptionTest.php" line="149" assertions="1" time="0.031975"/>
        <testcase name="testApiDeckDrawManyEmptyException" class="App\Tests\Controller\JasonControllerExceptionTest" classname="App.Tests.Controller.JasonControllerExceptionTest" file="/home/ubuntu/dbwebbkurser/mvc/me/report/tests/Controller/JasonControllerExceptionTest.php" line="182" assertions="2" time="0.040236"/>
      </testsuite>
      <testsuite name="App\Tests\Controller\JasonControllerTest" file="/home/ubuntu/dbwebbkurser/mvc/me/report/tests/Controller/JasonControllerTest.php" tests="9" assertions="64" errors="0" warnings="0" failures="0" skipped="0" time="0.102423">
        <testcase name="testApi" class="App\Tests\Controller\JasonControllerTest" classname="App.Tests.Controller.JasonControllerTest" file="/home/ubuntu/dbwebbkurser/mvc/me/report/tests/Controller/JasonControllerTest.php" line="20" assertions="2" time="0.021930"/>
        <testcase name="testApiQuote" class="App\Tests\Controller\JasonControllerTest" classname="App.Tests.Controller.JasonControllerTest" file="/home/ubuntu/dbwebbkurser/mvc/me/report/tests/Controller/JasonControllerTest.php" line="52" assertions="8" time="0.008332"/>
        <testcase name="testApiDeck" class="App\Tests\Controller\JasonControllerTest" classname="App.Tests.Controller.JasonControllerTest" file="/home/ubuntu/dbwebbkurser/mvc/me/report/tests/Controller/JasonControllerTest.php" line="101" assertions="5" time="0.007382"/>
        <testcase name="testApiDeckShuffle" class="App\Tests\Controller\JasonControllerTest" classname="App.Tests.Controller.JasonControllerTest" file="/home/ubuntu/dbwebbkurser/mvc/me/report/tests/Controller/JasonControllerTest.php" line="147" assertions="4" time="0.009058"/>
        <testcase name="testApiDeckDraw" class="App\Tests\Controller\JasonControllerTest" classname="App.Tests.Controller.JasonControllerTest" file="/home/ubuntu/dbwebbkurser/mvc/me/report/tests/Controller/JasonControllerTest.php" line="190" assertions="6" time="0.011534"/>
        <testcase name="testApiDeckDrawMany" class="App\Tests\Controller\JasonControllerTest" classname="App.Tests.Controller.JasonControllerTest" file="/home/ubuntu/dbwebbkurser/mvc/me/report/tests/Controller/JasonControllerTest.php" line="237" assertions="6" time="0.010862"/>
        <testcase name="testApiBlackJack" class="App\Tests\Controller\JasonControllerTest" classname="App.Tests.Controller.JasonControllerTest" file="/home/ubuntu/dbwebbkurser/mvc/me/report/tests/Controller/JasonControllerTest.php" line="284" assertions="20" time="0.010997"/>
        <testcase name="testApiLibraryBooks" class="App\Tests\Controller\JasonControllerTest" classname="App.Tests.Controller.JasonControllerTest" file="/home/ubuntu/dbwebbkurser/mvc/me/report/tests/Controller/JasonControllerTest.php" line="345" assertions="4" time="0.009661"/>
        <testcase name="testApiLibraryBookISBN" class="App\Tests\Controller\JasonControllerTest" classname="App.Tests.Controller.JasonControllerTest" file="/home/ubuntu/dbwebbkurser/mvc/me/report/tests/Controller/JasonControllerTest.php" line="388" assertions="9" time="0.012670"/>
      </testsuite>
      <testsuite name="App\Tests\Controller\ProductControllerTest" file="/home/ubuntu/dbwebbkurser/mvc/me/report/tests/Controller/ProductControllerTest.php" tests="10" assertions="18" errors="0" warnings="0" failures="0" skipped="0" time="0.221578">
        <testcase name="testAppProduct" class="App\Tests\Controller\ProductControllerTest" classname="App.Tests.Controller.ProductControllerTest" file="/home/ubuntu/dbwebbkurser/mvc/me/report/tests/Controller/ProductControllerTest.php" line="48" assertions="2" time="0.017217"/>
        <testcase name="testAppProductCreate" class="App\Tests\Controller\ProductControllerTest" classname="App.Tests.Controller.ProductControllerTest" file="/home/ubuntu/dbwebbkurser/mvc/me/report/tests/Controller/ProductControllerTest.php" line="77" assertions="1" time="0.017035"/>
        <testcase name="testAppProductShow" class="App\Tests\Controller\ProductControllerTest" classname="App.Tests.Controller.ProductControllerTest" file="/home/ubuntu/dbwebbkurser/mvc/me/report/tests/Controller/ProductControllerTest.php" line="106" assertions="1" time="0.024549"/>
        <testcase name="testAppProductShowId" class="App\Tests\Controller\ProductControllerTest" classname="App.Tests.Controller.ProductControllerTest" file="/home/ubuntu/dbwebbkurser/mvc/me/report/tests/Controller/ProductControllerTest.php" line="134" assertions="1" time="0.020818"/>
        <testcase name="testAppProductUpdateAndDelete" class="App\Tests\Controller\ProductControllerTest" classname="App.Tests.Controller.ProductControllerTest" file="/home/ubuntu/dbwebbkurser/mvc/me/report/tests/Controller/ProductControllerTest.php" line="162" assertions="4" time="0.040440"/>
        <testcase name="testAppProductUpdateException" class="App\Tests\Controller\ProductControllerTest" classname="App.Tests.Controller.ProductControllerTest" file="/home/ubuntu/dbwebbkurser/mvc/me/report/tests/Controller/ProductControllerTest.php" line="211" assertions="2" time="0.007793"/>
        <testcase name="testAppProductDeleteException" class="App\Tests\Controller\ProductControllerTest" classname="App.Tests.Controller.ProductControllerTest" file="/home/ubuntu/dbwebbkurser/mvc/me/report/tests/Controller/ProductControllerTest.php" line="238" assertions="2" time="0.007671"/>
        <testcase name="testAppProductView" class="App\Tests\Controller\ProductControllerTest" classname="App.Tests.Controller.ProductControllerTest" file="/home/ubuntu/dbwebbkurser/mvc/me/report/tests/Controller/ProductControllerTest.php" line="263" assertions="2" time="0.018062"/>
        <testcase name="testAppProductViewWithMinimum" class="App\Tests\Controller\ProductControllerTest" classname="App.Tests.Controller.ProductControllerTest" file="/home/ubuntu/dbwebbkurser/mvc/me/report/tests/Controller/ProductControllerTest.php" line="292" assertions="2" time="0.055869"/>
        <testcase name="testAppProductViewByMinimum" class="App\Tests\Controller\ProductControllerTest" classname="App.Tests.Controller.ProductControllerTest" file="/home/ubuntu/dbwebbkurser/mvc/me/report/tests/Controller/ProductControllerTest.php" line="321" assertions="1" time="0.012124"/>
      </testsuite>
      <testsuite name="App\Tests\Controller\ProjectControllerExceptionTest" file="/home/ubuntu/dbwebbkurser/mvc/me/report/tests/Controller/ProjectControllerExceptionTest.php" tests="7" assertions="9" errors="0" warnings="0" failures="0" skipped="0" time="0.063915">
        <testcase name="testProjectPlayerInitHighException" class="App\Tests\Controller\ProjectControllerExceptionTest" classname="App.Tests.Controller.ProjectControllerExceptionTest" file="/home/ubuntu/dbwebbkurser/mvc/me/report/tests/Controller/ProjectControllerExceptionTest.php" line="47" assertions="2" time="0.007462"/>
        <testcase name="testProjectPlayerInitLowException" class="App\Tests\Controller\ProjectControllerExceptionTest" classname="App.Tests.Controller.ProjectControllerExceptionTest" file="/home/ubuntu/dbwebbkurser/mvc/me/report/tests/Controller/ProjectControllerExceptionTest.php" line="72" assertions="2" time="0.006328"/>
        <testcase name="testProjBlackJackGameNoSession" class="App\Tests\Controller\ProjectControllerExceptionTest" classname="App.Tests.Controller.ProjectControllerExceptionTest" file="/home/ubuntu/dbwebbkurser/mvc/me/report/tests/Controller/ProjectControllerExceptionTest.php" line="100" assertions="1" time="0.008461"/>
        <testcase name="testProjBlackJackBetNoSession" class="App\Tests\Controller\ProjectControllerExceptionTest" classname="App.Tests.Controller.ProjectControllerExceptionTest" file="/home/ubuntu/dbwebbkurser/mvc/me/report/tests/Controller/ProjectControllerExceptionTest.php" line="127" assertions="1" time="0.010241"/>
        <testcase name="testProjBlackJackDoubleDownNoSession" class="App\Tests\Controller\ProjectControllerExceptionTest" classname="App.Tests.Controller.ProjectControllerExceptionTest" file="/home/ubuntu/dbwebbkurser/mvc/me/report/tests/Controller/ProjectControllerExceptionTest.php" line="154" assertions="1" time="0.010445"/>
        <testcase name="testProjBlackJackHitNoSession" class="App\Tests\Controller\ProjectControllerExceptionTest" classname="App.Tests.Controller.ProjectControllerExceptionTest" file="/home/ubuntu/dbwebbkurser/mvc/me/report/tests/Controller/ProjectControllerExceptionTest.php" line="181" assertions="1" time="0.010794"/>
        <testcase name="testProjBlackJackStayNoSession" class="App\Tests\Controller\ProjectControllerExceptionTest" classname="App.Tests.Controller.ProjectControllerExceptionTest" file="/home/ubuntu/dbwebbkurser/mvc/me/report/tests/Controller/ProjectControllerExceptionTest.php" line="208" assertions="1" time="0.010184"/>
      </testsuite>
      <testsuite name="App\Tests\Controller\ProjectControllerTest" file="/home/ubuntu/dbwebbkurser/mvc/me/report/tests/Controller/ProjectControllerTest.php" tests="4" assertions="14" errors="0" warnings="0" failures="0" skipped="0" time="0.228274">
        <testcase name="testProjStart" class="App\Tests\Controller\ProjectControllerTest" classname="App.Tests.Controller.ProjectControllerTest" file="/home/ubuntu/dbwebbkurser/mvc/me/report/tests/Controller/ProjectControllerTest.php" line="182" assertions="2" time="0.020153"/>
        <testcase name="testProjDoc" class="App\Tests\Controller\ProjectControllerTest" classname="App.Tests.Controller.ProjectControllerTest" file="/home/ubuntu/dbwebbkurser/mvc/me/report/tests/Controller/ProjectControllerTest.php" line="213" assertions="2" time="0.016458"/>
        <testcase name="testProjPlayerInit" class="App\Tests\Controller\ProjectControllerTest" classname="App.Tests.Controller.ProjectControllerTest" file="/home/ubuntu/dbwebbkurser/mvc/me/report/tests/Controller/ProjectControllerTest.php" line="244" assertions="2" time="0.016378"/>
        <testcase name="testProjBlackJack" class="App\Tests\Controller\ProjectControllerTest" classname="App.Tests.Controller.ProjectControllerTest" file="/home/ubuntu/dbwebbkurser/mvc/me/report/tests/Controller/ProjectControllerTest.php" line="275" assertions="8" time="0.175286"/>
      </testsuite>
      <testsuite name="App\Tests\Controller\UploadControllerTest" file="/home/ubuntu/dbwebbkurser/mvc/me/report/tests/Controller/UploadControllerTest.php" tests="2" assertions="6" errors="0" warnings="0" failures="0" skipped="0" time="0.182021">
        <testcase name="testServeUploadFileExists" class="App\Tests\Controller\UploadControllerTest" classname="App.Tests.Controller.UploadControllerTest" file="/home/ubuntu/dbwebbkurser/mvc/me/report/tests/Controller/UploadControllerTest.php" line="65" assertions="3" time="0.012189"/>
        <testcase name="testServeUploadFileNotFound" class="App\Tests\Controller\UploadControllerTest" classname="App.Tests.Controller.UploadControllerTest" file="/home/ubuntu/dbwebbkurser/mvc/me/report/tests/Controller/UploadControllerTest.php" line="87" assertions="3" time="0.169832"/>
      </testsuite>
      <testsuite name="App\Tests\Dice\DiceGraphicTest" file="/home/ubuntu/dbwebbkurser/mvc/me/report/tests/Dice/DiceGraphicTest.php" tests="2" assertions="3" errors="0" warnings="0" failures="0" skipped="0" time="0.001334">
        <testcase name="testCreateObject" class="App\Tests\Dice\DiceGraphicTest" classname="App.Tests.Dice.DiceGraphicTest" file="/home/ubuntu/dbwebbkurser/mvc/me/report/tests/Dice/DiceGraphicTest.php" line="21" assertions="2" time="0.000414"/>
        <testcase name="testGetString" class="App\Tests\Dice\DiceGraphicTest" classname="App.Tests.Dice.DiceGraphicTest" file="/home/ubuntu/dbwebbkurser/mvc/me/report/tests/Dice/DiceGraphicTest.php" line="37" assertions="1" time="0.000919"/>
      </testsuite>
      <testsuite name="App\Tests\Dice\DiceHandTest" file="/home/ubuntu/dbwebbkurser/mvc/me/report/tests/Dice/DiceHandTest.php" tests="5" assertions="6" errors="0" warnings="0" failures="0" skipped="0" time="0.002864">
        <testcase name="testCreateObject" class="App\Tests\Dice\DiceHandTest" classname="App.Tests.Dice.DiceHandTest" file="/home/ubuntu/dbwebbkurser/mvc/me/report/tests/Dice/DiceHandTest.php" line="22" assertions="1" time="0.000298"/>
        <testcase name="testAddDice" class="App\Tests\Dice\DiceHandTest" classname="App.Tests.Dice.DiceHandTest" file="/home/ubuntu/dbwebbkurser/mvc/me/report/tests/Dice/DiceHandTest.php" line="35" assertions="1" time="0.000859"/>
        <testcase name="testRemoveDice" class="App\Tests\Dice\DiceHandTest" classname="App.Tests.Dice.DiceHandTest" file="/home/ubuntu/dbwebbkurser/mvc/me/report/tests/Dice/DiceHandTest.php" line="61" assertions="2" time="0.000330"/>
        <testcase name="testGetValues" class="App\Tests\Dice\DiceHandTest" classname="App.Tests.Dice.DiceHandTest" file="/home/ubuntu/dbwebbkurser/mvc/me/report/tests/Dice/DiceHandTest.php" line="82" assertions="1" time="0.000629"/>
        <testcase name="testGetString" class="App\Tests\Dice\DiceHandTest" classname="App.Tests.Dice.DiceHandTest" file="/home/ubuntu/dbwebbkurser/mvc/me/report/tests/Dice/DiceHandTest.php" line="105" assertions="1" time="0.000748"/>
      </testsuite>
      <testsuite name="App\Tests\Dice\DiceTest" file="/home/ubuntu/dbwebbkurser/mvc/me/report/tests/Dice/DiceTest.php" tests="5" assertions="12" errors="0" warnings="0" failures="0" skipped="0" time="0.003987">
        <testcase name="testCreateObject" class="App\Tests\Dice\DiceTest" classname="App.Tests.Dice.DiceTest" file="/home/ubuntu/dbwebbkurser/mvc/me/report/tests/Dice/DiceTest.php" line="21" assertions="2" time="0.000396"/>
        <testcase name="testStubRollValue" class="App\Tests\Dice\DiceTest" classname="App.Tests.Dice.DiceTest" file="/home/ubuntu/dbwebbkurser/mvc/me/report/tests/Dice/DiceTest.php" line="38" assertions="1" time="0.000502"/>
        <testcase name="testRollDiceValueInRange" class="App\Tests\Dice\DiceTest" classname="App.Tests.Dice.DiceTest" file="/home/ubuntu/dbwebbkurser/mvc/me/report/tests/Dice/DiceTest.php" line="59" assertions="4" time="0.001850"/>
        <testcase name="testRollDiceValue" class="App\Tests\Dice\DiceTest" classname="App.Tests.Dice.DiceTest" file="/home/ubuntu/dbwebbkurser/mvc/me/report/tests/Dice/DiceTest.php" line="74" assertions="1" time="0.000317"/>
        <testcase name="testCreateObjectWithMock" class="App\Tests\Dice\DiceTest" classname="App.Tests.Dice.DiceTest" file="/home/ubuntu/dbwebbkurser/mvc/me/report/tests/Dice/DiceTest.php" line="90" assertions="4" time="0.000922"/>
      </testsuite>
      <testsuite name="App\Tests\Entity\BookTest" file="/home/ubuntu/dbwebbkurser/mvc/me/report/tests/Entity/BookTest.php" tests="2" assertions="9" errors="0" warnings="0" failures="0" skipped="0" time="0.000692">
        <testcase name="testCreateObject" class="App\Tests\Entity\BookTest" classname="App.Tests.Entity.BookTest" file="/home/ubuntu/dbwebbkurser/mvc/me/report/tests/Entity/BookTest.php" line="21" assertions="1" time="0.000319"/>
        <testcase name="testSetAndGetMethods" class="App\Tests\Entity\BookTest" classname="App.Tests.Entity.BookTest" file="/home/ubuntu/dbwebbkurser/mvc/me/report/tests/Entity/BookTest.php" line="34" assertions="8" time="0.000372"/>
      </testsuite>
      <testsuite name="App\Tests\Entity\ProductTest" file="/home/ubuntu/dbwebbkurser/mvc/me/report/tests/Entity/ProductTest.php" tests="2" assertions="4" errors="0" warnings="0" failures="0" skipped="0" time="0.001073">
        <testcase name="testCreateObject" class="App\Tests\Entity\ProductTest" classname="App.Tests.Entity.ProductTest" file="/home/ubuntu/dbwebbkurser/mvc/me/report/tests/Entity/ProductTest.php" line="21" assertions="1" time="0.000406"/>
        <testcase name="testSetAndGetMethods" class="App\Tests\Entity\ProductTest" classname="App.Tests.Entity.ProductTest" file="/home/ubuntu/dbwebbkurser/mvc/me/report/tests/Entity/ProductTest.php" line="34" assertions="3" time="0.000667"/>
      </testsuite>
      <testsuite name="App\Tests\Game\BlackJack\DealerTest" file="/home/ubuntu/dbwebbkurser/mvc/me/report/tests/Game/BlackJack/BlackJack/DealerTest.php" tests="2" assertions="9" errors="0" warnings="0" failures="0" skipped="0" time="0.001030">
        <testcase name="testCreateObject" class="App\Tests\Game\BlackJack\DealerTest" classname="App.Tests.Game.BlackJack.DealerTest" file="/home/ubuntu/dbwebbkurser/mvc/me/report/tests/Game/BlackJack/BlackJack/DealerTest.php" line="22" assertions="1" time="0.000431"/>
        <testcase name="testPlay" class="App\Tests\Game\BlackJack\DealerTest" classname="App.Tests.Game.BlackJack.DealerTest" file="/home/ubuntu/dbwebbkurser/mvc/me/report/tests/Game/BlackJack/BlackJack/DealerTest.php" line="35" assertions="8" time="0.000599"/>
      </testsuite>
      <testsuite name="App\Tests\Game\BlackJack\GameLogicTest" file="/home/ubuntu/dbwebbkurser/mvc/me/report/tests/Game/BlackJack/BlackJack/GameLogicTest.php" tests="8" assertions="39" errors="0" warnings="0" failures="0" skipped="0" time="0.010378">
        <testcase name="testCreateObject" class="App\Tests\Game\BlackJack\GameLogicTest" classname="App.Tests.Game.BlackJack.GameLogicTest" file="/home/ubuntu/dbwebbkurser/mvc/me/report/tests/Game/BlackJack/BlackJack/GameLogicTest.php" line="26" assertions="2" time="0.000843"/>
        <testcase name="testNewGame" class="App\Tests\Game\BlackJack\GameLogicTest" classname="App.Tests.Game.BlackJack.GameLogicTest" file="/home/ubuntu/dbwebbkurser/mvc/me/report/tests/Game/BlackJack/BlackJack/GameLogicTest.php" line="42" assertions="6" time="0.001981"/>
        <testcase name="testStateOfGameAndCheckIfDealersTurn" class="App\Tests\Game\BlackJack\GameLogicTest" classname="App.Tests.Game.BlackJack.GameLogicTest" file="/home/ubuntu/dbwebbkurser/mvc/me/report/tests/Game/BlackJack/BlackJack/GameLogicTest.php" line="79" assertions="22" time="0.001778"/>
        <testcase name="testPlayerBust" class="App\Tests\Game\BlackJack\GameLogicTest" classname="App.Tests.Game.BlackJack.GameLogicTest" file="/home/ubuntu/dbwebbkurser/mvc/me/report/tests/Game/BlackJack/BlackJack/GameLogicTest.php" line="129" assertions="4" time="0.001107"/>
        <testcase name="testDealerBust" class="App\Tests\Game\BlackJack\GameLogicTest" classname="App.Tests.Game.BlackJack.GameLogicTest" file="/home/ubuntu/dbwebbkurser/mvc/me/report/tests/Game/BlackJack/BlackJack/GameLogicTest.php" line="183" assertions="2" time="0.001293"/>
        <testcase name="testPlayerWin" class="App\Tests\Game\BlackJack\GameLogicTest" classname="App.Tests.Game.BlackJack.GameLogicTest" file="/home/ubuntu/dbwebbkurser/mvc/me/report/tests/Game/BlackJack/BlackJack/GameLogicTest.php" line="220" assertions="1" time="0.001288"/>
        <testcase name="testDealerWin" class="App\Tests\Game\BlackJack\GameLogicTest" classname="App.Tests.Game.BlackJack.GameLogicTest" file="/home/ubuntu/dbwebbkurser/mvc/me/report/tests/Game/BlackJack/BlackJack/GameLogicTest.php" line="253" assertions="1" time="0.001017"/>
        <testcase name="testTie" class="App\Tests\Game\BlackJack\GameLogicTest" classname="App.Tests.Game.BlackJack.GameLogicTest" file="/home/ubuntu/dbwebbkurser/mvc/me/report/tests/Game/BlackJack/BlackJack/GameLogicTest.php" line="286" assertions="1" time="0.001069"/>
      </testsuite>
      <testsuite name="App\Tests\Game\BlackJack\PlayerTest" file="/home/ubuntu/dbwebbkurser/mvc/me/report/tests/Game/BlackJack/BlackJack/PlayerTest.php" tests="7" assertions="24" errors="0" warnings="0" failures="0" skipped="0" time="0.003093">
        <testcase name="testCreateObject" class="App\Tests\Game\BlackJack\PlayerTest" classname="App.Tests.Game.BlackJack.PlayerTest" file="/home/ubuntu/dbwebbkurser/mvc/me/report/tests/Game/BlackJack/BlackJack/PlayerTest.php" line="22" assertions="1" time="0.000314"/>
        <testcase name="testSettersAndGetters" class="App\Tests\Game\BlackJack\PlayerTest" classname="App.Tests.Game.BlackJack.PlayerTest" file="/home/ubuntu/dbwebbkurser/mvc/me/report/tests/Game/BlackJack/BlackJack/PlayerTest.php" line="35" assertions="9" time="0.000412"/>
        <testcase name="testChangeCredits" class="App\Tests\Game\BlackJack\PlayerTest" classname="App.Tests.Game.BlackJack.PlayerTest" file="/home/ubuntu/dbwebbkurser/mvc/me/report/tests/Game/BlackJack/BlackJack/PlayerTest.php" line="64" assertions="2" time="0.000334"/>
        <testcase name="testBet" class="App\Tests\Game\BlackJack\PlayerTest" classname="App.Tests.Game.BlackJack.PlayerTest" file="/home/ubuntu/dbwebbkurser/mvc/me/report/tests/Game/BlackJack/BlackJack/PlayerTest.php" line="88" assertions="5" time="0.000362"/>
        <testcase name="testBooleans" class="App\Tests\Game\BlackJack\PlayerTest" classname="App.Tests.Game.BlackJack.PlayerTest" file="/home/ubuntu/dbwebbkurser/mvc/me/report/tests/Game/BlackJack/BlackJack/PlayerTest.php" line="123" assertions="4" time="0.000789"/>
        <testcase name="testGetValue" class="App\Tests\Game\BlackJack\PlayerTest" classname="App.Tests.Game.BlackJack.PlayerTest" file="/home/ubuntu/dbwebbkurser/mvc/me/report/tests/Game/BlackJack/BlackJack/PlayerTest.php" line="156" assertions="1" time="0.000439"/>
        <testcase name="testDropHand" class="App\Tests\Game\BlackJack\PlayerTest" classname="App.Tests.Game.BlackJack.PlayerTest" file="/home/ubuntu/dbwebbkurser/mvc/me/report/tests/Game/BlackJack/BlackJack/PlayerTest.php" line="176" assertions="2" time="0.000443"/>
      </testsuite>
      <testsuite name="App\Tests\Game\BlackJackTest" file="/home/ubuntu/dbwebbkurser/mvc/me/report/tests/Game/BlackJack/BlackJackTest.php" tests="8" assertions="26" errors="0" warnings="0" failures="0" skipped="0" time="0.010464">
        <testcase name="testCreateObject" class="App\Tests\Game\BlackJackTest" classname="App.Tests.Game.BlackJackTest" file="/home/ubuntu/dbwebbkurser/mvc/me/report/tests/Game/BlackJack/BlackJackTest.php" line="26" assertions="2" time="0.001488"/>
        <testcase name="testToFewPlayers" class="App\Tests\Game\BlackJackTest" classname="App.Tests.Game.BlackJackTest" file="/home/ubuntu/dbwebbkurser/mvc/me/report/tests/Game/BlackJack/BlackJackTest.php" line="42" assertions="2" time="0.000336"/>
        <testcase name="testToManyPlayers" class="App\Tests\Game\BlackJackTest" classname="App.Tests.Game.BlackJackTest" file="/home/ubuntu/dbwebbkurser/mvc/me/report/tests/Game/BlackJack/BlackJackTest.php" line="54" assertions="2" time="0.000329"/>
        <testcase name="testBooleans" class="App\Tests\Game\BlackJackTest" classname="App.Tests.Game.BlackJackTest" file="/home/ubuntu/dbwebbkurser/mvc/me/report/tests/Game/BlackJack/BlackJackTest.php" line="68" assertions="5" time="0.001393"/>
        <testcase name="testSettersAndGetters" class="App\Tests\Game\BlackJackTest" classname="App.Tests.Game.BlackJackTest" file="/home/ubuntu/dbwebbkurser/mvc/me/report/tests/Game/BlackJack/BlackJackTest.php" line="98" assertions="9" time="0.001552"/>
        <testcase name="testStayPlayer" class="App\Tests\Game\BlackJackTest" classname="App.Tests.Game.BlackJackTest" file="/home/ubuntu/dbwebbkurser/mvc/me/report/tests/Game/BlackJack/BlackJackTest.php" line="173" assertions="1" time="0.001569"/>
        <testcase name="testHitPlayer" class="App\Tests\Game\BlackJackTest" classname="App.Tests.Game.BlackJackTest" file="/home/ubuntu/dbwebbkurser/mvc/me/report/tests/Game/BlackJack/BlackJackTest.php" line="195" assertions="2" time="0.001515"/>
        <testcase name="testDoubleDownPlayer" class="App\Tests\Game\BlackJackTest" classname="App.Tests.Game.BlackJackTest" file="/home/ubuntu/dbwebbkurser/mvc/me/report/tests/Game/BlackJack/BlackJackTest.php" line="226" assertions="3" time="0.002282"/>
      </testsuite>
      <testsuite name="App\Tests\Repository\BookRepositoryTest" file="/home/ubuntu/dbwebbkurser/mvc/me/report/tests/Repository/BookRepositoryTest.php" tests="1" assertions="62" errors="0" warnings="0" failures="0" skipped="0" time="0.028759">
        <testcase name="testCRUD" class="App\Tests\Repository\BookRepositoryTest" classname="App.Tests.Repository.BookRepositoryTest" file="/home/ubuntu/dbwebbkurser/mvc/me/report/tests/Repository/BookRepositoryTest.php" line="327" assertions="62" time="0.028759"/>
      </testsuite>
      <testsuite name="App\Tests\Repository\ProductRepositoryTest" file="/home/ubuntu/dbwebbkurser/mvc/me/report/tests/Repository/ProductRepositoryTest.php" tests="2" assertions="6" errors="0" warnings="0" failures="0" skipped="0" time="0.035975">
        <testcase name="testFindByMinimumValue" class="App\Tests\Repository\ProductRepositoryTest" classname="App.Tests.Repository.ProductRepositoryTest" file="/home/ubuntu/dbwebbkurser/mvc/me/report/tests/Repository/ProductRepositoryTest.php" line="76" assertions="3" time="0.016306"/>
        <testcase name="testFindByMinimumValue2" class="App\Tests\Repository\ProductRepositoryTest" classname="App.Tests.Repository.ProductRepositoryTest" file="/home/ubuntu/dbwebbkurser/mvc/me/report/tests/Repository/ProductRepositoryTest.php" line="92" assertions="3" time="0.019668"/>
      </testsuite>
      <testsuite name="App\Tests\UploadManagerTest" file="/home/ubuntu/dbwebbkurser/mvc/me/report/tests/UploadManagerTest.php" tests="6" assertions="15" errors="0" warnings="0" failures="0" skipped="0" time="0.014861">
        <testcase name="testCreateObject" class="App\Tests\UploadManagerTest" classname="App.Tests.UploadManagerTest" file="/home/ubuntu/dbwebbkurser/mvc/me/report/tests/UploadManagerTest.php" line="82" assertions="1" time="0.001822"/>
        <testcase name="testGetters" class="App\Tests\UploadManagerTest" classname="App.Tests.UploadManagerTest" file="/home/ubuntu/dbwebbkurser/mvc/me/report/tests/UploadManagerTest.php" line="93" assertions="3" time="0.001059"/>
        <testcase name="testSaveUploadedFile" class="App\Tests\UploadManagerTest" classname="App.Tests.UploadManagerTest" file="/home/ubuntu/dbwebbkurser/mvc/me/report/tests/UploadManagerTest.php" line="112" assertions="3" time="0.005891"/>
        <testcase name="testSaveUploadedFileInvalidFileType" class="App\Tests\UploadManagerTest" classname="App.Tests.UploadManagerTest" file="/home/ubuntu/dbwebbkurser/mvc/me/report/tests/UploadManagerTest.php" line="144" assertions="2" time="0.002115"/>
        <testcase name="testSaveUploadedFileMoveException" class="App\Tests\UploadManagerTest" classname="App.Tests.UploadManagerTest" file="/home/ubuntu/dbwebbkurser/mvc/me/report/tests/UploadManagerTest.php" line="168" assertions="3" time="0.002713"/>
        <testcase name="testDeleteUploadedFile" class="App\Tests\UploadManagerTest" classname="App.Tests.UploadManagerTest" file="/home/ubuntu/dbwebbkurser/mvc/me/report/tests/UploadManagerTest.php" line="196" assertions="3" time="0.001261"/>
      </testsuite>
    </testsuite>
  </testsuite>
</testsuites>
