<?xml version="1.0" encoding="UTF-8"?>
<testsuites>
  <testsuite name="" tests="119" assertions="379" errors="0" warnings="0" failures="0" skipped="0" time="9.769228">
    <testsuite name="Project Test Suite" tests="119" assertions="379" errors="0" warnings="0" failures="0" skipped="0" time="9.769228">
      <testsuite name="App\Tests\Cards\CardGraphicTest" file="/home/ubuntu/dbwebbkurser/mvc/me/report/tests/Cards/CardGraphicTest.php" tests="3" assertions="9" errors="0" warnings="0" failures="0" skipped="0" time="0.030649">
        <testcase name="testCreateObject" class="App\Tests\Cards\CardGraphicTest" classname="App.Tests.Cards.CardGraphicTest" file="/home/ubuntu/dbwebbkurser/mvc/me/report/tests/Cards/CardGraphicTest.php" line="21" assertions="2" time="0.028818"/>
        <testcase name="testGetFunctions" class="App\Tests\Cards\CardGraphicTest" classname="App.Tests.Cards.CardGraphicTest" file="/home/ubuntu/dbwebbkurser/mvc/me/report/tests/Cards/CardGraphicTest.php" line="37" assertions="3" time="0.001261"/>
        <testcase name="testSetFunctions" class="App\Tests\Cards\CardGraphicTest" classname="App.Tests.Cards.CardGraphicTest" file="/home/ubuntu/dbwebbkurser/mvc/me/report/tests/Cards/CardGraphicTest.php" line="58" assertions="4" time="0.000570"/>
      </testsuite>
      <testsuite name="App\Tests\Cards\CardHandTest" file="/home/ubuntu/dbwebbkurser/mvc/me/report/tests/Cards/CardHandTest.php" tests="3" assertions="8" errors="0" warnings="0" failures="0" skipped="0" time="0.002468">
        <testcase name="testCreateObject" class="App\Tests\Cards\CardHandTest" classname="App.Tests.Cards.CardHandTest" file="/home/ubuntu/dbwebbkurser/mvc/me/report/tests/Cards/CardHandTest.php" line="22" assertions="2" time="0.001293"/>
        <testcase name="testAddCard" class="App\Tests\Cards\CardHandTest" classname="App.Tests.Cards.CardHandTest" file="/home/ubuntu/dbwebbkurser/mvc/me/report/tests/Cards/CardHandTest.php" line="38" assertions="1" time="0.000540"/>
        <testcase name="testGetFunctions" class="App\Tests\Cards\CardHandTest" classname="App.Tests.Cards.CardHandTest" file="/home/ubuntu/dbwebbkurser/mvc/me/report/tests/Cards/CardHandTest.php" line="56" assertions="5" time="0.000634"/>
      </testsuite>
      <testsuite name="App\Tests\Cards\CardTest" file="/home/ubuntu/dbwebbkurser/mvc/me/report/tests/Cards/CardTest.php" tests="3" assertions="9" errors="0" warnings="0" failures="0" skipped="0" time="0.001621">
        <testcase name="testCreateObject" class="App\Tests\Cards\CardTest" classname="App.Tests.Cards.CardTest" file="/home/ubuntu/dbwebbkurser/mvc/me/report/tests/Cards/CardTest.php" line="21" assertions="2" time="0.000528"/>
        <testcase name="testGetFunctions" class="App\Tests\Cards\CardTest" classname="App.Tests.Cards.CardTest" file="/home/ubuntu/dbwebbkurser/mvc/me/report/tests/Cards/CardTest.php" line="38" assertions="3" time="0.000511"/>
        <testcase name="testSetFunctions" class="App\Tests\Cards\CardTest" classname="App.Tests.Cards.CardTest" file="/home/ubuntu/dbwebbkurser/mvc/me/report/tests/Cards/CardTest.php" line="59" assertions="4" time="0.000582"/>
      </testsuite>
      <testsuite name="App\Tests\Cards\DeckOfCardsTest" file="/home/ubuntu/dbwebbkurser/mvc/me/report/tests/Cards/DeckOfCardsTest.php" tests="3" assertions="10" errors="0" warnings="0" failures="0" skipped="0" time="0.017844">
        <testcase name="testCreateObject" class="App\Tests\Cards\DeckOfCardsTest" classname="App.Tests.Cards.DeckOfCardsTest" file="/home/ubuntu/dbwebbkurser/mvc/me/report/tests/Cards/DeckOfCardsTest.php" line="22" assertions="2" time="0.002677"/>
        <testcase name="testDeckManipulation" class="App\Tests\Cards\DeckOfCardsTest" classname="App.Tests.Cards.DeckOfCardsTest" file="/home/ubuntu/dbwebbkurser/mvc/me/report/tests/Cards/DeckOfCardsTest.php" line="38" assertions="2" time="0.008358"/>
        <testcase name="testDrawCard" class="App\Tests\Cards\DeckOfCardsTest" classname="App.Tests.Cards.DeckOfCardsTest" file="/home/ubuntu/dbwebbkurser/mvc/me/report/tests/Cards/DeckOfCardsTest.php" line="57" assertions="6" time="0.006809"/>
      </testsuite>
      <testsuite name="App\Tests\Controller\BaseControllerTest" file="/home/ubuntu/dbwebbkurser/mvc/me/report/tests/Controller/BaseControllerTest.php" tests="5" assertions="10" errors="0" warnings="0" failures="0" skipped="0" time="4.675809">
        <testcase name="testHome" class="App\Tests\Controller\BaseControllerTest" classname="App.Tests.Controller.BaseControllerTest" file="/home/ubuntu/dbwebbkurser/mvc/me/report/tests/Controller/BaseControllerTest.php" line="35" assertions="2" time="4.443929"/>
        <testcase name="testAbout" class="App\Tests\Controller\BaseControllerTest" classname="App.Tests.Controller.BaseControllerTest" file="/home/ubuntu/dbwebbkurser/mvc/me/report/tests/Controller/BaseControllerTest.php" line="63" assertions="2" time="0.054245"/>
        <testcase name="testReport" class="App\Tests\Controller\BaseControllerTest" classname="App.Tests.Controller.BaseControllerTest" file="/home/ubuntu/dbwebbkurser/mvc/me/report/tests/Controller/BaseControllerTest.php" line="91" assertions="2" time="0.064198"/>
        <testcase name="testLucky" class="App\Tests\Controller\BaseControllerTest" classname="App.Tests.Controller.BaseControllerTest" file="/home/ubuntu/dbwebbkurser/mvc/me/report/tests/Controller/BaseControllerTest.php" line="119" assertions="2" time="0.051815"/>
        <testcase name="testMetrics" class="App\Tests\Controller\BaseControllerTest" classname="App.Tests.Controller.BaseControllerTest" file="/home/ubuntu/dbwebbkurser/mvc/me/report/tests/Controller/BaseControllerTest.php" line="147" assertions="2" time="0.061623"/>
      </testsuite>
      <testsuite name="App\Tests\Controller\BlackJackControllerTest" file="/home/ubuntu/dbwebbkurser/mvc/me/report/tests/Controller/BlackJackControllerTest.php" tests="6" assertions="14" errors="0" warnings="0" failures="0" skipped="0" time="0.531674">
        <testcase name="testGameStart" class="App\Tests\Controller\BlackJackControllerTest" classname="App.Tests.Controller.BlackJackControllerTest" file="/home/ubuntu/dbwebbkurser/mvc/me/report/tests/Controller/BlackJackControllerTest.php" line="18" assertions="2" time="0.044763"/>
        <testcase name="testBlackJackDoc" class="App\Tests\Controller\BlackJackControllerTest" classname="App.Tests.Controller.BlackJackControllerTest" file="/home/ubuntu/dbwebbkurser/mvc/me/report/tests/Controller/BlackJackControllerTest.php" line="47" assertions="2" time="0.074037"/>
        <testcase name="testBlackJackStart" class="App\Tests\Controller\BlackJackControllerTest" classname="App.Tests.Controller.BlackJackControllerTest" file="/home/ubuntu/dbwebbkurser/mvc/me/report/tests/Controller/BlackJackControllerTest.php" line="76" assertions="2" time="0.103432"/>
        <testcase name="testBlackJackHit" class="App\Tests\Controller\BlackJackControllerTest" classname="App.Tests.Controller.BlackJackControllerTest" file="/home/ubuntu/dbwebbkurser/mvc/me/report/tests/Controller/BlackJackControllerTest.php" line="105" assertions="6" time="0.258492"/>
        <testcase name="testBlackJackStay" class="App\Tests\Controller\BlackJackControllerTest" classname="App.Tests.Controller.BlackJackControllerTest" file="/home/ubuntu/dbwebbkurser/mvc/me/report/tests/Controller/BlackJackControllerTest.php" line="141" assertions="1" time="0.029137"/>
        <testcase name="testBlackJackReset" class="App\Tests\Controller\BlackJackControllerTest" classname="App.Tests.Controller.BlackJackControllerTest" file="/home/ubuntu/dbwebbkurser/mvc/me/report/tests/Controller/BlackJackControllerTest.php" line="168" assertions="1" time="0.021813"/>
      </testsuite>
      <testsuite name="App\Tests\Controller\BookControllerTest" file="/home/ubuntu/dbwebbkurser/mvc/me/report/tests/Controller/BookControllerTest.php" tests="8" assertions="31" errors="0" warnings="0" failures="0" skipped="0" time="1.030742">
        <testcase name="testCRUD" class="App\Tests\Controller\BookControllerTest" classname="App.Tests.Controller.BookControllerTest" file="/home/ubuntu/dbwebbkurser/mvc/me/report/tests/Controller/BookControllerTest.php" line="281" assertions="17" time="0.623679"/>
        <testcase name="testLibrary" class="App\Tests\Controller\BookControllerTest" classname="App.Tests.Controller.BookControllerTest" file="/home/ubuntu/dbwebbkurser/mvc/me/report/tests/Controller/BookControllerTest.php" line="300" assertions="2" time="0.090339"/>
        <testcase name="testBookCreateGET" class="App\Tests\Controller\BookControllerTest" classname="App.Tests.Controller.BookControllerTest" file="/home/ubuntu/dbwebbkurser/mvc/me/report/tests/Controller/BookControllerTest.php" line="324" assertions="2" time="0.050332"/>
        <testcase name="testShowAll" class="App\Tests\Controller\BookControllerTest" classname="App.Tests.Controller.BookControllerTest" file="/home/ubuntu/dbwebbkurser/mvc/me/report/tests/Controller/BookControllerTest.php" line="348" assertions="2" time="0.055311"/>
        <testcase name="testShowOne" class="App\Tests\Controller\BookControllerTest" classname="App.Tests.Controller.BookControllerTest" file="/home/ubuntu/dbwebbkurser/mvc/me/report/tests/Controller/BookControllerTest.php" line="372" assertions="2" time="0.055167"/>
        <testcase name="testShowAllUpdate" class="App\Tests\Controller\BookControllerTest" classname="App.Tests.Controller.BookControllerTest" file="/home/ubuntu/dbwebbkurser/mvc/me/report/tests/Controller/BookControllerTest.php" line="418" assertions="2" time="0.056000"/>
        <testcase name="testBookUpdateGET" class="App\Tests\Controller\BookControllerTest" classname="App.Tests.Controller.BookControllerTest" file="/home/ubuntu/dbwebbkurser/mvc/me/report/tests/Controller/BookControllerTest.php" line="442" assertions="2" time="0.042810"/>
        <testcase name="testBookShowAllDeleteGET" class="App\Tests\Controller\BookControllerTest" classname="App.Tests.Controller.BookControllerTest" file="/home/ubuntu/dbwebbkurser/mvc/me/report/tests/Controller/BookControllerTest.php" line="481" assertions="2" time="0.057104"/>
      </testsuite>
      <testsuite name="App\Tests\Controller\CardGameControllerExceptionTest" file="/home/ubuntu/dbwebbkurser/mvc/me/report/tests/Controller/CardGameControllerExceptionTest.php" tests="5" assertions="9" errors="0" warnings="0" failures="0" skipped="0" time="0.395564">
        <testcase name="testCardDeckDrawEmptyException" class="App\Tests\Controller\CardGameControllerExceptionTest" classname="App.Tests.Controller.CardGameControllerExceptionTest" file="/home/ubuntu/dbwebbkurser/mvc/me/report/tests/Controller/CardGameControllerExceptionTest.php" line="62" assertions="2" time="0.120413"/>
        <testcase name="testCardDeckDrawManyHighException" class="App\Tests\Controller\CardGameControllerExceptionTest" classname="App.Tests.Controller.CardGameControllerExceptionTest" file="/home/ubuntu/dbwebbkurser/mvc/me/report/tests/Controller/CardGameControllerExceptionTest.php" line="96" assertions="2" time="0.034958"/>
        <testcase name="testCardDeckDrawManyLowException" class="App\Tests\Controller\CardGameControllerExceptionTest" classname="App.Tests.Controller.CardGameControllerExceptionTest" file="/home/ubuntu/dbwebbkurser/mvc/me/report/tests/Controller/CardGameControllerExceptionTest.php" line="124" assertions="2" time="0.012794"/>
        <testcase name="testCardDeckDrawManyToManyException" class="App\Tests\Controller\CardGameControllerExceptionTest" classname="App.Tests.Controller.CardGameControllerExceptionTest" file="/home/ubuntu/dbwebbkurser/mvc/me/report/tests/Controller/CardGameControllerExceptionTest.php" line="149" assertions="1" time="0.109072"/>
        <testcase name="testCardDeckDrawManyEmptyException" class="App\Tests\Controller\CardGameControllerExceptionTest" classname="App.Tests.Controller.CardGameControllerExceptionTest" file="/home/ubuntu/dbwebbkurser/mvc/me/report/tests/Controller/CardGameControllerExceptionTest.php" line="182" assertions="2" time="0.118327"/>
      </testsuite>
      <testsuite name="App\Tests\Controller\CardGameControllerTest" file="/home/ubuntu/dbwebbkurser/mvc/me/report/tests/Controller/CardGameControllerTest.php" tests="7" assertions="14" errors="0" warnings="0" failures="0" skipped="0" time="0.611703">
        <testcase name="testCardStart" class="App\Tests\Controller\CardGameControllerTest" classname="App.Tests.Controller.CardGameControllerTest" file="/home/ubuntu/dbwebbkurser/mvc/me/report/tests/Controller/CardGameControllerTest.php" line="18" assertions="2" time="0.116320"/>
        <testcase name="testCardSession" class="App\Tests\Controller\CardGameControllerTest" classname="App.Tests.Controller.CardGameControllerTest" file="/home/ubuntu/dbwebbkurser/mvc/me/report/tests/Controller/CardGameControllerTest.php" line="49" assertions="2" time="0.091054"/>
        <testcase name="testCardSessionDelete" class="App\Tests\Controller\CardGameControllerTest" classname="App.Tests.Controller.CardGameControllerTest" file="/home/ubuntu/dbwebbkurser/mvc/me/report/tests/Controller/CardGameControllerTest.php" line="80" assertions="2" time="0.070025"/>
        <testcase name="testCardDeck" class="App\Tests\Controller\CardGameControllerTest" classname="App.Tests.Controller.CardGameControllerTest" file="/home/ubuntu/dbwebbkurser/mvc/me/report/tests/Controller/CardGameControllerTest.php" line="111" assertions="2" time="0.147540"/>
        <testcase name="testCardDeckShuffle" class="App\Tests\Controller\CardGameControllerTest" classname="App.Tests.Controller.CardGameControllerTest" file="/home/ubuntu/dbwebbkurser/mvc/me/report/tests/Controller/CardGameControllerTest.php" line="142" assertions="2" time="0.096915"/>
        <testcase name="testCardDeckDraw" class="App\Tests\Controller\CardGameControllerTest" classname="App.Tests.Controller.CardGameControllerTest" file="/home/ubuntu/dbwebbkurser/mvc/me/report/tests/Controller/CardGameControllerTest.php" line="173" assertions="2" time="0.055029"/>
        <testcase name="testCardDeckDrawMany" class="App\Tests\Controller\CardGameControllerTest" classname="App.Tests.Controller.CardGameControllerTest" file="/home/ubuntu/dbwebbkurser/mvc/me/report/tests/Controller/CardGameControllerTest.php" line="204" assertions="2" time="0.034820"/>
      </testsuite>
      <testsuite name="App\Tests\Controller\DiceGameControllerExceptionTest" file="/home/ubuntu/dbwebbkurser/mvc/me/report/tests/Controller/DiceControllerExceptionTest.php" tests="4" assertions="8" errors="0" warnings="0" failures="0" skipped="0" time="0.090827">
        <testcase name="testDiceHighException" class="App\Tests\Controller\DiceGameControllerExceptionTest" classname="App.Tests.Controller.DiceGameControllerExceptionTest" file="/home/ubuntu/dbwebbkurser/mvc/me/report/tests/Controller/DiceControllerExceptionTest.php" line="46" assertions="2" time="0.024454"/>
        <testcase name="testDiceLowException" class="App\Tests\Controller\DiceGameControllerExceptionTest" classname="App.Tests.Controller.DiceGameControllerExceptionTest" file="/home/ubuntu/dbwebbkurser/mvc/me/report/tests/Controller/DiceControllerExceptionTest.php" line="71" assertions="2" time="0.018530"/>
        <testcase name="testDicehandHighException" class="App\Tests\Controller\DiceGameControllerExceptionTest" classname="App.Tests.Controller.DiceGameControllerExceptionTest" file="/home/ubuntu/dbwebbkurser/mvc/me/report/tests/Controller/DiceControllerExceptionTest.php" line="99" assertions="2" time="0.018548"/>
        <testcase name="testDicehandLowException" class="App\Tests\Controller\DiceGameControllerExceptionTest" classname="App.Tests.Controller.DiceGameControllerExceptionTest" file="/home/ubuntu/dbwebbkurser/mvc/me/report/tests/Controller/DiceControllerExceptionTest.php" line="124" assertions="2" time="0.029296"/>
      </testsuite>
      <testsuite name="App\Tests\Controller\DiceControllerTest" file="/home/ubuntu/dbwebbkurser/mvc/me/report/tests/Controller/DiceControllerTest.php" tests="8" assertions="20" errors="0" warnings="0" failures="0" skipped="0" time="0.707592">
        <testcase name="testPigStart" class="App\Tests\Controller\DiceControllerTest" classname="App.Tests.Controller.DiceControllerTest" file="/home/ubuntu/dbwebbkurser/mvc/me/report/tests/Controller/DiceControllerTest.php" line="49" assertions="2" time="0.099476"/>
        <testcase name="testPigInitGET" class="App\Tests\Controller\DiceControllerTest" classname="App.Tests.Controller.DiceControllerTest" file="/home/ubuntu/dbwebbkurser/mvc/me/report/tests/Controller/DiceControllerTest.php" line="78" assertions="2" time="0.091203"/>
        <testcase name="testPigPlay" class="App\Tests\Controller\DiceControllerTest" classname="App.Tests.Controller.DiceControllerTest" file="/home/ubuntu/dbwebbkurser/mvc/me/report/tests/Controller/DiceControllerTest.php" line="107" assertions="3" time="0.045159"/>
        <testcase name="testPigSave" class="App\Tests\Controller\DiceControllerTest" classname="App.Tests.Controller.DiceControllerTest" file="/home/ubuntu/dbwebbkurser/mvc/me/report/tests/Controller/DiceControllerTest.php" line="139" assertions="1" time="0.021172"/>
        <testcase name="testPigRoll" class="App\Tests\Controller\DiceControllerTest" classname="App.Tests.Controller.DiceControllerTest" file="/home/ubuntu/dbwebbkurser/mvc/me/report/tests/Controller/DiceControllerTest.php" line="166" assertions="6" time="0.217054"/>
        <testcase name="testRollDice" class="App\Tests\Controller\DiceControllerTest" classname="App.Tests.Controller.DiceControllerTest" file="/home/ubuntu/dbwebbkurser/mvc/me/report/tests/Controller/DiceControllerTest.php" line="198" assertions="2" time="0.083088"/>
        <testcase name="testRollNumDice" class="App\Tests\Controller\DiceControllerTest" classname="App.Tests.Controller.DiceControllerTest" file="/home/ubuntu/dbwebbkurser/mvc/me/report/tests/Controller/DiceControllerTest.php" line="227" assertions="2" time="0.074053"/>
        <testcase name="testDicehand" class="App\Tests\Controller\DiceControllerTest" classname="App.Tests.Controller.DiceControllerTest" file="/home/ubuntu/dbwebbkurser/mvc/me/report/tests/Controller/DiceControllerTest.php" line="256" assertions="2" time="0.076387"/>
      </testsuite>
      <testsuite name="App\Tests\Controller\JasonControllerExceptionTest" file="/home/ubuntu/dbwebbkurser/mvc/me/report/tests/Controller/JasonControllerExceptionTest.php" tests="5" assertions="9" errors="0" warnings="0" failures="0" skipped="0" time="0.293826">
        <testcase name="testApiDeckDrawEmptyException" class="App\Tests\Controller\JasonControllerExceptionTest" classname="App.Tests.Controller.JasonControllerExceptionTest" file="/home/ubuntu/dbwebbkurser/mvc/me/report/tests/Controller/JasonControllerExceptionTest.php" line="62" assertions="2" time="0.105830"/>
        <testcase name="testApiDeckDrawManyHighException" class="App\Tests\Controller\JasonControllerExceptionTest" classname="App.Tests.Controller.JasonControllerExceptionTest" file="/home/ubuntu/dbwebbkurser/mvc/me/report/tests/Controller/JasonControllerExceptionTest.php" line="96" assertions="2" time="0.019593"/>
        <testcase name="testApiDeckDrawManyLowException" class="App\Tests\Controller\JasonControllerExceptionTest" classname="App.Tests.Controller.JasonControllerExceptionTest" file="/home/ubuntu/dbwebbkurser/mvc/me/report/tests/Controller/JasonControllerExceptionTest.php" line="124" assertions="2" time="0.019250"/>
        <testcase name="testApiDeckDrawManyToManyException" class="App\Tests\Controller\JasonControllerExceptionTest" classname="App.Tests.Controller.JasonControllerExceptionTest" file="/home/ubuntu/dbwebbkurser/mvc/me/report/tests/Controller/JasonControllerExceptionTest.php" line="149" assertions="1" time="0.055481"/>
        <testcase name="testApiDeckDrawManyEmptyException" class="App\Tests\Controller\JasonControllerExceptionTest" classname="App.Tests.Controller.JasonControllerExceptionTest" file="/home/ubuntu/dbwebbkurser/mvc/me/report/tests/Controller/JasonControllerExceptionTest.php" line="182" assertions="2" time="0.093672"/>
      </testsuite>
      <testsuite name="App\Tests\Controller\JasonControllerTest" file="/home/ubuntu/dbwebbkurser/mvc/me/report/tests/Controller/JasonControllerTest.php" tests="9" assertions="64" errors="0" warnings="0" failures="0" skipped="0" time="0.436716">
        <testcase name="testApi" class="App\Tests\Controller\JasonControllerTest" classname="App.Tests.Controller.JasonControllerTest" file="/home/ubuntu/dbwebbkurser/mvc/me/report/tests/Controller/JasonControllerTest.php" line="20" assertions="2" time="0.133992"/>
        <testcase name="testApiQuote" class="App\Tests\Controller\JasonControllerTest" classname="App.Tests.Controller.JasonControllerTest" file="/home/ubuntu/dbwebbkurser/mvc/me/report/tests/Controller/JasonControllerTest.php" line="52" assertions="8" time="0.039106"/>
        <testcase name="testApiDeck" class="App\Tests\Controller\JasonControllerTest" classname="App.Tests.Controller.JasonControllerTest" file="/home/ubuntu/dbwebbkurser/mvc/me/report/tests/Controller/JasonControllerTest.php" line="101" assertions="5" time="0.037589"/>
        <testcase name="testApiDeckShuffle" class="App\Tests\Controller\JasonControllerTest" classname="App.Tests.Controller.JasonControllerTest" file="/home/ubuntu/dbwebbkurser/mvc/me/report/tests/Controller/JasonControllerTest.php" line="147" assertions="4" time="0.041225"/>
        <testcase name="testApiDeckDraw" class="App\Tests\Controller\JasonControllerTest" classname="App.Tests.Controller.JasonControllerTest" file="/home/ubuntu/dbwebbkurser/mvc/me/report/tests/Controller/JasonControllerTest.php" line="190" assertions="6" time="0.037764"/>
        <testcase name="testApiDeckDrawMany" class="App\Tests\Controller\JasonControllerTest" classname="App.Tests.Controller.JasonControllerTest" file="/home/ubuntu/dbwebbkurser/mvc/me/report/tests/Controller/JasonControllerTest.php" line="237" assertions="6" time="0.018728"/>
        <testcase name="testApiBlackJack" class="App\Tests\Controller\JasonControllerTest" classname="App.Tests.Controller.JasonControllerTest" file="/home/ubuntu/dbwebbkurser/mvc/me/report/tests/Controller/JasonControllerTest.php" line="284" assertions="20" time="0.016296"/>
        <testcase name="testApiLibraryBooks" class="App\Tests\Controller\JasonControllerTest" classname="App.Tests.Controller.JasonControllerTest" file="/home/ubuntu/dbwebbkurser/mvc/me/report/tests/Controller/JasonControllerTest.php" line="345" assertions="4" time="0.019419"/>
        <testcase name="testApiLibraryBookISBN" class="App\Tests\Controller\JasonControllerTest" classname="App.Tests.Controller.JasonControllerTest" file="/home/ubuntu/dbwebbkurser/mvc/me/report/tests/Controller/JasonControllerTest.php" line="388" assertions="9" time="0.092597"/>
      </testsuite>
      <testsuite name="App\Tests\Controller\ProductControllerTest" file="/home/ubuntu/dbwebbkurser/mvc/me/report/tests/Controller/ProductControllerTest.php" tests="10" assertions="18" errors="0" warnings="0" failures="0" skipped="0" time="0.623835">
        <testcase name="testAppProduct" class="App\Tests\Controller\ProductControllerTest" classname="App.Tests.Controller.ProductControllerTest" file="/home/ubuntu/dbwebbkurser/mvc/me/report/tests/Controller/ProductControllerTest.php" line="48" assertions="2" time="0.097049"/>
        <testcase name="testAppProductCreate" class="App\Tests\Controller\ProductControllerTest" classname="App.Tests.Controller.ProductControllerTest" file="/home/ubuntu/dbwebbkurser/mvc/me/report/tests/Controller/ProductControllerTest.php" line="77" assertions="1" time="0.064255"/>
        <testcase name="testAppProductShow" class="App\Tests\Controller\ProductControllerTest" classname="App.Tests.Controller.ProductControllerTest" file="/home/ubuntu/dbwebbkurser/mvc/me/report/tests/Controller/ProductControllerTest.php" line="106" assertions="1" time="0.056252"/>
        <testcase name="testAppProductShowId" class="App\Tests\Controller\ProductControllerTest" classname="App.Tests.Controller.ProductControllerTest" file="/home/ubuntu/dbwebbkurser/mvc/me/report/tests/Controller/ProductControllerTest.php" line="134" assertions="1" time="0.027232"/>
        <testcase name="testAppProductUpdateAndDelete" class="App\Tests\Controller\ProductControllerTest" classname="App.Tests.Controller.ProductControllerTest" file="/home/ubuntu/dbwebbkurser/mvc/me/report/tests/Controller/ProductControllerTest.php" line="162" assertions="4" time="0.101802"/>
        <testcase name="testAppProductUpdateException" class="App\Tests\Controller\ProductControllerTest" classname="App.Tests.Controller.ProductControllerTest" file="/home/ubuntu/dbwebbkurser/mvc/me/report/tests/Controller/ProductControllerTest.php" line="211" assertions="2" time="0.022827"/>
        <testcase name="testAppProductDeleteException" class="App\Tests\Controller\ProductControllerTest" classname="App.Tests.Controller.ProductControllerTest" file="/home/ubuntu/dbwebbkurser/mvc/me/report/tests/Controller/ProductControllerTest.php" line="238" assertions="2" time="0.020390"/>
        <testcase name="testAppProductView" class="App\Tests\Controller\ProductControllerTest" classname="App.Tests.Controller.ProductControllerTest" file="/home/ubuntu/dbwebbkurser/mvc/me/report/tests/Controller/ProductControllerTest.php" line="263" assertions="2" time="0.036576"/>
        <testcase name="testAppProductViewWithMinimum" class="App\Tests\Controller\ProductControllerTest" classname="App.Tests.Controller.ProductControllerTest" file="/home/ubuntu/dbwebbkurser/mvc/me/report/tests/Controller/ProductControllerTest.php" line="292" assertions="2" time="0.171058"/>
        <testcase name="testAppProductViewByMinimum" class="App\Tests\Controller\ProductControllerTest" classname="App.Tests.Controller.ProductControllerTest" file="/home/ubuntu/dbwebbkurser/mvc/me/report/tests/Controller/ProductControllerTest.php" line="321" assertions="1" time="0.026394"/>
      </testsuite>
      <testsuite name="App\Tests\Dice\DiceGraphicTest" file="/home/ubuntu/dbwebbkurser/mvc/me/report/tests/Dice/DiceGraphicTest.php" tests="2" assertions="3" errors="0" warnings="0" failures="0" skipped="0" time="0.001902">
        <testcase name="testCreateObject" class="App\Tests\Dice\DiceGraphicTest" classname="App.Tests.Dice.DiceGraphicTest" file="/home/ubuntu/dbwebbkurser/mvc/me/report/tests/Dice/DiceGraphicTest.php" line="21" assertions="2" time="0.000609"/>
        <testcase name="testGetString" class="App\Tests\Dice\DiceGraphicTest" classname="App.Tests.Dice.DiceGraphicTest" file="/home/ubuntu/dbwebbkurser/mvc/me/report/tests/Dice/DiceGraphicTest.php" line="37" assertions="1" time="0.001293"/>
      </testsuite>
      <testsuite name="App\Tests\Dice\DiceHandTest" file="/home/ubuntu/dbwebbkurser/mvc/me/report/tests/Dice/DiceHandTest.php" tests="5" assertions="6" errors="0" warnings="0" failures="0" skipped="0" time="0.003766">
        <testcase name="testCreateObject" class="App\Tests\Dice\DiceHandTest" classname="App.Tests.Dice.DiceHandTest" file="/home/ubuntu/dbwebbkurser/mvc/me/report/tests/Dice/DiceHandTest.php" line="22" assertions="1" time="0.000452"/>
        <testcase name="testAddDice" class="App\Tests\Dice\DiceHandTest" classname="App.Tests.Dice.DiceHandTest" file="/home/ubuntu/dbwebbkurser/mvc/me/report/tests/Dice/DiceHandTest.php" line="35" assertions="1" time="0.001319"/>
        <testcase name="testRemoveDice" class="App\Tests\Dice\DiceHandTest" classname="App.Tests.Dice.DiceHandTest" file="/home/ubuntu/dbwebbkurser/mvc/me/report/tests/Dice/DiceHandTest.php" line="61" assertions="2" time="0.000513"/>
        <testcase name="testGetValues" class="App\Tests\Dice\DiceHandTest" classname="App.Tests.Dice.DiceHandTest" file="/home/ubuntu/dbwebbkurser/mvc/me/report/tests/Dice/DiceHandTest.php" line="82" assertions="1" time="0.000766"/>
        <testcase name="testGetString" class="App\Tests\Dice\DiceHandTest" classname="App.Tests.Dice.DiceHandTest" file="/home/ubuntu/dbwebbkurser/mvc/me/report/tests/Dice/DiceHandTest.php" line="105" assertions="1" time="0.000716"/>
      </testsuite>
      <testsuite name="App\Tests\Dice\DiceTest" file="/home/ubuntu/dbwebbkurser/mvc/me/report/tests/Dice/DiceTest.php" tests="5" assertions="12" errors="0" warnings="0" failures="0" skipped="0" time="0.005474">
        <testcase name="testCreateObject" class="App\Tests\Dice\DiceTest" classname="App.Tests.Dice.DiceTest" file="/home/ubuntu/dbwebbkurser/mvc/me/report/tests/Dice/DiceTest.php" line="21" assertions="2" time="0.000479"/>
        <testcase name="testStubRollValue" class="App\Tests\Dice\DiceTest" classname="App.Tests.Dice.DiceTest" file="/home/ubuntu/dbwebbkurser/mvc/me/report/tests/Dice/DiceTest.php" line="38" assertions="1" time="0.000679"/>
        <testcase name="testRollDiceValueInRange" class="App\Tests\Dice\DiceTest" classname="App.Tests.Dice.DiceTest" file="/home/ubuntu/dbwebbkurser/mvc/me/report/tests/Dice/DiceTest.php" line="59" assertions="4" time="0.002573"/>
        <testcase name="testRollDiceValue" class="App\Tests\Dice\DiceTest" classname="App.Tests.Dice.DiceTest" file="/home/ubuntu/dbwebbkurser/mvc/me/report/tests/Dice/DiceTest.php" line="74" assertions="1" time="0.000452"/>
        <testcase name="testCreateObjectWithMock" class="App\Tests\Dice\DiceTest" classname="App.Tests.Dice.DiceTest" file="/home/ubuntu/dbwebbkurser/mvc/me/report/tests/Dice/DiceTest.php" line="90" assertions="4" time="0.001290"/>
      </testsuite>
      <testsuite name="App\Tests\Entity\BookTest" file="/home/ubuntu/dbwebbkurser/mvc/me/report/tests/Entity/BookTest.php" tests="2" assertions="9" errors="0" warnings="0" failures="0" skipped="0" time="0.001090">
        <testcase name="testCreateObject" class="App\Tests\Entity\BookTest" classname="App.Tests.Entity.BookTest" file="/home/ubuntu/dbwebbkurser/mvc/me/report/tests/Entity/BookTest.php" line="21" assertions="1" time="0.000476"/>
        <testcase name="testSetAndGetMethods" class="App\Tests\Entity\BookTest" classname="App.Tests.Entity.BookTest" file="/home/ubuntu/dbwebbkurser/mvc/me/report/tests/Entity/BookTest.php" line="34" assertions="8" time="0.000614"/>
      </testsuite>
      <testsuite name="App\Tests\Entity\ProductTest" file="/home/ubuntu/dbwebbkurser/mvc/me/report/tests/Entity/ProductTest.php" tests="2" assertions="4" errors="0" warnings="0" failures="0" skipped="0" time="0.000926">
        <testcase name="testCreateObject" class="App\Tests\Entity\ProductTest" classname="App.Tests.Entity.ProductTest" file="/home/ubuntu/dbwebbkurser/mvc/me/report/tests/Entity/ProductTest.php" line="21" assertions="1" time="0.000454"/>
        <testcase name="testSetAndGetMethods" class="App\Tests\Entity\ProductTest" classname="App.Tests.Entity.ProductTest" file="/home/ubuntu/dbwebbkurser/mvc/me/report/tests/Entity/ProductTest.php" line="34" assertions="3" time="0.000472"/>
      </testsuite>
      <testsuite name="App\Tests\Game\BlackJack\DealerTest" file="/home/ubuntu/dbwebbkurser/mvc/me/report/tests/Game/BlackJack/BlackJack/DealerTest.php" tests="2" assertions="9" errors="0" warnings="0" failures="0" skipped="0" time="0.001275">
        <testcase name="testCreateObject" class="App\Tests\Game\BlackJack\DealerTest" classname="App.Tests.Game.BlackJack.DealerTest" file="/home/ubuntu/dbwebbkurser/mvc/me/report/tests/Game/BlackJack/BlackJack/DealerTest.php" line="22" assertions="1" time="0.000430"/>
        <testcase name="testPlay" class="App\Tests\Game\BlackJack\DealerTest" classname="App.Tests.Game.BlackJack.DealerTest" file="/home/ubuntu/dbwebbkurser/mvc/me/report/tests/Game/BlackJack/BlackJack/DealerTest.php" line="35" assertions="8" time="0.000845"/>
      </testsuite>
      <testsuite name="App\Tests\Game\BlackJack\PlayerTest" file="/home/ubuntu/dbwebbkurser/mvc/me/report/tests/Game/BlackJack/BlackJack/PlayerTest.php" tests="3" assertions="4" errors="0" warnings="0" failures="0" skipped="0" time="0.002160">
        <testcase name="testCreateObject" class="App\Tests\Game\BlackJack\PlayerTest" classname="App.Tests.Game.BlackJack.PlayerTest" file="/home/ubuntu/dbwebbkurser/mvc/me/report/tests/Game/BlackJack/BlackJack/PlayerTest.php" line="22" assertions="1" time="0.000450"/>
        <testcase name="testBooleans" class="App\Tests\Game\BlackJack\PlayerTest" classname="App.Tests.Game.BlackJack.PlayerTest" file="/home/ubuntu/dbwebbkurser/mvc/me/report/tests/Game/BlackJack/BlackJack/PlayerTest.php" line="35" assertions="2" time="0.001096"/>
        <testcase name="testGet" class="App\Tests\Game\BlackJack\PlayerTest" classname="App.Tests.Game.BlackJack.PlayerTest" file="/home/ubuntu/dbwebbkurser/mvc/me/report/tests/Game/BlackJack/BlackJack/PlayerTest.php" line="60" assertions="1" time="0.000614"/>
      </testsuite>
      <testsuite name="App\Tests\Game\BlackJackTest" file="/home/ubuntu/dbwebbkurser/mvc/me/report/tests/Game/BlackJack/BlackJackTest.php" tests="10" assertions="17" errors="0" warnings="0" failures="0" skipped="0" time="0.017554">
        <testcase name="testCreateObject" class="App\Tests\Game\BlackJackTest" classname="App.Tests.Game.BlackJackTest" file="/home/ubuntu/dbwebbkurser/mvc/me/report/tests/Game/BlackJack/BlackJackTest.php" line="24" assertions="2" time="0.001459"/>
        <testcase name="testToFewPlayers" class="App\Tests\Game\BlackJackTest" classname="App.Tests.Game.BlackJackTest" file="/home/ubuntu/dbwebbkurser/mvc/me/report/tests/Game/BlackJack/BlackJackTest.php" line="38" assertions="2" time="0.000519"/>
        <testcase name="testToManyPlayers" class="App\Tests\Game\BlackJackTest" classname="App.Tests.Game.BlackJackTest" file="/home/ubuntu/dbwebbkurser/mvc/me/report/tests/Game/BlackJack/BlackJackTest.php" line="50" assertions="2" time="0.000477"/>
        <testcase name="testBooleans" class="App\Tests\Game\BlackJackTest" classname="App.Tests.Game.BlackJackTest" file="/home/ubuntu/dbwebbkurser/mvc/me/report/tests/Game/BlackJack/BlackJackTest.php" line="64" assertions="2" time="0.001301"/>
        <testcase name="testHit" class="App\Tests\Game\BlackJackTest" classname="App.Tests.Game.BlackJackTest" file="/home/ubuntu/dbwebbkurser/mvc/me/report/tests/Game/BlackJack/BlackJackTest.php" line="82" assertions="2" time="0.001591"/>
        <testcase name="testStay" class="App\Tests\Game\BlackJackTest" classname="App.Tests.Game.BlackJackTest" file="/home/ubuntu/dbwebbkurser/mvc/me/report/tests/Game/BlackJack/BlackJackTest.php" line="108" assertions="1" time="0.001485"/>
        <testcase name="testResetGame" class="App\Tests\Game\BlackJackTest" classname="App.Tests.Game.BlackJackTest" file="/home/ubuntu/dbwebbkurser/mvc/me/report/tests/Game/BlackJack/BlackJackTest.php" line="126" assertions="2" time="0.002327"/>
        <testcase name="testDealerBust" class="App\Tests\Game\BlackJackTest" classname="App.Tests.Game.BlackJackTest" file="/home/ubuntu/dbwebbkurser/mvc/me/report/tests/Game/BlackJack/BlackJackTest.php" line="150" assertions="2" time="0.004068"/>
        <testcase name="testPlayerWin" class="App\Tests\Game\BlackJackTest" classname="App.Tests.Game.BlackJackTest" file="/home/ubuntu/dbwebbkurser/mvc/me/report/tests/Game/BlackJack/BlackJackTest.php" line="204" assertions="1" time="0.002173"/>
        <testcase name="testTie" class="App\Tests\Game\BlackJackTest" classname="App.Tests.Game.BlackJackTest" file="/home/ubuntu/dbwebbkurser/mvc/me/report/tests/Game/BlackJack/BlackJackTest.php" line="251" assertions="1" time="0.002153"/>
      </testsuite>
      <testsuite name="App\Tests\Repository\BookRepositoryTest" file="/home/ubuntu/dbwebbkurser/mvc/me/report/tests/Repository/BookRepositoryTest.php" tests="1" assertions="62" errors="0" warnings="0" failures="0" skipped="0" time="0.036867">
        <testcase name="testCRUD" class="App\Tests\Repository\BookRepositoryTest" classname="App.Tests.Repository.BookRepositoryTest" file="/home/ubuntu/dbwebbkurser/mvc/me/report/tests/Repository/BookRepositoryTest.php" line="327" assertions="62" time="0.036867"/>
      </testsuite>
      <testsuite name="App\Tests\Repository\ProductRepositoryTest" file="/home/ubuntu/dbwebbkurser/mvc/me/report/tests/Repository/ProductRepositoryTest.php" tests="2" assertions="6" errors="0" warnings="0" failures="0" skipped="0" time="0.063417">
        <testcase name="testFindByMinimumValue" class="App\Tests\Repository\ProductRepositoryTest" classname="App.Tests.Repository.ProductRepositoryTest" file="/home/ubuntu/dbwebbkurser/mvc/me/report/tests/Repository/ProductRepositoryTest.php" line="76" assertions="3" time="0.024875"/>
        <testcase name="testFindByMinimumValue2" class="App\Tests\Repository\ProductRepositoryTest" classname="App.Tests.Repository.ProductRepositoryTest" file="/home/ubuntu/dbwebbkurser/mvc/me/report/tests/Repository/ProductRepositoryTest.php" line="92" assertions="3" time="0.038542"/>
      </testsuite>
      <testsuite name="App\Tests\UploadManagerTest" file="/home/ubuntu/dbwebbkurser/mvc/me/report/tests/UploadManagerTest.php" tests="6" assertions="14" errors="0" warnings="0" failures="0" skipped="0" time="0.183927">
        <testcase name="testCreateObject" class="App\Tests\UploadManagerTest" classname="App.Tests.UploadManagerTest" file="/home/ubuntu/dbwebbkurser/mvc/me/report/tests/UploadManagerTest.php" line="82" assertions="1" time="0.007002"/>
        <testcase name="testConstructorException" class="App\Tests\UploadManagerTest" classname="App.Tests.UploadManagerTest" file="/home/ubuntu/dbwebbkurser/mvc/me/report/tests/UploadManagerTest.php" line="93" assertions="2" time="0.008172"/>
        <testcase name="testSaveUploadedFile" class="App\Tests\UploadManagerTest" classname="App.Tests.UploadManagerTest" file="/home/ubuntu/dbwebbkurser/mvc/me/report/tests/UploadManagerTest.php" line="119" assertions="3" time="0.136666"/>
        <testcase name="testSaveUploadedFileInvalidFileType" class="App\Tests\UploadManagerTest" classname="App.Tests.UploadManagerTest" file="/home/ubuntu/dbwebbkurser/mvc/me/report/tests/UploadManagerTest.php" line="157" assertions="2" time="0.010512"/>
        <testcase name="testSaveUploadedFileMoveException" class="App\Tests\UploadManagerTest" classname="App.Tests.UploadManagerTest" file="/home/ubuntu/dbwebbkurser/mvc/me/report/tests/UploadManagerTest.php" line="181" assertions="3" time="0.014670"/>
        <testcase name="testDeleteUploadedFile" class="App\Tests\UploadManagerTest" classname="App.Tests.UploadManagerTest" file="/home/ubuntu/dbwebbkurser/mvc/me/report/tests/UploadManagerTest.php" line="209" assertions="3" time="0.006905"/>
      </testsuite>
    </testsuite>
  </testsuite>
</testsuites>
