<?xml version="1.0" encoding="UTF-8"?>
<testsuites>
  <testsuite name="" tests="142" assertions="472" errors="0" warnings="0" failures="0" skipped="0" time="2.166322">
    <testsuite name="Project Test Suite" tests="142" assertions="472" errors="0" warnings="0" failures="0" skipped="0" time="2.166322">
      <testsuite name="App\Tests\Cards\CardGraphicTest" file="/home/ubuntu/dbwebbkurser/mvc/me/report/tests/Cards/CardGraphicTest.php" tests="3" assertions="9" errors="0" warnings="0" failures="0" skipped="0" time="0.009714">
        <testcase name="testCreateObject" class="App\Tests\Cards\CardGraphicTest" classname="App.Tests.Cards.CardGraphicTest" file="/home/ubuntu/dbwebbkurser/mvc/me/report/tests/Cards/CardGraphicTest.php" line="21" assertions="2" time="0.008427"/>
        <testcase name="testGetFunctions" class="App\Tests\Cards\CardGraphicTest" classname="App.Tests.Cards.CardGraphicTest" file="/home/ubuntu/dbwebbkurser/mvc/me/report/tests/Cards/CardGraphicTest.php" line="37" assertions="3" time="0.000912"/>
        <testcase name="testSetFunctions" class="App\Tests\Cards\CardGraphicTest" classname="App.Tests.Cards.CardGraphicTest" file="/home/ubuntu/dbwebbkurser/mvc/me/report/tests/Cards/CardGraphicTest.php" line="58" assertions="4" time="0.000375"/>
      </testsuite>
      <testsuite name="App\Tests\Cards\CardHandTest" file="/home/ubuntu/dbwebbkurser/mvc/me/report/tests/Cards/CardHandTest.php" tests="3" assertions="8" errors="0" warnings="0" failures="0" skipped="0" time="0.001885">
        <testcase name="testCreateObject" class="App\Tests\Cards\CardHandTest" classname="App.Tests.Cards.CardHandTest" file="/home/ubuntu/dbwebbkurser/mvc/me/report/tests/Cards/CardHandTest.php" line="22" assertions="2" time="0.000925"/>
        <testcase name="testAddCard" class="App\Tests\Cards\CardHandTest" classname="App.Tests.Cards.CardHandTest" file="/home/ubuntu/dbwebbkurser/mvc/me/report/tests/Cards/CardHandTest.php" line="38" assertions="1" time="0.000554"/>
        <testcase name="testGetFunctions" class="App\Tests\Cards\CardHandTest" classname="App.Tests.Cards.CardHandTest" file="/home/ubuntu/dbwebbkurser/mvc/me/report/tests/Cards/CardHandTest.php" line="56" assertions="5" time="0.000406"/>
      </testsuite>
      <testsuite name="App\Tests\Cards\CardTest" file="/home/ubuntu/dbwebbkurser/mvc/me/report/tests/Cards/CardTest.php" tests="3" assertions="9" errors="0" warnings="0" failures="0" skipped="0" time="0.001037">
        <testcase name="testCreateObject" class="App\Tests\Cards\CardTest" classname="App.Tests.Cards.CardTest" file="/home/ubuntu/dbwebbkurser/mvc/me/report/tests/Cards/CardTest.php" line="21" assertions="2" time="0.000353"/>
        <testcase name="testGetFunctions" class="App\Tests\Cards\CardTest" classname="App.Tests.Cards.CardTest" file="/home/ubuntu/dbwebbkurser/mvc/me/report/tests/Cards/CardTest.php" line="38" assertions="3" time="0.000333"/>
        <testcase name="testSetFunctions" class="App\Tests\Cards\CardTest" classname="App.Tests.Cards.CardTest" file="/home/ubuntu/dbwebbkurser/mvc/me/report/tests/Cards/CardTest.php" line="59" assertions="4" time="0.000352"/>
      </testsuite>
      <testsuite name="App\Tests\Cards\DeckOfCardsTest" file="/home/ubuntu/dbwebbkurser/mvc/me/report/tests/Cards/DeckOfCardsTest.php" tests="3" assertions="10" errors="0" warnings="0" failures="0" skipped="0" time="0.009813">
        <testcase name="testCreateObject" class="App\Tests\Cards\DeckOfCardsTest" classname="App.Tests.Cards.DeckOfCardsTest" file="/home/ubuntu/dbwebbkurser/mvc/me/report/tests/Cards/DeckOfCardsTest.php" line="22" assertions="2" time="0.001541"/>
        <testcase name="testDeckManipulation" class="App\Tests\Cards\DeckOfCardsTest" classname="App.Tests.Cards.DeckOfCardsTest" file="/home/ubuntu/dbwebbkurser/mvc/me/report/tests/Cards/DeckOfCardsTest.php" line="38" assertions="2" time="0.004539"/>
        <testcase name="testDrawCard" class="App\Tests\Cards\DeckOfCardsTest" classname="App.Tests.Cards.DeckOfCardsTest" file="/home/ubuntu/dbwebbkurser/mvc/me/report/tests/Cards/DeckOfCardsTest.php" line="57" assertions="6" time="0.003733"/>
      </testsuite>
      <testsuite name="App\Tests\Controller\BaseControllerTest" file="/home/ubuntu/dbwebbkurser/mvc/me/report/tests/Controller/BaseControllerTest.php" tests="7" assertions="14" errors="0" warnings="0" failures="0" skipped="0" time="0.393561">
        <testcase name="testHome" class="App\Tests\Controller\BaseControllerTest" classname="App.Tests.Controller.BaseControllerTest" file="/home/ubuntu/dbwebbkurser/mvc/me/report/tests/Controller/BaseControllerTest.php" line="35" assertions="2" time="0.251165"/>
        <testcase name="testAbout" class="App\Tests\Controller\BaseControllerTest" classname="App.Tests.Controller.BaseControllerTest" file="/home/ubuntu/dbwebbkurser/mvc/me/report/tests/Controller/BaseControllerTest.php" line="63" assertions="2" time="0.015649"/>
        <testcase name="testReport" class="App\Tests\Controller\BaseControllerTest" classname="App.Tests.Controller.BaseControllerTest" file="/home/ubuntu/dbwebbkurser/mvc/me/report/tests/Controller/BaseControllerTest.php" line="91" assertions="2" time="0.018659"/>
        <testcase name="testLucky" class="App\Tests\Controller\BaseControllerTest" classname="App.Tests.Controller.BaseControllerTest" file="/home/ubuntu/dbwebbkurser/mvc/me/report/tests/Controller/BaseControllerTest.php" line="119" assertions="2" time="0.014949"/>
        <testcase name="testMetrics" class="App\Tests\Controller\BaseControllerTest" classname="App.Tests.Controller.BaseControllerTest" file="/home/ubuntu/dbwebbkurser/mvc/me/report/tests/Controller/BaseControllerTest.php" line="147" assertions="2" time="0.024297"/>
        <testcase name="testOldMetrics" class="App\Tests\Controller\BaseControllerTest" classname="App.Tests.Controller.BaseControllerTest" file="/home/ubuntu/dbwebbkurser/mvc/me/report/tests/Controller/BaseControllerTest.php" line="175" assertions="2" time="0.033847"/>
        <testcase name="testNewMetrics" class="App\Tests\Controller\BaseControllerTest" classname="App.Tests.Controller.BaseControllerTest" file="/home/ubuntu/dbwebbkurser/mvc/me/report/tests/Controller/BaseControllerTest.php" line="203" assertions="2" time="0.034996"/>
      </testsuite>
      <testsuite name="App\Tests\Controller\BlackJackControllerTest" file="/home/ubuntu/dbwebbkurser/mvc/me/report/tests/Controller/BlackJackControllerTest.php" tests="6" assertions="14" errors="0" warnings="0" failures="0" skipped="0" time="0.153737">
        <testcase name="testGameStart" class="App\Tests\Controller\BlackJackControllerTest" classname="App.Tests.Controller.BlackJackControllerTest" file="/home/ubuntu/dbwebbkurser/mvc/me/report/tests/Controller/BlackJackControllerTest.php" line="18" assertions="2" time="0.015437"/>
        <testcase name="testBlackJackDoc" class="App\Tests\Controller\BlackJackControllerTest" classname="App.Tests.Controller.BlackJackControllerTest" file="/home/ubuntu/dbwebbkurser/mvc/me/report/tests/Controller/BlackJackControllerTest.php" line="47" assertions="2" time="0.015501"/>
        <testcase name="testBlackJackStart" class="App\Tests\Controller\BlackJackControllerTest" classname="App.Tests.Controller.BlackJackControllerTest" file="/home/ubuntu/dbwebbkurser/mvc/me/report/tests/Controller/BlackJackControllerTest.php" line="76" assertions="2" time="0.024793"/>
        <testcase name="testBlackJackHit" class="App\Tests\Controller\BlackJackControllerTest" classname="App.Tests.Controller.BlackJackControllerTest" file="/home/ubuntu/dbwebbkurser/mvc/me/report/tests/Controller/BlackJackControllerTest.php" line="105" assertions="6" time="0.073669"/>
        <testcase name="testBlackJackStay" class="App\Tests\Controller\BlackJackControllerTest" classname="App.Tests.Controller.BlackJackControllerTest" file="/home/ubuntu/dbwebbkurser/mvc/me/report/tests/Controller/BlackJackControllerTest.php" line="141" assertions="1" time="0.012207"/>
        <testcase name="testBlackJackReset" class="App\Tests\Controller\BlackJackControllerTest" classname="App.Tests.Controller.BlackJackControllerTest" file="/home/ubuntu/dbwebbkurser/mvc/me/report/tests/Controller/BlackJackControllerTest.php" line="168" assertions="1" time="0.012130"/>
      </testsuite>
      <testsuite name="App\Tests\Controller\BookControllerTest" file="/home/ubuntu/dbwebbkurser/mvc/me/report/tests/Controller/BookControllerTest.php" tests="8" assertions="31" errors="0" warnings="0" failures="0" skipped="0" time="0.322872">
        <testcase name="testCRUD" class="App\Tests\Controller\BookControllerTest" classname="App.Tests.Controller.BookControllerTest" file="/home/ubuntu/dbwebbkurser/mvc/me/report/tests/Controller/BookControllerTest.php" line="281" assertions="17" time="0.189145"/>
        <testcase name="testLibrary" class="App\Tests\Controller\BookControllerTest" classname="App.Tests.Controller.BookControllerTest" file="/home/ubuntu/dbwebbkurser/mvc/me/report/tests/Controller/BookControllerTest.php" line="300" assertions="2" time="0.018012"/>
        <testcase name="testBookCreateGET" class="App\Tests\Controller\BookControllerTest" classname="App.Tests.Controller.BookControllerTest" file="/home/ubuntu/dbwebbkurser/mvc/me/report/tests/Controller/BookControllerTest.php" line="324" assertions="2" time="0.016531"/>
        <testcase name="testShowAll" class="App\Tests\Controller\BookControllerTest" classname="App.Tests.Controller.BookControllerTest" file="/home/ubuntu/dbwebbkurser/mvc/me/report/tests/Controller/BookControllerTest.php" line="348" assertions="2" time="0.019673"/>
        <testcase name="testShowOne" class="App\Tests\Controller\BookControllerTest" classname="App.Tests.Controller.BookControllerTest" file="/home/ubuntu/dbwebbkurser/mvc/me/report/tests/Controller/BookControllerTest.php" line="372" assertions="2" time="0.019175"/>
        <testcase name="testShowAllUpdate" class="App\Tests\Controller\BookControllerTest" classname="App.Tests.Controller.BookControllerTest" file="/home/ubuntu/dbwebbkurser/mvc/me/report/tests/Controller/BookControllerTest.php" line="418" assertions="2" time="0.020088"/>
        <testcase name="testBookUpdateGET" class="App\Tests\Controller\BookControllerTest" classname="App.Tests.Controller.BookControllerTest" file="/home/ubuntu/dbwebbkurser/mvc/me/report/tests/Controller/BookControllerTest.php" line="442" assertions="2" time="0.019200"/>
        <testcase name="testBookShowAllDeleteGET" class="App\Tests\Controller\BookControllerTest" classname="App.Tests.Controller.BookControllerTest" file="/home/ubuntu/dbwebbkurser/mvc/me/report/tests/Controller/BookControllerTest.php" line="481" assertions="2" time="0.021047"/>
      </testsuite>
      <testsuite name="App\Tests\Controller\CardGameControllerExceptionTest" file="/home/ubuntu/dbwebbkurser/mvc/me/report/tests/Controller/CardGameControllerExceptionTest.php" tests="5" assertions="9" errors="0" warnings="0" failures="0" skipped="0" time="0.144134">
        <testcase name="testCardDeckDrawEmptyException" class="App\Tests\Controller\CardGameControllerExceptionTest" classname="App.Tests.Controller.CardGameControllerExceptionTest" file="/home/ubuntu/dbwebbkurser/mvc/me/report/tests/Controller/CardGameControllerExceptionTest.php" line="62" assertions="2" time="0.048788"/>
        <testcase name="testCardDeckDrawManyHighException" class="App\Tests\Controller\CardGameControllerExceptionTest" classname="App.Tests.Controller.CardGameControllerExceptionTest" file="/home/ubuntu/dbwebbkurser/mvc/me/report/tests/Controller/CardGameControllerExceptionTest.php" line="96" assertions="2" time="0.006910"/>
        <testcase name="testCardDeckDrawManyLowException" class="App\Tests\Controller\CardGameControllerExceptionTest" classname="App.Tests.Controller.CardGameControllerExceptionTest" file="/home/ubuntu/dbwebbkurser/mvc/me/report/tests/Controller/CardGameControllerExceptionTest.php" line="124" assertions="2" time="0.006301"/>
        <testcase name="testCardDeckDrawManyToManyException" class="App\Tests\Controller\CardGameControllerExceptionTest" classname="App.Tests.Controller.CardGameControllerExceptionTest" file="/home/ubuntu/dbwebbkurser/mvc/me/report/tests/Controller/CardGameControllerExceptionTest.php" line="149" assertions="1" time="0.040356"/>
        <testcase name="testCardDeckDrawManyEmptyException" class="App\Tests\Controller\CardGameControllerExceptionTest" classname="App.Tests.Controller.CardGameControllerExceptionTest" file="/home/ubuntu/dbwebbkurser/mvc/me/report/tests/Controller/CardGameControllerExceptionTest.php" line="182" assertions="2" time="0.041780"/>
      </testsuite>
      <testsuite name="App\Tests\Controller\CardGameControllerTest" file="/home/ubuntu/dbwebbkurser/mvc/me/report/tests/Controller/CardGameControllerTest.php" tests="7" assertions="14" errors="0" warnings="0" failures="0" skipped="0" time="0.143156">
        <testcase name="testCardStart" class="App\Tests\Controller\CardGameControllerTest" classname="App.Tests.Controller.CardGameControllerTest" file="/home/ubuntu/dbwebbkurser/mvc/me/report/tests/Controller/CardGameControllerTest.php" line="18" assertions="2" time="0.017393"/>
        <testcase name="testCardSession" class="App\Tests\Controller\CardGameControllerTest" classname="App.Tests.Controller.CardGameControllerTest" file="/home/ubuntu/dbwebbkurser/mvc/me/report/tests/Controller/CardGameControllerTest.php" line="49" assertions="2" time="0.021183"/>
        <testcase name="testCardSessionDelete" class="App\Tests\Controller\CardGameControllerTest" classname="App.Tests.Controller.CardGameControllerTest" file="/home/ubuntu/dbwebbkurser/mvc/me/report/tests/Controller/CardGameControllerTest.php" line="80" assertions="2" time="0.015267"/>
        <testcase name="testCardDeck" class="App\Tests\Controller\CardGameControllerTest" classname="App.Tests.Controller.CardGameControllerTest" file="/home/ubuntu/dbwebbkurser/mvc/me/report/tests/Controller/CardGameControllerTest.php" line="111" assertions="2" time="0.020657"/>
        <testcase name="testCardDeckShuffle" class="App\Tests\Controller\CardGameControllerTest" classname="App.Tests.Controller.CardGameControllerTest" file="/home/ubuntu/dbwebbkurser/mvc/me/report/tests/Controller/CardGameControllerTest.php" line="142" assertions="2" time="0.022121"/>
        <testcase name="testCardDeckDraw" class="App\Tests\Controller\CardGameControllerTest" classname="App.Tests.Controller.CardGameControllerTest" file="/home/ubuntu/dbwebbkurser/mvc/me/report/tests/Controller/CardGameControllerTest.php" line="173" assertions="2" time="0.019974"/>
        <testcase name="testCardDeckDrawMany" class="App\Tests\Controller\CardGameControllerTest" classname="App.Tests.Controller.CardGameControllerTest" file="/home/ubuntu/dbwebbkurser/mvc/me/report/tests/Controller/CardGameControllerTest.php" line="204" assertions="2" time="0.026561"/>
      </testsuite>
      <testsuite name="App\Tests\Controller\DiceGameControllerExceptionTest" file="/home/ubuntu/dbwebbkurser/mvc/me/report/tests/Controller/DiceControllerExceptionTest.php" tests="4" assertions="8" errors="0" warnings="0" failures="0" skipped="0" time="0.028634">
        <testcase name="testDiceHighException" class="App\Tests\Controller\DiceGameControllerExceptionTest" classname="App.Tests.Controller.DiceGameControllerExceptionTest" file="/home/ubuntu/dbwebbkurser/mvc/me/report/tests/Controller/DiceControllerExceptionTest.php" line="46" assertions="2" time="0.009153"/>
        <testcase name="testDiceLowException" class="App\Tests\Controller\DiceGameControllerExceptionTest" classname="App.Tests.Controller.DiceGameControllerExceptionTest" file="/home/ubuntu/dbwebbkurser/mvc/me/report/tests/Controller/DiceControllerExceptionTest.php" line="71" assertions="2" time="0.006395"/>
        <testcase name="testDicehandHighException" class="App\Tests\Controller\DiceGameControllerExceptionTest" classname="App.Tests.Controller.DiceGameControllerExceptionTest" file="/home/ubuntu/dbwebbkurser/mvc/me/report/tests/Controller/DiceControllerExceptionTest.php" line="99" assertions="2" time="0.006728"/>
        <testcase name="testDicehandLowException" class="App\Tests\Controller\DiceGameControllerExceptionTest" classname="App.Tests.Controller.DiceGameControllerExceptionTest" file="/home/ubuntu/dbwebbkurser/mvc/me/report/tests/Controller/DiceControllerExceptionTest.php" line="124" assertions="2" time="0.006357"/>
      </testsuite>
      <testsuite name="App\Tests\Controller\DiceControllerTest" file="/home/ubuntu/dbwebbkurser/mvc/me/report/tests/Controller/DiceControllerTest.php" tests="8" assertions="20" errors="0" warnings="0" failures="0" skipped="0" time="0.184911">
        <testcase name="testPigStart" class="App\Tests\Controller\DiceControllerTest" classname="App.Tests.Controller.DiceControllerTest" file="/home/ubuntu/dbwebbkurser/mvc/me/report/tests/Controller/DiceControllerTest.php" line="49" assertions="2" time="0.014478"/>
        <testcase name="testPigInitGET" class="App\Tests\Controller\DiceControllerTest" classname="App.Tests.Controller.DiceControllerTest" file="/home/ubuntu/dbwebbkurser/mvc/me/report/tests/Controller/DiceControllerTest.php" line="78" assertions="2" time="0.017487"/>
        <testcase name="testPigPlay" class="App\Tests\Controller\DiceControllerTest" classname="App.Tests.Controller.DiceControllerTest" file="/home/ubuntu/dbwebbkurser/mvc/me/report/tests/Controller/DiceControllerTest.php" line="107" assertions="3" time="0.028235"/>
        <testcase name="testPigSave" class="App\Tests\Controller\DiceControllerTest" classname="App.Tests.Controller.DiceControllerTest" file="/home/ubuntu/dbwebbkurser/mvc/me/report/tests/Controller/DiceControllerTest.php" line="139" assertions="1" time="0.011649"/>
        <testcase name="testPigRoll" class="App\Tests\Controller\DiceControllerTest" classname="App.Tests.Controller.DiceControllerTest" file="/home/ubuntu/dbwebbkurser/mvc/me/report/tests/Controller/DiceControllerTest.php" line="166" assertions="6" time="0.065842"/>
        <testcase name="testRollDice" class="App\Tests\Controller\DiceControllerTest" classname="App.Tests.Controller.DiceControllerTest" file="/home/ubuntu/dbwebbkurser/mvc/me/report/tests/Controller/DiceControllerTest.php" line="198" assertions="2" time="0.016859"/>
        <testcase name="testRollNumDice" class="App\Tests\Controller\DiceControllerTest" classname="App.Tests.Controller.DiceControllerTest" file="/home/ubuntu/dbwebbkurser/mvc/me/report/tests/Controller/DiceControllerTest.php" line="227" assertions="2" time="0.015111"/>
        <testcase name="testDicehand" class="App\Tests\Controller\DiceControllerTest" classname="App.Tests.Controller.DiceControllerTest" file="/home/ubuntu/dbwebbkurser/mvc/me/report/tests/Controller/DiceControllerTest.php" line="256" assertions="2" time="0.015250"/>
      </testsuite>
      <testsuite name="App\Tests\Controller\JasonControllerExceptionTest" file="/home/ubuntu/dbwebbkurser/mvc/me/report/tests/Controller/JasonControllerExceptionTest.php" tests="5" assertions="9" errors="0" warnings="0" failures="0" skipped="0" time="0.115454">
        <testcase name="testApiDeckDrawEmptyException" class="App\Tests\Controller\JasonControllerExceptionTest" classname="App.Tests.Controller.JasonControllerExceptionTest" file="/home/ubuntu/dbwebbkurser/mvc/me/report/tests/Controller/JasonControllerExceptionTest.php" line="62" assertions="2" time="0.031779"/>
        <testcase name="testApiDeckDrawManyHighException" class="App\Tests\Controller\JasonControllerExceptionTest" classname="App.Tests.Controller.JasonControllerExceptionTest" file="/home/ubuntu/dbwebbkurser/mvc/me/report/tests/Controller/JasonControllerExceptionTest.php" line="96" assertions="2" time="0.006985"/>
        <testcase name="testApiDeckDrawManyLowException" class="App\Tests\Controller\JasonControllerExceptionTest" classname="App.Tests.Controller.JasonControllerExceptionTest" file="/home/ubuntu/dbwebbkurser/mvc/me/report/tests/Controller/JasonControllerExceptionTest.php" line="124" assertions="2" time="0.006556"/>
        <testcase name="testApiDeckDrawManyToManyException" class="App\Tests\Controller\JasonControllerExceptionTest" classname="App.Tests.Controller.JasonControllerExceptionTest" file="/home/ubuntu/dbwebbkurser/mvc/me/report/tests/Controller/JasonControllerExceptionTest.php" line="149" assertions="1" time="0.031800"/>
        <testcase name="testApiDeckDrawManyEmptyException" class="App\Tests\Controller\JasonControllerExceptionTest" classname="App.Tests.Controller.JasonControllerExceptionTest" file="/home/ubuntu/dbwebbkurser/mvc/me/report/tests/Controller/JasonControllerExceptionTest.php" line="182" assertions="2" time="0.038334"/>
      </testsuite>
      <testsuite name="App\Tests\Controller\JasonControllerTest" file="/home/ubuntu/dbwebbkurser/mvc/me/report/tests/Controller/JasonControllerTest.php" tests="9" assertions="64" errors="0" warnings="0" failures="0" skipped="0" time="0.100543">
        <testcase name="testApi" class="App\Tests\Controller\JasonControllerTest" classname="App.Tests.Controller.JasonControllerTest" file="/home/ubuntu/dbwebbkurser/mvc/me/report/tests/Controller/JasonControllerTest.php" line="20" assertions="2" time="0.019895"/>
        <testcase name="testApiQuote" class="App\Tests\Controller\JasonControllerTest" classname="App.Tests.Controller.JasonControllerTest" file="/home/ubuntu/dbwebbkurser/mvc/me/report/tests/Controller/JasonControllerTest.php" line="52" assertions="8" time="0.008345"/>
        <testcase name="testApiDeck" class="App\Tests\Controller\JasonControllerTest" classname="App.Tests.Controller.JasonControllerTest" file="/home/ubuntu/dbwebbkurser/mvc/me/report/tests/Controller/JasonControllerTest.php" line="101" assertions="5" time="0.007687"/>
        <testcase name="testApiDeckShuffle" class="App\Tests\Controller\JasonControllerTest" classname="App.Tests.Controller.JasonControllerTest" file="/home/ubuntu/dbwebbkurser/mvc/me/report/tests/Controller/JasonControllerTest.php" line="147" assertions="4" time="0.008780"/>
        <testcase name="testApiDeckDraw" class="App\Tests\Controller\JasonControllerTest" classname="App.Tests.Controller.JasonControllerTest" file="/home/ubuntu/dbwebbkurser/mvc/me/report/tests/Controller/JasonControllerTest.php" line="190" assertions="6" time="0.011134"/>
        <testcase name="testApiDeckDrawMany" class="App\Tests\Controller\JasonControllerTest" classname="App.Tests.Controller.JasonControllerTest" file="/home/ubuntu/dbwebbkurser/mvc/me/report/tests/Controller/JasonControllerTest.php" line="237" assertions="6" time="0.010970"/>
        <testcase name="testApiBlackJack" class="App\Tests\Controller\JasonControllerTest" classname="App.Tests.Controller.JasonControllerTest" file="/home/ubuntu/dbwebbkurser/mvc/me/report/tests/Controller/JasonControllerTest.php" line="284" assertions="20" time="0.011185"/>
        <testcase name="testApiLibraryBooks" class="App\Tests\Controller\JasonControllerTest" classname="App.Tests.Controller.JasonControllerTest" file="/home/ubuntu/dbwebbkurser/mvc/me/report/tests/Controller/JasonControllerTest.php" line="345" assertions="4" time="0.009703"/>
        <testcase name="testApiLibraryBookISBN" class="App\Tests\Controller\JasonControllerTest" classname="App.Tests.Controller.JasonControllerTest" file="/home/ubuntu/dbwebbkurser/mvc/me/report/tests/Controller/JasonControllerTest.php" line="388" assertions="9" time="0.012845"/>
      </testsuite>
      <testsuite name="App\Tests\Controller\ProductControllerTest" file="/home/ubuntu/dbwebbkurser/mvc/me/report/tests/Controller/ProductControllerTest.php" tests="10" assertions="18" errors="0" warnings="0" failures="0" skipped="0" time="0.210520">
        <testcase name="testAppProduct" class="App\Tests\Controller\ProductControllerTest" classname="App.Tests.Controller.ProductControllerTest" file="/home/ubuntu/dbwebbkurser/mvc/me/report/tests/Controller/ProductControllerTest.php" line="48" assertions="2" time="0.015986"/>
        <testcase name="testAppProductCreate" class="App\Tests\Controller\ProductControllerTest" classname="App.Tests.Controller.ProductControllerTest" file="/home/ubuntu/dbwebbkurser/mvc/me/report/tests/Controller/ProductControllerTest.php" line="77" assertions="1" time="0.027696"/>
        <testcase name="testAppProductShow" class="App\Tests\Controller\ProductControllerTest" classname="App.Tests.Controller.ProductControllerTest" file="/home/ubuntu/dbwebbkurser/mvc/me/report/tests/Controller/ProductControllerTest.php" line="106" assertions="1" time="0.019270"/>
        <testcase name="testAppProductShowId" class="App\Tests\Controller\ProductControllerTest" classname="App.Tests.Controller.ProductControllerTest" file="/home/ubuntu/dbwebbkurser/mvc/me/report/tests/Controller/ProductControllerTest.php" line="134" assertions="1" time="0.017170"/>
        <testcase name="testAppProductUpdateAndDelete" class="App\Tests\Controller\ProductControllerTest" classname="App.Tests.Controller.ProductControllerTest" file="/home/ubuntu/dbwebbkurser/mvc/me/report/tests/Controller/ProductControllerTest.php" line="162" assertions="4" time="0.042287"/>
        <testcase name="testAppProductUpdateException" class="App\Tests\Controller\ProductControllerTest" classname="App.Tests.Controller.ProductControllerTest" file="/home/ubuntu/dbwebbkurser/mvc/me/report/tests/Controller/ProductControllerTest.php" line="211" assertions="2" time="0.008168"/>
        <testcase name="testAppProductDeleteException" class="App\Tests\Controller\ProductControllerTest" classname="App.Tests.Controller.ProductControllerTest" file="/home/ubuntu/dbwebbkurser/mvc/me/report/tests/Controller/ProductControllerTest.php" line="238" assertions="2" time="0.008343"/>
        <testcase name="testAppProductView" class="App\Tests\Controller\ProductControllerTest" classname="App.Tests.Controller.ProductControllerTest" file="/home/ubuntu/dbwebbkurser/mvc/me/report/tests/Controller/ProductControllerTest.php" line="263" assertions="2" time="0.019530"/>
        <testcase name="testAppProductViewWithMinimum" class="App\Tests\Controller\ProductControllerTest" classname="App.Tests.Controller.ProductControllerTest" file="/home/ubuntu/dbwebbkurser/mvc/me/report/tests/Controller/ProductControllerTest.php" line="292" assertions="2" time="0.041300"/>
        <testcase name="testAppProductViewByMinimum" class="App\Tests\Controller\ProductControllerTest" classname="App.Tests.Controller.ProductControllerTest" file="/home/ubuntu/dbwebbkurser/mvc/me/report/tests/Controller/ProductControllerTest.php" line="321" assertions="1" time="0.010769"/>
      </testsuite>
      <testsuite name="App\Tests\Controller\ProjectControllerExceptionTest" file="/home/ubuntu/dbwebbkurser/mvc/me/report/tests/Controller/ProjectControllerExceptionTest.php" tests="7" assertions="9" errors="0" warnings="0" failures="0" skipped="0" time="0.066514">
        <testcase name="testProjectPlayerInitHighException" class="App\Tests\Controller\ProjectControllerExceptionTest" classname="App.Tests.Controller.ProjectControllerExceptionTest" file="/home/ubuntu/dbwebbkurser/mvc/me/report/tests/Controller/ProjectControllerExceptionTest.php" line="47" assertions="2" time="0.007109"/>
        <testcase name="testProjectPlayerInitLowException" class="App\Tests\Controller\ProjectControllerExceptionTest" classname="App.Tests.Controller.ProjectControllerExceptionTest" file="/home/ubuntu/dbwebbkurser/mvc/me/report/tests/Controller/ProjectControllerExceptionTest.php" line="72" assertions="2" time="0.006838"/>
        <testcase name="testProjBlackJackGameNoSession" class="App\Tests\Controller\ProjectControllerExceptionTest" classname="App.Tests.Controller.ProjectControllerExceptionTest" file="/home/ubuntu/dbwebbkurser/mvc/me/report/tests/Controller/ProjectControllerExceptionTest.php" line="100" assertions="1" time="0.009138"/>
        <testcase name="testProjBlackJackBetNoSession" class="App\Tests\Controller\ProjectControllerExceptionTest" classname="App.Tests.Controller.ProjectControllerExceptionTest" file="/home/ubuntu/dbwebbkurser/mvc/me/report/tests/Controller/ProjectControllerExceptionTest.php" line="127" assertions="1" time="0.010970"/>
        <testcase name="testProjBlackJackDoubleDownNoSession" class="App\Tests\Controller\ProjectControllerExceptionTest" classname="App.Tests.Controller.ProjectControllerExceptionTest" file="/home/ubuntu/dbwebbkurser/mvc/me/report/tests/Controller/ProjectControllerExceptionTest.php" line="154" assertions="1" time="0.010684"/>
        <testcase name="testProjBlackJackHitNoSession" class="App\Tests\Controller\ProjectControllerExceptionTest" classname="App.Tests.Controller.ProjectControllerExceptionTest" file="/home/ubuntu/dbwebbkurser/mvc/me/report/tests/Controller/ProjectControllerExceptionTest.php" line="181" assertions="1" time="0.010971"/>
        <testcase name="testProjBlackJackStayNoSession" class="App\Tests\Controller\ProjectControllerExceptionTest" classname="App.Tests.Controller.ProjectControllerExceptionTest" file="/home/ubuntu/dbwebbkurser/mvc/me/report/tests/Controller/ProjectControllerExceptionTest.php" line="208" assertions="1" time="0.010804"/>
      </testsuite>
      <testsuite name="App\Tests\Controller\ProjectControllerTest" file="/home/ubuntu/dbwebbkurser/mvc/me/report/tests/Controller/ProjectControllerTest.php" tests="4" assertions="14" errors="0" warnings="0" failures="0" skipped="0" time="0.144410">
        <testcase name="testProjStart" class="App\Tests\Controller\ProjectControllerTest" classname="App.Tests.Controller.ProjectControllerTest" file="/home/ubuntu/dbwebbkurser/mvc/me/report/tests/Controller/ProjectControllerTest.php" line="182" assertions="2" time="0.022454"/>
        <testcase name="testProjDoc" class="App\Tests\Controller\ProjectControllerTest" classname="App.Tests.Controller.ProjectControllerTest" file="/home/ubuntu/dbwebbkurser/mvc/me/report/tests/Controller/ProjectControllerTest.php" line="213" assertions="2" time="0.016072"/>
        <testcase name="testProjPlayerInit" class="App\Tests\Controller\ProjectControllerTest" classname="App.Tests.Controller.ProjectControllerTest" file="/home/ubuntu/dbwebbkurser/mvc/me/report/tests/Controller/ProjectControllerTest.php" line="244" assertions="2" time="0.016771"/>
        <testcase name="testProjBlackJack" class="App\Tests\Controller\ProjectControllerTest" classname="App.Tests.Controller.ProjectControllerTest" file="/home/ubuntu/dbwebbkurser/mvc/me/report/tests/Controller/ProjectControllerTest.php" line="275" assertions="8" time="0.089113"/>
      </testsuite>
      <testsuite name="App\Tests\Dice\DiceGraphicTest" file="/home/ubuntu/dbwebbkurser/mvc/me/report/tests/Dice/DiceGraphicTest.php" tests="2" assertions="3" errors="0" warnings="0" failures="0" skipped="0" time="0.001322">
        <testcase name="testCreateObject" class="App\Tests\Dice\DiceGraphicTest" classname="App.Tests.Dice.DiceGraphicTest" file="/home/ubuntu/dbwebbkurser/mvc/me/report/tests/Dice/DiceGraphicTest.php" line="21" assertions="2" time="0.000387"/>
        <testcase name="testGetString" class="App\Tests\Dice\DiceGraphicTest" classname="App.Tests.Dice.DiceGraphicTest" file="/home/ubuntu/dbwebbkurser/mvc/me/report/tests/Dice/DiceGraphicTest.php" line="37" assertions="1" time="0.000935"/>
      </testsuite>
      <testsuite name="App\Tests\Dice\DiceHandTest" file="/home/ubuntu/dbwebbkurser/mvc/me/report/tests/Dice/DiceHandTest.php" tests="5" assertions="6" errors="0" warnings="0" failures="0" skipped="0" time="0.002650">
        <testcase name="testCreateObject" class="App\Tests\Dice\DiceHandTest" classname="App.Tests.Dice.DiceHandTest" file="/home/ubuntu/dbwebbkurser/mvc/me/report/tests/Dice/DiceHandTest.php" line="22" assertions="1" time="0.000331"/>
        <testcase name="testAddDice" class="App\Tests\Dice\DiceHandTest" classname="App.Tests.Dice.DiceHandTest" file="/home/ubuntu/dbwebbkurser/mvc/me/report/tests/Dice/DiceHandTest.php" line="35" assertions="1" time="0.000904"/>
        <testcase name="testRemoveDice" class="App\Tests\Dice\DiceHandTest" classname="App.Tests.Dice.DiceHandTest" file="/home/ubuntu/dbwebbkurser/mvc/me/report/tests/Dice/DiceHandTest.php" line="61" assertions="2" time="0.000381"/>
        <testcase name="testGetValues" class="App\Tests\Dice\DiceHandTest" classname="App.Tests.Dice.DiceHandTest" file="/home/ubuntu/dbwebbkurser/mvc/me/report/tests/Dice/DiceHandTest.php" line="82" assertions="1" time="0.000518"/>
        <testcase name="testGetString" class="App\Tests\Dice\DiceHandTest" classname="App.Tests.Dice.DiceHandTest" file="/home/ubuntu/dbwebbkurser/mvc/me/report/tests/Dice/DiceHandTest.php" line="105" assertions="1" time="0.000515"/>
      </testsuite>
      <testsuite name="App\Tests\Dice\DiceTest" file="/home/ubuntu/dbwebbkurser/mvc/me/report/tests/Dice/DiceTest.php" tests="5" assertions="12" errors="0" warnings="0" failures="0" skipped="0" time="0.003920">
        <testcase name="testCreateObject" class="App\Tests\Dice\DiceTest" classname="App.Tests.Dice.DiceTest" file="/home/ubuntu/dbwebbkurser/mvc/me/report/tests/Dice/DiceTest.php" line="21" assertions="2" time="0.000348"/>
        <testcase name="testStubRollValue" class="App\Tests\Dice\DiceTest" classname="App.Tests.Dice.DiceTest" file="/home/ubuntu/dbwebbkurser/mvc/me/report/tests/Dice/DiceTest.php" line="38" assertions="1" time="0.000484"/>
        <testcase name="testRollDiceValueInRange" class="App\Tests\Dice\DiceTest" classname="App.Tests.Dice.DiceTest" file="/home/ubuntu/dbwebbkurser/mvc/me/report/tests/Dice/DiceTest.php" line="59" assertions="4" time="0.001819"/>
        <testcase name="testRollDiceValue" class="App\Tests\Dice\DiceTest" classname="App.Tests.Dice.DiceTest" file="/home/ubuntu/dbwebbkurser/mvc/me/report/tests/Dice/DiceTest.php" line="74" assertions="1" time="0.000328"/>
        <testcase name="testCreateObjectWithMock" class="App\Tests\Dice\DiceTest" classname="App.Tests.Dice.DiceTest" file="/home/ubuntu/dbwebbkurser/mvc/me/report/tests/Dice/DiceTest.php" line="90" assertions="4" time="0.000941"/>
      </testsuite>
      <testsuite name="App\Tests\Entity\BookTest" file="/home/ubuntu/dbwebbkurser/mvc/me/report/tests/Entity/BookTest.php" tests="2" assertions="9" errors="0" warnings="0" failures="0" skipped="0" time="0.000732">
        <testcase name="testCreateObject" class="App\Tests\Entity\BookTest" classname="App.Tests.Entity.BookTest" file="/home/ubuntu/dbwebbkurser/mvc/me/report/tests/Entity/BookTest.php" line="21" assertions="1" time="0.000340"/>
        <testcase name="testSetAndGetMethods" class="App\Tests\Entity\BookTest" classname="App.Tests.Entity.BookTest" file="/home/ubuntu/dbwebbkurser/mvc/me/report/tests/Entity/BookTest.php" line="34" assertions="8" time="0.000392"/>
      </testsuite>
      <testsuite name="App\Tests\Entity\ProductTest" file="/home/ubuntu/dbwebbkurser/mvc/me/report/tests/Entity/ProductTest.php" tests="2" assertions="4" errors="0" warnings="0" failures="0" skipped="0" time="0.000676">
        <testcase name="testCreateObject" class="App\Tests\Entity\ProductTest" classname="App.Tests.Entity.ProductTest" file="/home/ubuntu/dbwebbkurser/mvc/me/report/tests/Entity/ProductTest.php" line="21" assertions="1" time="0.000335"/>
        <testcase name="testSetAndGetMethods" class="App\Tests\Entity\ProductTest" classname="App.Tests.Entity.ProductTest" file="/home/ubuntu/dbwebbkurser/mvc/me/report/tests/Entity/ProductTest.php" line="34" assertions="3" time="0.000341"/>
      </testsuite>
      <testsuite name="App\Tests\Game\BlackJack\DealerTest" file="/home/ubuntu/dbwebbkurser/mvc/me/report/tests/Game/BlackJack/BlackJack/DealerTest.php" tests="2" assertions="9" errors="0" warnings="0" failures="0" skipped="0" time="0.001002">
        <testcase name="testCreateObject" class="App\Tests\Game\BlackJack\DealerTest" classname="App.Tests.Game.BlackJack.DealerTest" file="/home/ubuntu/dbwebbkurser/mvc/me/report/tests/Game/BlackJack/BlackJack/DealerTest.php" line="22" assertions="1" time="0.000376"/>
        <testcase name="testPlay" class="App\Tests\Game\BlackJack\DealerTest" classname="App.Tests.Game.BlackJack.DealerTest" file="/home/ubuntu/dbwebbkurser/mvc/me/report/tests/Game/BlackJack/BlackJack/DealerTest.php" line="35" assertions="8" time="0.000626"/>
      </testsuite>
      <testsuite name="App\Tests\Game\BlackJack\GameLogicTest" file="/home/ubuntu/dbwebbkurser/mvc/me/report/tests/Game/BlackJack/BlackJack/GameLogicTest.php" tests="8" assertions="39" errors="0" warnings="0" failures="0" skipped="0" time="0.010405">
        <testcase name="testCreateObject" class="App\Tests\Game\BlackJack\GameLogicTest" classname="App.Tests.Game.BlackJack.GameLogicTest" file="/home/ubuntu/dbwebbkurser/mvc/me/report/tests/Game/BlackJack/BlackJack/GameLogicTest.php" line="26" assertions="2" time="0.000858"/>
        <testcase name="testNewGame" class="App\Tests\Game\BlackJack\GameLogicTest" classname="App.Tests.Game.BlackJack.GameLogicTest" file="/home/ubuntu/dbwebbkurser/mvc/me/report/tests/Game/BlackJack/BlackJack/GameLogicTest.php" line="42" assertions="6" time="0.002081"/>
        <testcase name="testStateOfGameAndCheckIfDealersTurn" class="App\Tests\Game\BlackJack\GameLogicTest" classname="App.Tests.Game.BlackJack.GameLogicTest" file="/home/ubuntu/dbwebbkurser/mvc/me/report/tests/Game/BlackJack/BlackJack/GameLogicTest.php" line="79" assertions="22" time="0.001924"/>
        <testcase name="testPlayerBust" class="App\Tests\Game\BlackJack\GameLogicTest" classname="App.Tests.Game.BlackJack.GameLogicTest" file="/home/ubuntu/dbwebbkurser/mvc/me/report/tests/Game/BlackJack/BlackJack/GameLogicTest.php" line="129" assertions="4" time="0.001160"/>
        <testcase name="testDealerBust" class="App\Tests\Game\BlackJack\GameLogicTest" classname="App.Tests.Game.BlackJack.GameLogicTest" file="/home/ubuntu/dbwebbkurser/mvc/me/report/tests/Game/BlackJack/BlackJack/GameLogicTest.php" line="183" assertions="2" time="0.001101"/>
        <testcase name="testPlayerWin" class="App\Tests\Game\BlackJack\GameLogicTest" classname="App.Tests.Game.BlackJack.GameLogicTest" file="/home/ubuntu/dbwebbkurser/mvc/me/report/tests/Game/BlackJack/BlackJack/GameLogicTest.php" line="220" assertions="1" time="0.001045"/>
        <testcase name="testDealerWin" class="App\Tests\Game\BlackJack\GameLogicTest" classname="App.Tests.Game.BlackJack.GameLogicTest" file="/home/ubuntu/dbwebbkurser/mvc/me/report/tests/Game/BlackJack/BlackJack/GameLogicTest.php" line="253" assertions="1" time="0.001167"/>
        <testcase name="testTie" class="App\Tests\Game\BlackJack\GameLogicTest" classname="App.Tests.Game.BlackJack.GameLogicTest" file="/home/ubuntu/dbwebbkurser/mvc/me/report/tests/Game/BlackJack/BlackJack/GameLogicTest.php" line="286" assertions="1" time="0.001069"/>
      </testsuite>
      <testsuite name="App\Tests\Game\BlackJack\PlayerTest" file="/home/ubuntu/dbwebbkurser/mvc/me/report/tests/Game/BlackJack/BlackJack/PlayerTest.php" tests="7" assertions="24" errors="0" warnings="0" failures="0" skipped="0" time="0.003434">
        <testcase name="testCreateObject" class="App\Tests\Game\BlackJack\PlayerTest" classname="App.Tests.Game.BlackJack.PlayerTest" file="/home/ubuntu/dbwebbkurser/mvc/me/report/tests/Game/BlackJack/BlackJack/PlayerTest.php" line="22" assertions="1" time="0.000349"/>
        <testcase name="testSettersAndGetters" class="App\Tests\Game\BlackJack\PlayerTest" classname="App.Tests.Game.BlackJack.PlayerTest" file="/home/ubuntu/dbwebbkurser/mvc/me/report/tests/Game/BlackJack/BlackJack/PlayerTest.php" line="35" assertions="9" time="0.000420"/>
        <testcase name="testChangeCredits" class="App\Tests\Game\BlackJack\PlayerTest" classname="App.Tests.Game.BlackJack.PlayerTest" file="/home/ubuntu/dbwebbkurser/mvc/me/report/tests/Game/BlackJack/BlackJack/PlayerTest.php" line="64" assertions="2" time="0.000353"/>
        <testcase name="testBet" class="App\Tests\Game\BlackJack\PlayerTest" classname="App.Tests.Game.BlackJack.PlayerTest" file="/home/ubuntu/dbwebbkurser/mvc/me/report/tests/Game/BlackJack/BlackJack/PlayerTest.php" line="88" assertions="5" time="0.000406"/>
        <testcase name="testBooleans" class="App\Tests\Game\BlackJack\PlayerTest" classname="App.Tests.Game.BlackJack.PlayerTest" file="/home/ubuntu/dbwebbkurser/mvc/me/report/tests/Game/BlackJack/BlackJack/PlayerTest.php" line="123" assertions="4" time="0.000907"/>
        <testcase name="testGetValue" class="App\Tests\Game\BlackJack\PlayerTest" classname="App.Tests.Game.BlackJack.PlayerTest" file="/home/ubuntu/dbwebbkurser/mvc/me/report/tests/Game/BlackJack/BlackJack/PlayerTest.php" line="156" assertions="1" time="0.000450"/>
        <testcase name="testDropHand" class="App\Tests\Game\BlackJack\PlayerTest" classname="App.Tests.Game.BlackJack.PlayerTest" file="/home/ubuntu/dbwebbkurser/mvc/me/report/tests/Game/BlackJack/BlackJack/PlayerTest.php" line="176" assertions="2" time="0.000551"/>
      </testsuite>
      <testsuite name="App\Tests\Game\BlackJackTest" file="/home/ubuntu/dbwebbkurser/mvc/me/report/tests/Game/BlackJack/BlackJackTest.php" tests="8" assertions="23" errors="0" warnings="0" failures="0" skipped="0" time="0.010746">
        <testcase name="testCreateObject" class="App\Tests\Game\BlackJackTest" classname="App.Tests.Game.BlackJackTest" file="/home/ubuntu/dbwebbkurser/mvc/me/report/tests/Game/BlackJack/BlackJackTest.php" line="26" assertions="2" time="0.001543"/>
        <testcase name="testToFewPlayers" class="App\Tests\Game\BlackJackTest" classname="App.Tests.Game.BlackJackTest" file="/home/ubuntu/dbwebbkurser/mvc/me/report/tests/Game/BlackJack/BlackJackTest.php" line="42" assertions="2" time="0.000348"/>
        <testcase name="testToManyPlayers" class="App\Tests\Game\BlackJackTest" classname="App.Tests.Game.BlackJackTest" file="/home/ubuntu/dbwebbkurser/mvc/me/report/tests/Game/BlackJack/BlackJackTest.php" line="54" assertions="2" time="0.000343"/>
        <testcase name="testBooleans" class="App\Tests\Game\BlackJackTest" classname="App.Tests.Game.BlackJackTest" file="/home/ubuntu/dbwebbkurser/mvc/me/report/tests/Game/BlackJack/BlackJackTest.php" line="68" assertions="2" time="0.001464"/>
        <testcase name="testSettersAndGetters" class="App\Tests\Game\BlackJackTest" classname="App.Tests.Game.BlackJackTest" file="/home/ubuntu/dbwebbkurser/mvc/me/report/tests/Game/BlackJack/BlackJackTest.php" line="88" assertions="9" time="0.001600"/>
        <testcase name="testStayPlayer" class="App\Tests\Game\BlackJackTest" classname="App.Tests.Game.BlackJackTest" file="/home/ubuntu/dbwebbkurser/mvc/me/report/tests/Game/BlackJack/BlackJackTest.php" line="163" assertions="1" time="0.001621"/>
        <testcase name="testHitPlayer" class="App\Tests\Game\BlackJackTest" classname="App.Tests.Game.BlackJackTest" file="/home/ubuntu/dbwebbkurser/mvc/me/report/tests/Game/BlackJack/BlackJackTest.php" line="185" assertions="2" time="0.001609"/>
        <testcase name="testDoubleDownPlayer" class="App\Tests\Game\BlackJackTest" classname="App.Tests.Game.BlackJackTest" file="/home/ubuntu/dbwebbkurser/mvc/me/report/tests/Game/BlackJack/BlackJackTest.php" line="216" assertions="3" time="0.002217"/>
      </testsuite>
      <testsuite name="App\Tests\Repository\BookRepositoryTest" file="/home/ubuntu/dbwebbkurser/mvc/me/report/tests/Repository/BookRepositoryTest.php" tests="1" assertions="62" errors="0" warnings="0" failures="0" skipped="0" time="0.034118">
        <testcase name="testCRUD" class="App\Tests\Repository\BookRepositoryTest" classname="App.Tests.Repository.BookRepositoryTest" file="/home/ubuntu/dbwebbkurser/mvc/me/report/tests/Repository/BookRepositoryTest.php" line="327" assertions="62" time="0.034118"/>
      </testsuite>
      <testsuite name="App\Tests\Repository\ProductRepositoryTest" file="/home/ubuntu/dbwebbkurser/mvc/me/report/tests/Repository/ProductRepositoryTest.php" tests="2" assertions="6" errors="0" warnings="0" failures="0" skipped="0" time="0.037620">
        <testcase name="testFindByMinimumValue" class="App\Tests\Repository\ProductRepositoryTest" classname="App.Tests.Repository.ProductRepositoryTest" file="/home/ubuntu/dbwebbkurser/mvc/me/report/tests/Repository/ProductRepositoryTest.php" line="76" assertions="3" time="0.018678"/>
        <testcase name="testFindByMinimumValue2" class="App\Tests\Repository\ProductRepositoryTest" classname="App.Tests.Repository.ProductRepositoryTest" file="/home/ubuntu/dbwebbkurser/mvc/me/report/tests/Repository/ProductRepositoryTest.php" line="92" assertions="3" time="0.018942"/>
      </testsuite>
      <testsuite name="App\Tests\UploadManagerTest" file="/home/ubuntu/dbwebbkurser/mvc/me/report/tests/UploadManagerTest.php" tests="6" assertions="15" errors="0" warnings="0" failures="0" skipped="0" time="0.028805">
        <testcase name="testCreateObject" class="App\Tests\UploadManagerTest" classname="App.Tests.UploadManagerTest" file="/home/ubuntu/dbwebbkurser/mvc/me/report/tests/UploadManagerTest.php" line="82" assertions="1" time="0.001020"/>
        <testcase name="testGetters" class="App\Tests\UploadManagerTest" classname="App.Tests.UploadManagerTest" file="/home/ubuntu/dbwebbkurser/mvc/me/report/tests/UploadManagerTest.php" line="93" assertions="3" time="0.001105"/>
        <testcase name="testSaveUploadedFile" class="App\Tests\UploadManagerTest" classname="App.Tests.UploadManagerTest" file="/home/ubuntu/dbwebbkurser/mvc/me/report/tests/UploadManagerTest.php" line="112" assertions="3" time="0.020709"/>
        <testcase name="testSaveUploadedFileInvalidFileType" class="App\Tests\UploadManagerTest" classname="App.Tests.UploadManagerTest" file="/home/ubuntu/dbwebbkurser/mvc/me/report/tests/UploadManagerTest.php" line="144" assertions="2" time="0.001926"/>
        <testcase name="testSaveUploadedFileMoveException" class="App\Tests\UploadManagerTest" classname="App.Tests.UploadManagerTest" file="/home/ubuntu/dbwebbkurser/mvc/me/report/tests/UploadManagerTest.php" line="168" assertions="3" time="0.002717"/>
        <testcase name="testDeleteUploadedFile" class="App\Tests\UploadManagerTest" classname="App.Tests.UploadManagerTest" file="/home/ubuntu/dbwebbkurser/mvc/me/report/tests/UploadManagerTest.php" line="196" assertions="3" time="0.001328"/>
      </testsuite>
    </testsuite>
  </testsuite>
</testsuites>
